<?xml version="1.0" encoding="UTF-8"?>
<coverage generated="1679594801658" clover="3.2.0">
  <project timestamp="1679594801659" name="All files">
    <metrics statements="785" coveredstatements="785" conditionals="495" coveredconditionals="495" methods="173" coveredmethods="173" elements="1453" coveredelements="1453" complexity="0" loc="785" ncloc="785" packages="15" files="53" classes="53"/>
    <package name="lib.parsers.server">
      <metrics statements="37" coveredstatements="37" conditionals="126" coveredconditionals="126" methods="2" coveredmethods="2"/>
      <file name="index.ts" path="/Users/danielwerner/Repos/leasing-application-webclient/src/lib/parsers.server/index.ts">
        <metrics statements="37" coveredstatements="37" conditionals="126" coveredconditionals="126" methods="2" coveredmethods="2"/>
        <line num="2" count="2" type="stmt"/>
        <line num="8" count="2" type="stmt"/>
        <line num="15" count="2" type="stmt"/>
        <line num="16" count="2" type="stmt"/>
        <line num="18" count="2" type="stmt"/>
        <line num="19" count="2" type="stmt"/>
        <line num="20" count="2" type="stmt"/>
        <line num="21" count="2" type="stmt"/>
        <line num="22" count="2" type="stmt"/>
        <line num="23" count="2" type="stmt"/>
        <line num="24" count="2" type="stmt"/>
        <line num="26" count="2" type="stmt"/>
        <line num="35" count="2" type="stmt"/>
        <line num="44" count="2" type="stmt"/>
        <line num="47" count="19" type="stmt"/>
        <line num="53" count="19" type="cond" truecount="4" falsecount="0"/>
        <line num="55" count="19" type="stmt"/>
        <line num="57" count="114" type="stmt"/>
        <line num="58" count="114" type="stmt"/>
        <line num="59" count="114" type="cond" truecount="1" falsecount="0"/>
        <line num="60" count="1" type="stmt"/>
        <line num="66" count="113" type="stmt"/>
        <line num="70" count="113" type="stmt"/>
        <line num="78" count="19" type="stmt"/>
        <line num="80" count="19" type="cond" truecount="1" falsecount="0"/>
        <line num="85" count="15" type="stmt"/>
        <line num="88" count="19" type="stmt"/>
        <line num="89" count="19" type="stmt"/>
        <line num="93" count="19" type="cond" truecount="1" falsecount="0"/>
        <line num="94" count="3" type="cond" truecount="4" falsecount="0"/>
        <line num="101" count="3" type="stmt"/>
        <line num="102" count="3" type="stmt"/>
        <line num="103" count="3" type="stmt"/>
        <line num="104" count="3" type="stmt"/>
        <line num="105" count="3" type="stmt"/>
        <line num="106" count="3" type="stmt"/>
        <line num="110" count="19" type="stmt"/>
      </file>
    </package>
    <package name="lib.parsers.server.form-data">
      <metrics statements="78" coveredstatements="78" conditionals="74" coveredconditionals="74" methods="38" coveredmethods="38"/>
      <file name="coapplicants.parser.ts" path="/Users/danielwerner/Repos/leasing-application-webclient/src/lib/parsers.server/form-data/coapplicants.parser.ts">
        <metrics statements="11" coveredstatements="11" conditionals="5" coveredconditionals="5" methods="7" coveredmethods="7"/>
        <line num="10" count="3" type="stmt"/>
        <line num="14" count="2" type="stmt"/>
        <line num="25" count="2" type="stmt"/>
        <line num="35" count="20" type="stmt"/>
        <line num="48" count="2" type="stmt"/>
        <line num="49" count="1" type="stmt"/>
        <line num="63" count="2" type="cond" truecount="3" falsecount="0"/>
        <line num="64" count="1" type="stmt"/>
        <line num="65" count="1" type="stmt"/>
        <line num="75" count="1" type="stmt"/>
        <line num="79" count="3" type="stmt"/>
      </file>
      <file name="documents.parser.ts" path="/Users/danielwerner/Repos/leasing-application-webclient/src/lib/parsers.server/form-data/documents.parser.ts">
        <metrics statements="5" coveredstatements="5" conditionals="0" coveredconditionals="0" methods="3" coveredmethods="3"/>
        <line num="4" count="3" type="stmt"/>
        <line num="8" count="1" type="stmt"/>
        <line num="17" count="1" type="stmt"/>
        <line num="23" count="20" type="stmt"/>
        <line num="32" count="3" type="stmt"/>
      </file>
      <file name="employment.parser.ts" path="/Users/danielwerner/Repos/leasing-application-webclient/src/lib/parsers.server/form-data/employment.parser.ts">
        <metrics statements="15" coveredstatements="15" conditionals="27" coveredconditionals="27" methods="7" coveredmethods="7"/>
        <line num="10" count="3" type="stmt"/>
        <line num="17" count="5" type="stmt"/>
        <line num="18" count="5" type="stmt"/>
        <line num="20" count="5" type="stmt"/>
        <line num="49" count="5" type="stmt"/>
        <line num="50" count="5" type="stmt"/>
        <line num="52" count="5" type="stmt"/>
        <line num="80" count="20" type="stmt"/>
        <line num="109" count="5" type="stmt"/>
        <line num="110" count="4" type="stmt"/>
        <line num="122" count="5" type="cond" truecount="3" falsecount="0"/>
        <line num="123" count="4" type="stmt"/>
        <line num="124" count="4" type="stmt"/>
        <line num="132" count="1" type="stmt"/>
        <line num="136" count="3" type="stmt"/>
      </file>
      <file name="general.parser.ts" path="/Users/danielwerner/Repos/leasing-application-webclient/src/lib/parsers.server/form-data/general.parser.ts">
        <metrics statements="6" coveredstatements="6" conditionals="8" coveredconditionals="8" methods="3" coveredmethods="3"/>
        <line num="2" count="3" type="stmt"/>
        <line num="5" count="3" type="stmt"/>
        <line num="9" count="19" type="stmt"/>
        <line num="33" count="4" type="stmt"/>
        <line num="57" count="3" type="stmt"/>
        <line num="81" count="3" type="stmt"/>
      </file>
      <file name="personal-details.parser.ts" path="/Users/danielwerner/Repos/leasing-application-webclient/src/lib/parsers.server/form-data/personal-details.parser.ts">
        <metrics statements="28" coveredstatements="28" conditionals="32" coveredconditionals="32" methods="13" coveredmethods="13"/>
        <line num="13" count="3" type="stmt"/>
        <line num="14" count="3" type="stmt"/>
        <line num="21" count="6" type="stmt"/>
        <line num="22" count="6" type="stmt"/>
        <line num="65" count="8" type="stmt"/>
        <line num="66" count="8" type="stmt"/>
        <line num="113" count="20" type="stmt"/>
        <line num="151" count="8" type="cond" truecount="1" falsecount="0"/>
        <line num="152" count="5" type="stmt"/>
        <line num="155" count="3" type="cond" truecount="1" falsecount="0"/>
        <line num="156" count="1" type="stmt"/>
        <line num="159" count="2" type="stmt"/>
        <line num="163" count="6" type="stmt"/>
        <line num="164" count="5" type="stmt"/>
        <line num="178" count="6" type="stmt"/>
        <line num="179" count="5" type="stmt"/>
        <line num="192" count="8" type="cond" truecount="3" falsecount="0"/>
        <line num="193" count="7" type="stmt"/>
        <line num="194" count="7" type="stmt"/>
        <line num="205" count="1" type="stmt"/>
        <line num="212" count="8" type="cond" truecount="3" falsecount="0"/>
        <line num="213" count="7" type="stmt"/>
        <line num="214" count="7" type="stmt"/>
        <line num="223" count="1" type="stmt"/>
        <line num="230" count="8" type="cond" truecount="3" falsecount="0"/>
        <line num="231" count="7" type="stmt"/>
        <line num="234" count="1" type="stmt"/>
        <line num="238" count="3" type="stmt"/>
      </file>
      <file name="residence.parser.ts" path="/Users/danielwerner/Repos/leasing-application-webclient/src/lib/parsers.server/form-data/residence.parser.ts">
        <metrics statements="13" coveredstatements="13" conditionals="2" coveredconditionals="2" methods="5" coveredmethods="5"/>
        <line num="1" count="3" type="stmt"/>
        <line num="4" count="3" type="stmt"/>
        <line num="7" count="3" type="stmt"/>
        <line num="8" count="3" type="stmt"/>
        <line num="10" count="3" type="stmt"/>
        <line num="16" count="1" type="stmt"/>
        <line num="17" count="1" type="stmt"/>
        <line num="30" count="1" type="stmt"/>
        <line num="49" count="2" type="stmt"/>
        <line num="50" count="2" type="stmt"/>
        <line num="65" count="1" type="stmt"/>
        <line num="81" count="20" type="stmt"/>
        <line num="101" count="3" type="stmt"/>
      </file>
    </package>
    <package name="lib.parsers.server.integration-data">
      <metrics statements="19" coveredstatements="19" conditionals="13" coveredconditionals="13" methods="11" coveredmethods="11"/>
      <file name="files.parser.ts" path="/Users/danielwerner/Repos/leasing-application-webclient/src/lib/parsers.server/integration-data/files.parser.ts">
        <metrics statements="19" coveredstatements="19" conditionals="13" coveredconditionals="13" methods="11" coveredmethods="11"/>
        <line num="15" count="20" type="cond" truecount="2" falsecount="0"/>
        <line num="19" count="3" type="stmt"/>
        <line num="20" count="3" type="stmt"/>
        <line num="22" count="3" type="stmt"/>
        <line num="31" count="21" type="stmt"/>
        <line num="35" count="12" type="stmt"/>
        <line num="36" count="20" type="stmt"/>
        <line num="43" count="24" type="cond" truecount="3" falsecount="0"/>
        <line num="44" count="2" type="stmt"/>
        <line num="46" count="3" type="stmt"/>
        <line num="49" count="2" type="stmt"/>
        <line num="51" count="3" type="stmt"/>
        <line num="54" count="2" type="stmt"/>
        <line num="55" count="3" type="stmt"/>
        <line num="57" count="2" type="stmt"/>
        <line num="59" count="3" type="stmt"/>
        <line num="62" count="2" type="stmt"/>
        <line num="69" count="22" type="stmt"/>
        <line num="78" count="3" type="stmt"/>
      </file>
    </package>
    <package name="lib.request-handlers">
      <metrics statements="6" coveredstatements="6" conditionals="3" coveredconditionals="3" methods="1" coveredmethods="1"/>
      <file name="manage-route.ts" path="/Users/danielwerner/Repos/leasing-application-webclient/src/lib/request-handlers/manage-route.ts">
        <metrics statements="6" coveredstatements="6" conditionals="3" coveredconditionals="3" methods="1" coveredmethods="1"/>
        <line num="1" count="1" type="stmt"/>
        <line num="3" count="1" type="stmt"/>
        <line num="7" count="1" type="stmt"/>
        <line num="9" count="1" type="stmt"/>
        <line num="13" count="3" type="cond" truecount="1" falsecount="0"/>
        <line num="19" count="2" type="stmt"/>
      </file>
    </package>
    <package name="lib.request-handlers.shared">
      <metrics statements="13" coveredstatements="13" conditionals="5" coveredconditionals="5" methods="1" coveredmethods="1"/>
      <file name="authorize.ts" path="/Users/danielwerner/Repos/leasing-application-webclient/src/lib/request-handlers/shared/authorize.ts">
        <metrics statements="13" coveredstatements="13" conditionals="5" coveredconditionals="5" methods="1" coveredmethods="1"/>
        <line num="1" count="2" type="stmt"/>
        <line num="3" count="2" type="stmt"/>
        <line num="4" count="2" type="stmt"/>
        <line num="6" count="2" type="stmt"/>
        <line num="7" count="2" type="stmt"/>
        <line num="9" count="2" type="stmt"/>
        <line num="10" count="7" type="cond" truecount="2" falsecount="0"/>
        <line num="11" count="7" type="stmt"/>
        <line num="12" count="7" type="cond" truecount="3" falsecount="0"/>
        <line num="13" count="6" type="stmt"/>
        <line num="14" count="6" type="stmt"/>
        <line num="17" count="6" type="stmt"/>
        <line num="19" count="1" type="stmt"/>
      </file>
    </package>
    <package name="lib.schemas">
      <metrics statements="40" coveredstatements="40" conditionals="22" coveredconditionals="22" methods="4" coveredmethods="4"/>
      <file name="bank-account.schema.ts" path="/Users/danielwerner/Repos/leasing-application-webclient/src/lib/schemas/bank-account.schema.ts">
        <metrics statements="5" coveredstatements="5" conditionals="0" coveredconditionals="0" methods="0" coveredmethods="0"/>
        <line num="1" count="1" type="stmt"/>
        <line num="3" count="1" type="stmt"/>
        <line num="5" count="1" type="stmt"/>
        <line num="30" count="1" type="stmt"/>
        <line num="32" count="1" type="stmt"/>
      </file>
      <file name="manage-applicants.schema.ts" path="/Users/danielwerner/Repos/leasing-application-webclient/src/lib/schemas/manage-applicants.schema.ts">
        <metrics statements="15" coveredstatements="15" conditionals="17" coveredconditionals="17" methods="2" coveredmethods="2"/>
        <line num="1" count="1" type="stmt"/>
        <line num="3" count="1" type="stmt"/>
        <line num="5" count="1" type="stmt"/>
        <line num="7" count="1" type="stmt"/>
        <line num="16" count="6" type="cond" truecount="1" falsecount="0"/>
        <line num="17" count="1" type="stmt"/>
        <line num="20" count="5" type="cond" truecount="1" falsecount="0"/>
        <line num="24" count="1" type="stmt"/>
        <line num="32" count="4" type="cond" truecount="8" falsecount="0"/>
        <line num="33" count="2" type="stmt"/>
        <line num="36" count="4" type="cond" truecount="1" falsecount="0"/>
        <line num="37" count="1" type="stmt"/>
        <line num="44" count="3" type="stmt"/>
        <line num="48" count="1" type="stmt"/>
        <line num="50" count="1" type="stmt"/>
      </file>
      <file name="validations.ts" path="/Users/danielwerner/Repos/leasing-application-webclient/src/lib/schemas/validations.ts">
        <metrics statements="20" coveredstatements="20" conditionals="5" coveredconditionals="5" methods="2" coveredmethods="2"/>
        <line num="1" count="10" type="stmt"/>
        <line num="2" count="10" type="stmt"/>
        <line num="4" count="10" type="stmt"/>
        <line num="5" count="10" type="stmt"/>
        <line num="6" count="10" type="stmt"/>
        <line num="8" count="10" type="stmt"/>
        <line num="9" count="10" type="stmt"/>
        <line num="12" count="10" type="stmt"/>
        <line num="16" count="10" type="stmt"/>
        <line num="19" count="30" type="stmt"/>
        <line num="20" count="30" type="stmt"/>
        <line num="21" count="30" type="cond" truecount="3" falsecount="0"/>
        <line num="22" count="25" type="stmt"/>
        <line num="24" count="5" type="cond" truecount="2" falsecount="0"/>
        <line num="25" count="2" type="stmt"/>
        <line num="29" count="3" type="stmt"/>
        <line num="35" count="10" type="stmt"/>
        <line num="40" count="10" type="stmt"/>
        <line num="45" count="10" type="stmt"/>
        <line num="49" count="32" type="stmt"/>
      </file>
    </package>
    <package name="lib.schemas.form-data">
      <metrics statements="94" coveredstatements="94" conditionals="33" coveredconditionals="33" methods="19" coveredmethods="19"/>
      <file name="coapplicants.schema.ts" path="/Users/danielwerner/Repos/leasing-application-webclient/src/lib/schemas/form-data/coapplicants.schema.ts">
        <metrics statements="20" coveredstatements="20" conditionals="12" coveredconditionals="12" methods="3" coveredmethods="3"/>
        <line num="1" count="1" type="stmt"/>
        <line num="3" count="1" type="stmt"/>
        <line num="4" count="1" type="stmt"/>
        <line num="5" count="1" type="stmt"/>
        <line num="7" count="1" type="stmt"/>
        <line num="17" count="7" type="cond" truecount="3" falsecount="0"/>
        <line num="18" count="1" type="stmt"/>
        <line num="21" count="6" type="cond" truecount="1" falsecount="0"/>
        <line num="25" count="1" type="stmt"/>
        <line num="30" count="5" type="stmt"/>
        <line num="31" count="8" type="stmt"/>
        <line num="34" count="5" type="cond" truecount="1" falsecount="0"/>
        <line num="35" count="1" type="stmt"/>
        <line num="40" count="4" type="stmt"/>
        <line num="44" count="1" type="stmt"/>
        <line num="49" count="14" type="cond" truecount="1" falsecount="0"/>
        <line num="50" count="2" type="stmt"/>
        <line num="52" count="12" type="stmt"/>
        <line num="68" count="1" type="stmt"/>
        <line num="70" count="1" type="stmt"/>
      </file>
      <file name="documents.schema.ts" path="/Users/danielwerner/Repos/leasing-application-webclient/src/lib/schemas/form-data/documents.schema.ts">
        <metrics statements="5" coveredstatements="5" conditionals="0" coveredconditionals="0" methods="0" coveredmethods="0"/>
        <line num="1" count="1" type="stmt"/>
        <line num="3" count="1" type="stmt"/>
        <line num="5" count="1" type="stmt"/>
        <line num="12" count="1" type="stmt"/>
        <line num="14" count="1" type="stmt"/>
      </file>
      <file name="employment.schema.ts" path="/Users/danielwerner/Repos/leasing-application-webclient/src/lib/schemas/form-data/employment.schema.ts">
        <metrics statements="13" coveredstatements="13" conditionals="3" coveredconditionals="3" methods="2" coveredmethods="2"/>
        <line num="1" count="1" type="stmt"/>
        <line num="3" count="1" type="stmt"/>
        <line num="7" count="1" type="stmt"/>
        <line num="9" count="1" type="stmt"/>
        <line num="15" count="1" type="stmt"/>
        <line num="38" count="14" type="cond" truecount="2" falsecount="0"/>
        <line num="39" count="4" type="stmt"/>
        <line num="41" count="10" type="stmt"/>
        <line num="52" count="14" type="cond" truecount="1" falsecount="0"/>
        <line num="53" count="4" type="stmt"/>
        <line num="56" count="10" type="stmt"/>
        <line num="86" count="1" type="stmt"/>
        <line num="88" count="1" type="stmt"/>
      </file>
      <file name="general.schema.ts" path="/Users/danielwerner/Repos/leasing-application-webclient/src/lib/schemas/form-data/general.schema.ts">
        <metrics statements="10" coveredstatements="10" conditionals="1" coveredconditionals="1" methods="1" coveredmethods="1"/>
        <line num="1" count="1" type="stmt"/>
        <line num="3" count="1" type="stmt"/>
        <line num="8" count="1" type="stmt"/>
        <line num="9" count="1" type="stmt"/>
        <line num="11" count="1" type="stmt"/>
        <line num="15" count="10" type="cond" truecount="1" falsecount="0"/>
        <line num="16" count="2" type="stmt"/>
        <line num="18" count="8" type="stmt"/>
        <line num="45" count="1" type="stmt"/>
        <line num="47" count="1" type="stmt"/>
      </file>
      <file name="personal-details.schema.ts" path="/Users/danielwerner/Repos/leasing-application-webclient/src/lib/schemas/form-data/personal-details.schema.ts">
        <metrics statements="20" coveredstatements="20" conditionals="11" coveredconditionals="11" methods="7" coveredmethods="7"/>
        <line num="1" count="1" type="stmt"/>
        <line num="2" count="1" type="stmt"/>
        <line num="4" count="1" type="stmt"/>
        <line num="9" count="1" type="stmt"/>
        <line num="11" count="1" type="stmt"/>
        <line num="25" count="1" type="stmt"/>
        <line num="45" count="1" type="stmt"/>
        <line num="52" count="1" type="stmt"/>
        <line num="57" count="11" type="stmt"/>
        <line num="59" count="11" type="stmt"/>
        <line num="146" count="38" type="cond" truecount="1" falsecount="0"/>
        <line num="147" count="4" type="stmt"/>
        <line num="150" count="34" type="stmt"/>
        <line num="158" count="36" type="cond" truecount="2" falsecount="0"/>
        <line num="166" count="36" type="stmt"/>
        <line num="177" count="36" type="cond" truecount="2" falsecount="0"/>
        <line num="188" count="38" type="cond" truecount="2" falsecount="0"/>
        <line num="202" count="36" type="stmt"/>
        <line num="234" count="1" type="stmt"/>
        <line num="236" count="1" type="stmt"/>
      </file>
      <file name="residence.schema.ts" path="/Users/danielwerner/Repos/leasing-application-webclient/src/lib/schemas/form-data/residence.schema.ts">
        <metrics statements="26" coveredstatements="26" conditionals="6" coveredconditionals="6" methods="6" coveredmethods="6"/>
        <line num="1" count="4" type="stmt"/>
        <line num="3" count="4" type="stmt"/>
        <line num="5" count="4" type="stmt"/>
        <line num="6" count="4" type="stmt"/>
        <line num="8" count="4" type="stmt"/>
        <line num="10" count="4" type="stmt"/>
        <line num="20" count="19" type="cond" truecount="2" falsecount="0"/>
        <line num="21" count="14" type="stmt"/>
        <line num="23" count="5" type="stmt"/>
        <line num="32" count="20" type="cond" truecount="1" falsecount="0"/>
        <line num="33" count="14" type="stmt"/>
        <line num="36" count="6" type="stmt"/>
        <line num="42" count="20" type="cond" truecount="1" falsecount="0"/>
        <line num="43" count="14" type="stmt"/>
        <line num="46" count="6" type="stmt"/>
        <line num="54" count="21" type="cond" truecount="1" falsecount="0"/>
        <line num="55" count="14" type="stmt"/>
        <line num="58" count="7" type="stmt"/>
        <line num="62" count="4" type="stmt"/>
        <line num="67" count="8" type="stmt"/>
        <line num="69" count="8" type="cond" truecount="1" falsecount="0"/>
        <line num="70" count="2" type="stmt"/>
        <line num="73" count="6" type="stmt"/>
        <line num="79" count="1" type="stmt"/>
        <line num="95" count="4" type="stmt"/>
        <line num="97" count="4" type="stmt"/>
      </file>
    </package>
    <package name="lib.utils">
      <metrics statements="271" coveredstatements="271" conditionals="82" coveredconditionals="82" methods="53" coveredmethods="53"/>
      <file name="application-data.ts" path="/Users/danielwerner/Repos/leasing-application-webclient/src/lib/utils/application-data.ts">
        <metrics statements="3" coveredstatements="3" conditionals="0" coveredconditionals="0" methods="1" coveredmethods="1"/>
        <line num="1" count="1" type="stmt"/>
        <line num="3" count="1" type="stmt"/>
        <line num="7" count="22" type="stmt"/>
      </file>
      <file name="application-fee.ts" path="/Users/danielwerner/Repos/leasing-application-webclient/src/lib/utils/application-fee.ts">
        <metrics statements="4" coveredstatements="4" conditionals="2" coveredconditionals="2" methods="1" coveredmethods="1"/>
        <line num="1" count="2" type="stmt"/>
        <line num="3" count="2" type="stmt"/>
        <line num="8" count="2" type="stmt"/>
        <line num="9" count="7" type="cond" truecount="2" falsecount="0"/>
      </file>
      <file name="cards.ts" path="/Users/danielwerner/Repos/leasing-application-webclient/src/lib/utils/cards.ts">
        <metrics statements="6" coveredstatements="6" conditionals="0" coveredconditionals="0" methods="2" coveredmethods="2"/>
        <line num="1" count="1" type="stmt"/>
        <line num="3" count="1" type="stmt"/>
        <line num="4" count="3" type="stmt"/>
        <line num="13" count="1" type="stmt"/>
        <line num="17" count="1" type="stmt"/>
        <line num="18" count="1" type="stmt"/>
      </file>
      <file name="cookie-management.ts" path="/Users/danielwerner/Repos/leasing-application-webclient/src/lib/utils/cookie-management.ts">
        <metrics statements="22" coveredstatements="22" conditionals="21" coveredconditionals="21" methods="4" coveredmethods="4"/>
        <line num="7" count="5" type="stmt"/>
        <line num="13" count="4" type="stmt"/>
        <line num="14" count="4" type="cond" truecount="6" falsecount="0"/>
        <line num="15" count="1" type="stmt"/>
        <line num="16" count="3" type="cond" truecount="5" falsecount="0"/>
        <line num="17" count="1" type="stmt"/>
        <line num="20" count="4" type="stmt"/>
        <line num="22" count="4" type="cond" truecount="5" falsecount="0"/>
        <line num="23" count="3" type="stmt"/>
        <line num="26" count="4" type="stmt"/>
        <line num="29" count="5" type="stmt"/>
        <line num="35" count="1" type="stmt"/>
        <line num="41" count="5" type="stmt"/>
        <line num="42" count="7" type="cond" truecount="1" falsecount="0"/>
        <line num="43" count="2" type="stmt"/>
        <line num="46" count="5" type="stmt"/>
        <line num="47" count="5" type="stmt"/>
        <line num="48" count="10" type="stmt"/>
        <line num="50" count="10" type="cond" truecount="3" falsecount="0"/>
        <line num="51" count="2" type="stmt"/>
        <line num="54" count="8" type="stmt"/>
        <line num="60" count="5" type="stmt"/>
      </file>
      <file name="date-input.ts" path="/Users/danielwerner/Repos/leasing-application-webclient/src/lib/utils/date-input.ts">
        <metrics statements="35" coveredstatements="35" conditionals="3" coveredconditionals="3" methods="3" coveredmethods="3"/>
        <line num="1" count="1" type="stmt"/>
        <line num="9" count="1" type="stmt"/>
        <line num="10" count="30" type="stmt"/>
        <line num="11" count="30" type="stmt"/>
        <line num="12" count="30" type="stmt"/>
        <line num="13" count="914" type="stmt"/>
        <line num="19" count="30" type="stmt"/>
        <line num="22" count="1" type="stmt"/>
        <line num="23" count="2" type="stmt"/>
        <line num="24" count="2" type="stmt"/>
        <line num="25" count="2" type="stmt"/>
        <line num="27" count="2" type="stmt"/>
        <line num="30" count="2" type="stmt"/>
        <line num="31" count="2" type="cond" truecount="1" falsecount="0"/>
        <line num="32" count="2" type="stmt"/>
        <line num="33" count="2" type="stmt"/>
        <line num="34" count="2" type="cond" truecount="1" falsecount="0"/>
        <line num="35" count="1" type="stmt"/>
        <line num="36" count="1" type="stmt"/>
        <line num="38" count="2" type="stmt"/>
        <line num="41" count="2" type="stmt"/>
        <line num="44" count="2" type="stmt"/>
        <line num="45" count="2" type="stmt"/>
        <line num="47" count="2" type="cond" truecount="1" falsecount="0"/>
        <line num="48" count="1" type="stmt"/>
        <line num="49" count="1" type="stmt"/>
        <line num="52" count="2" type="stmt"/>
        <line num="53" count="2" type="stmt"/>
        <line num="56" count="2" type="stmt"/>
        <line num="59" count="1" type="stmt"/>
        <line num="60" count="1" type="stmt"/>
        <line num="61" count="1" type="stmt"/>
        <line num="62" count="21" type="stmt"/>
        <line num="64" count="1" type="stmt"/>
        <line num="67" count="1" type="stmt"/>
      </file>
      <file name="date.ts" path="/Users/danielwerner/Repos/leasing-application-webclient/src/lib/utils/date.ts">
        <metrics statements="51" coveredstatements="51" conditionals="6" coveredconditionals="6" methods="10" coveredmethods="10"/>
        <line num="1" count="6" type="stmt"/>
        <line num="2" count="6" type="stmt"/>
        <line num="6" count="6" type="stmt"/>
        <line num="13" count="6" type="stmt"/>
        <line num="14" count="6" type="stmt"/>
        <line num="16" count="6" type="stmt"/>
        <line num="18" count="6" type="stmt"/>
        <line num="19" count="59" type="stmt"/>
        <line num="20" count="59" type="stmt"/>
        <line num="24" count="59" type="stmt"/>
        <line num="26" count="59" type="cond" truecount="1" falsecount="0"/>
        <line num="27" count="30" type="stmt"/>
        <line num="30" count="29" type="cond" truecount="1" falsecount="0"/>
        <line num="31" count="28" type="stmt"/>
        <line num="33" count="28" type="stmt"/>
        <line num="36" count="1" type="stmt"/>
        <line num="41" count="6" type="stmt"/>
        <line num="42" count="28" type="stmt"/>
        <line num="45" count="6" type="stmt"/>
        <line num="46" count="56" type="stmt"/>
        <line num="48" count="56" type="stmt"/>
        <line num="51" count="6" type="stmt"/>
        <line num="54" count="1" type="stmt"/>
        <line num="56" count="1" type="stmt"/>
        <line num="59" count="6" type="stmt"/>
        <line num="63" count="3" type="stmt"/>
        <line num="64" count="3" type="stmt"/>
        <line num="66" count="3" type="stmt"/>
        <line num="68" count="3" type="cond" truecount="1" falsecount="0"/>
        <line num="69" count="1" type="stmt"/>
        <line num="76" count="2" type="stmt"/>
        <line num="77" count="2" type="cond" truecount="1" falsecount="0"/>
        <line num="78" count="1" type="stmt"/>
        <line num="84" count="1" type="stmt"/>
        <line num="90" count="6" type="stmt"/>
        <line num="91" count="18" type="stmt"/>
        <line num="92" count="19" type="cond" truecount="1" falsecount="0"/>
        <line num="93" count="3" type="stmt"/>
        <line num="96" count="16" type="stmt"/>
        <line num="97" count="16" type="stmt"/>
        <line num="99" count="16" type="stmt"/>
        <line num="102" count="6" type="stmt"/>
        <line num="106" count="5" type="cond" truecount="1" falsecount="0"/>
        <line num="107" count="1" type="stmt"/>
        <line num="110" count="7" type="stmt"/>
        <line num="112" count="4" type="stmt"/>
        <line num="114" count="4" type="stmt"/>
        <line num="117" count="6" type="stmt"/>
        <line num="118" count="6" type="stmt"/>
        <line num="119" count="6" type="stmt"/>
        <line num="121" count="6" type="stmt"/>
      </file>
      <file name="dependents.ts" path="/Users/danielwerner/Repos/leasing-application-webclient/src/lib/utils/dependents.ts">
        <metrics statements="8" coveredstatements="8" conditionals="1" coveredconditionals="1" methods="2" coveredmethods="2"/>
        <line num="3" count="1" type="stmt"/>
        <line num="5" count="1" type="stmt"/>
        <line num="6" count="3" type="stmt"/>
        <line num="7" count="4" type="stmt"/>
        <line num="8" count="4" type="cond" truecount="1" falsecount="0"/>
        <line num="9" count="1" type="stmt"/>
        <line num="12" count="3" type="stmt"/>
        <line num="15" count="3" type="stmt"/>
      </file>
      <file name="enter-callback.ts" path="/Users/danielwerner/Repos/leasing-application-webclient/src/lib/utils/enter-callback.ts">
        <metrics statements="5" coveredstatements="5" conditionals="3" coveredconditionals="3" methods="2" coveredmethods="2"/>
        <line num="1" count="1" type="stmt"/>
        <line num="2" count="2" type="stmt"/>
        <line num="3" count="2" type="cond" truecount="3" falsecount="0"/>
        <line num="4" count="1" type="stmt"/>
        <line num="9" count="1" type="stmt"/>
      </file>
      <file name="get-credentials.server.ts" path="/Users/danielwerner/Repos/leasing-application-webclient/src/lib/utils/get-credentials.server.ts">
        <metrics statements="12" coveredstatements="12" conditionals="1" coveredconditionals="1" methods="1" coveredmethods="1"/>
        <line num="1" count="3" type="stmt"/>
        <line num="3" count="3" type="stmt"/>
        <line num="4" count="3" type="stmt"/>
        <line num="6" count="3" type="stmt"/>
        <line num="19" count="3" type="stmt"/>
        <line num="20" count="5" type="stmt"/>
        <line num="21" count="5" type="cond" truecount="1" falsecount="0"/>
        <line num="22" count="4" type="stmt"/>
        <line num="23" count="1" type="stmt"/>
        <line num="25" count="1" type="stmt"/>
        <line num="30" count="4" type="stmt"/>
        <line num="31" count="4" type="stmt"/>
      </file>
      <file name="get-last-four-digits.ts" path="/Users/danielwerner/Repos/leasing-application-webclient/src/lib/utils/get-last-four-digits.ts">
        <metrics statements="7" coveredstatements="7" conditionals="2" coveredconditionals="2" methods="1" coveredmethods="1"/>
        <line num="1" count="1" type="stmt"/>
        <line num="3" count="1" type="stmt"/>
        <line num="7" count="1" type="stmt"/>
        <line num="8" count="6" type="stmt"/>
        <line num="10" count="3" type="cond" truecount="2" falsecount="0"/>
        <line num="11" count="1" type="stmt"/>
        <line num="13" count="2" type="stmt"/>
      </file>
      <file name="get-payment-summary.ts" path="/Users/danielwerner/Repos/leasing-application-webclient/src/lib/utils/get-payment-summary.ts">
        <metrics statements="19" coveredstatements="19" conditionals="4" coveredconditionals="4" methods="3" coveredmethods="3"/>
        <line num="1" count="1" type="stmt"/>
        <line num="3" count="1" type="stmt"/>
        <line num="8" count="1" type="stmt"/>
        <line num="12" count="1" type="stmt"/>
        <line num="15" count="3" type="stmt"/>
        <line num="16" count="3" type="stmt"/>
        <line num="17" count="3" type="stmt"/>
        <line num="18" count="3" type="stmt"/>
        <line num="20" count="3" type="cond" truecount="2" falsecount="0"/>
        <line num="24" count="1" type="stmt"/>
        <line num="25" count="2" type="stmt"/>
        <line num="35" count="1" type="stmt"/>
        <line num="36" count="1" type="stmt"/>
        <line num="38" count="2" type="stmt"/>
        <line num="41" count="2" type="stmt"/>
        <line num="43" count="4" type="stmt"/>
        <line num="45" count="2" type="stmt"/>
        <line num="46" count="2" type="stmt"/>
        <line num="49" count="3" type="stmt"/>
      </file>
      <file name="gtm.ts" path="/Users/danielwerner/Repos/leasing-application-webclient/src/lib/utils/gtm.ts">
        <metrics statements="5" coveredstatements="5" conditionals="4" coveredconditionals="4" methods="1" coveredmethods="1"/>
        <line num="1" count="1" type="stmt"/>
        <line num="6" count="4" type="cond" truecount="1" falsecount="0"/>
        <line num="7" count="3" type="cond" truecount="1" falsecount="0"/>
        <line num="9" count="2" type="cond" truecount="2" falsecount="0"/>
        <line num="10" count="2" type="stmt"/>
      </file>
      <file name="json-casing-parser.ts" path="/Users/danielwerner/Repos/leasing-application-webclient/src/lib/utils/json-casing-parser.ts">
        <metrics statements="32" coveredstatements="32" conditionals="7" coveredconditionals="7" methods="7" coveredmethods="7"/>
        <line num="1" count="4" type="stmt"/>
        <line num="2" count="4" type="stmt"/>
        <line num="3" count="4" type="stmt"/>
        <line num="5" count="4" type="cond" truecount="2" falsecount="0"/>
        <line num="6" count="4" type="stmt"/>
        <line num="7" count="4" type="stmt"/>
        <line num="10" count="4" type="stmt"/>
        <line num="11" count="7" type="stmt"/>
        <line num="14" count="11" type="stmt"/>
        <line num="15" count="11" type="stmt"/>
        <line num="16" count="11" type="stmt"/>
        <line num="17" count="11" type="stmt"/>
        <line num="21" count="7" type="stmt"/>
        <line num="24" count="4" type="stmt"/>
        <line num="25" count="16" type="stmt"/>
        <line num="28" count="23" type="stmt"/>
        <line num="29" count="23" type="stmt"/>
        <line num="30" count="23" type="stmt"/>
        <line num="34" count="16" type="stmt"/>
        <line num="37" count="4" type="stmt"/>
        <line num="41" count="7" type="stmt"/>
        <line num="42" count="7" type="cond" truecount="2" falsecount="0"/>
        <line num="44" count="7" type="stmt"/>
        <line num="47" count="37" type="cond" truecount="1" falsecount="0"/>
        <line num="48" count="7" type="stmt"/>
        <line num="51" count="30" type="cond" truecount="1" falsecount="0"/>
        <line num="52" count="16" type="stmt"/>
        <line num="55" count="14" type="stmt"/>
        <line num="59" count="7" type="cond" truecount="1" falsecount="0"/>
        <line num="60" count="1" type="stmt"/>
        <line num="63" count="6" type="stmt"/>
        <line num="65" count="6" type="stmt"/>
      </file>
      <file name="parse-to-applicants-list.ts" path="/Users/danielwerner/Repos/leasing-application-webclient/src/lib/utils/parse-to-applicants-list.ts">
        <metrics statements="4" coveredstatements="4" conditionals="0" coveredconditionals="0" methods="2" coveredmethods="2"/>
        <line num="3" count="1" type="stmt"/>
        <line num="7" count="2" type="stmt"/>
        <line num="8" count="1" type="stmt"/>
        <line num="18" count="2" type="stmt"/>
      </file>
      <file name="payment-info.ts" path="/Users/danielwerner/Repos/leasing-application-webclient/src/lib/utils/payment-info.ts">
        <metrics statements="10" coveredstatements="10" conditionals="20" coveredconditionals="20" methods="1" coveredmethods="1"/>
        <line num="1" count="1" type="stmt"/>
        <line num="3" count="1" type="stmt"/>
        <line num="10" count="5" type="stmt"/>
        <line num="11" count="5" type="stmt"/>
        <line num="13" count="5" type="cond" truecount="2" falsecount="0"/>
        <line num="14" count="2" type="cond" truecount="8" falsecount="0"/>
        <line num="16" count="3" type="cond" truecount="2" falsecount="0"/>
        <line num="17" count="3" type="cond" truecount="4" falsecount="0"/>
        <line num="18" count="3" type="cond" truecount="4" falsecount="0"/>
        <line num="21" count="5" type="stmt"/>
      </file>
      <file name="session.ts" path="/Users/danielwerner/Repos/leasing-application-webclient/src/lib/utils/session.ts">
        <metrics statements="31" coveredstatements="31" conditionals="4" coveredconditionals="4" methods="6" coveredmethods="6"/>
        <line num="1" count="1" type="stmt"/>
        <line num="2" count="1" type="stmt"/>
        <line num="3" count="1" type="stmt"/>
        <line num="5" count="1" type="stmt"/>
        <line num="7" count="1" type="stmt"/>
        <line num="8" count="1" type="stmt"/>
        <line num="10" count="1" type="stmt"/>
        <line num="11" count="1" type="cond" truecount="1" falsecount="0"/>
        <line num="12" count="1" type="stmt"/>
        <line num="16" count="6" type="stmt"/>
        <line num="17" count="4" type="stmt"/>
        <line num="19" count="4" type="stmt"/>
        <line num="20" count="4" type="cond" truecount="2" falsecount="0"/>
        <line num="21" count="3" type="stmt"/>
        <line num="22" count="3" type="stmt"/>
        <line num="23" count="1" type="stmt"/>
        <line num="25" count="1" type="stmt"/>
        <line num="28" count="2" type="stmt"/>
        <line num="30" count="2" type="stmt"/>
        <line num="34" count="1" type="stmt"/>
        <line num="35" count="1" type="stmt"/>
        <line num="38" count="1" type="stmt"/>
        <line num="39" count="4" type="stmt"/>
        <line num="40" count="4" type="stmt"/>
        <line num="42" count="1" type="stmt"/>
        <line num="43" count="1" type="stmt"/>
        <line num="44" count="1" type="stmt"/>
        <line num="46" count="4" type="cond" truecount="1" falsecount="0"/>
        <line num="47" count="4" type="stmt"/>
        <line num="52" count="1" type="stmt"/>
        <line num="53" count="1" type="stmt"/>
      </file>
      <file name="validator.ts" path="/Users/danielwerner/Repos/leasing-application-webclient/src/lib/utils/validator.ts">
        <metrics statements="17" coveredstatements="17" conditionals="4" coveredconditionals="4" methods="6" coveredmethods="6"/>
        <line num="1" count="12" type="stmt"/>
        <line num="6" count="15" type="stmt"/>
        <line num="9" count="13" type="stmt"/>
        <line num="12" count="13" type="stmt"/>
        <line num="16" count="7" type="stmt"/>
        <line num="17" count="7" type="stmt"/>
        <line num="22" count="1" type="stmt"/>
        <line num="24" count="6" type="cond" truecount="1" falsecount="0"/>
        <line num="25" count="5" type="stmt"/>
        <line num="26" count="5" type="stmt"/>
        <line num="29" count="1" type="stmt"/>
        <line num="34" count="8" type="stmt"/>
        <line num="38" count="5" type="stmt"/>
        <line num="39" count="6" type="cond" truecount="3" falsecount="0"/>
        <line num="40" count="1" type="stmt"/>
        <line num="43" count="5" type="stmt"/>
        <line num="51" count="12" type="stmt"/>
      </file>
    </package>
    <package name="lib.utils.documents">
      <metrics statements="40" coveredstatements="40" conditionals="4" coveredconditionals="4" methods="10" coveredmethods="10"/>
      <file name="create-file-info.ts" path="/Users/danielwerner/Repos/leasing-application-webclient/src/lib/utils/documents/create-file-info.ts">
        <metrics statements="11" coveredstatements="11" conditionals="0" coveredconditionals="0" methods="1" coveredmethods="1"/>
        <line num="5" count="1" type="stmt"/>
        <line num="8" count="1" type="stmt"/>
        <line num="9" count="1" type="stmt"/>
        <line num="10" count="4" type="stmt"/>
        <line num="11" count="4" type="stmt"/>
        <line num="12" count="1" type="stmt"/>
        <line num="13" count="1" type="stmt"/>
        <line num="14" count="1" type="stmt"/>
        <line num="15" count="1" type="stmt"/>
        <line num="16" count="1" type="stmt"/>
        <line num="19" count="1" type="stmt"/>
      </file>
      <file name="find-document-and-execute.ts" path="/Users/danielwerner/Repos/leasing-application-webclient/src/lib/utils/documents/find-document-and-execute.ts">
        <metrics statements="7" coveredstatements="7" conditionals="2" coveredconditionals="2" methods="3" coveredmethods="3"/>
        <line num="3" count="1" type="stmt"/>
        <line num="12" count="2" type="stmt"/>
        <line num="13" count="2" type="stmt"/>
        <line num="14" count="7" type="cond" truecount="1" falsecount="0"/>
        <line num="15" count="1" type="stmt"/>
        <line num="16" count="1" type="cond" truecount="1" falsecount="0"/>
        <line num="17" count="1" type="stmt"/>
      </file>
      <file name="merge-incoming-files.ts" path="/Users/danielwerner/Repos/leasing-application-webclient/src/lib/utils/documents/merge-incoming-files.ts">
        <metrics statements="22" coveredstatements="22" conditionals="2" coveredconditionals="2" methods="6" coveredmethods="6"/>
        <line num="3" count="1" type="stmt"/>
        <line num="5" count="1" type="stmt"/>
        <line num="6" count="12" type="cond" truecount="1" falsecount="0"/>
        <line num="7" count="11" type="stmt"/>
        <line num="8" count="11" type="stmt"/>
        <line num="9" count="11" type="stmt"/>
        <line num="10" count="11" type="stmt"/>
        <line num="11" count="11" type="stmt"/>
        <line num="14" count="12" type="stmt"/>
        <line num="17" count="1" type="stmt"/>
        <line num="21" count="5" type="stmt"/>
        <line num="22" count="11" type="stmt"/>
        <line num="24" count="5" type="stmt"/>
        <line num="26" count="5" type="stmt"/>
        <line num="27" count="11" type="cond" truecount="1" falsecount="0"/>
        <line num="28" count="10" type="stmt"/>
        <line num="29" count="10" type="stmt"/>
        <line num="32" count="1" type="stmt"/>
        <line num="36" count="1" type="stmt"/>
        <line num="40" count="1" type="stmt"/>
        <line num="41" count="4" type="stmt"/>
        <line num="47" count="1" type="stmt"/>
      </file>
    </package>
    <package name="lib.utils.logger">
      <metrics statements="29" coveredstatements="29" conditionals="6" coveredconditionals="6" methods="9" coveredmethods="9"/>
      <file name="index.ts" path="/Users/danielwerner/Repos/leasing-application-webclient/src/lib/utils/logger/index.ts">
        <metrics statements="12" coveredstatements="12" conditionals="5" coveredconditionals="5" methods="5" coveredmethods="5"/>
        <line num="5" count="6" type="stmt"/>
        <line num="8" count="2" type="stmt"/>
        <line num="12" count="2" type="stmt"/>
        <line num="16" count="33" type="stmt"/>
        <line num="20" count="2" type="stmt"/>
        <line num="24" count="8" type="stmt"/>
        <line num="25" count="8" type="stmt"/>
        <line num="27" count="8" type="cond" truecount="1" falsecount="0"/>
        <line num="28" count="6" type="stmt"/>
        <line num="29" count="6" type="stmt"/>
        <line num="32" count="8" type="stmt"/>
        <line num="36" count="6" type="stmt"/>
      </file>
      <file name="logger.base.ts" path="/Users/danielwerner/Repos/leasing-application-webclient/src/lib/utils/logger/logger.base.ts">
        <metrics statements="1" coveredstatements="1" conditionals="0" coveredconditionals="0" methods="0" coveredmethods="0"/>
        <line num="3" count="1" type="stmt"/>
      </file>
      <file name="logger.client.ts" path="/Users/danielwerner/Repos/leasing-application-webclient/src/lib/utils/logger/logger.client.ts">
        <metrics statements="7" coveredstatements="7" conditionals="0" coveredconditionals="0" methods="2" coveredmethods="2"/>
        <line num="1" count="1" type="stmt"/>
        <line num="6" count="1" type="stmt"/>
        <line num="10" count="1" type="stmt"/>
        <line num="14" count="1" type="stmt"/>
        <line num="15" count="1" type="stmt"/>
        <line num="16" count="1" type="stmt"/>
        <line num="20" count="4" type="stmt"/>
      </file>
      <file name="logger.server.ts" path="/Users/danielwerner/Repos/leasing-application-webclient/src/lib/utils/logger/logger.server.ts">
        <metrics statements="9" coveredstatements="9" conditionals="1" coveredconditionals="1" methods="2" coveredmethods="2"/>
        <line num="1" count="1" type="stmt"/>
        <line num="8" count="1" type="stmt"/>
        <line num="12" count="1" type="stmt"/>
        <line num="16" count="1" type="stmt"/>
        <line num="18" count="1" type="stmt"/>
        <line num="20" count="1" type="stmt"/>
        <line num="33" count="1" type="cond" truecount="1" falsecount="0"/>
        <line num="34" count="1" type="stmt"/>
        <line num="39" count="4" type="stmt"/>
      </file>
    </package>
    <package name="lib.utils.parsers">
      <metrics statements="69" coveredstatements="69" conditionals="35" coveredconditionals="35" methods="13" coveredmethods="13"/>
      <file name="date-input.ts" path="/Users/danielwerner/Repos/leasing-application-webclient/src/lib/utils/parsers/date-input.ts">
        <metrics statements="56" coveredstatements="56" conditionals="28" coveredconditionals="28" methods="9" coveredmethods="9"/>
        <line num="1" count="1" type="stmt"/>
        <line num="4" count="1" type="stmt"/>
        <line num="5" count="12" type="stmt"/>
        <line num="6" count="12" type="stmt"/>
        <line num="7" count="12" type="cond" truecount="2" falsecount="0"/>
        <line num="8" count="12" type="stmt"/>
        <line num="9" count="12" type="stmt"/>
        <line num="10" count="12" type="stmt"/>
        <line num="13" count="13" type="stmt"/>
        <line num="14" count="13" type="cond" truecount="2" falsecount="0"/>
        <line num="15" count="8" type="stmt"/>
        <line num="17" count="5" type="stmt"/>
        <line num="18" count="5" type="cond" truecount="1" falsecount="0"/>
        <line num="19" count="5" type="stmt"/>
        <line num="25" count="20" type="stmt"/>
        <line num="27" count="20" type="cond" truecount="2" falsecount="0"/>
        <line num="28" count="19" type="stmt"/>
        <line num="29" count="19" type="stmt"/>
        <line num="30" count="19" type="cond" truecount="4" falsecount="0"/>
        <line num="31" count="4" type="stmt"/>
        <line num="32" count="4" type="stmt"/>
        <line num="34" count="15" type="stmt"/>
        <line num="37" count="1" type="stmt"/>
        <line num="38" count="1" type="stmt"/>
        <line num="45" count="33" type="cond" truecount="2" falsecount="0"/>
        <line num="46" count="13" type="stmt"/>
        <line num="47" count="20" type="cond" truecount="2" falsecount="0"/>
        <line num="48" count="2" type="stmt"/>
        <line num="49" count="2" type="cond" truecount="1" falsecount="0"/>
        <line num="50" count="18" type="cond" truecount="2" falsecount="0"/>
        <line num="51" count="12" type="stmt"/>
        <line num="52" count="12" type="cond" truecount="1" falsecount="0"/>
        <line num="53" count="6" type="cond" truecount="1" falsecount="0"/>
        <line num="54" count="6" type="stmt"/>
        <line num="55" count="6" type="cond" truecount="1" falsecount="0"/>
        <line num="59" count="12" type="stmt"/>
        <line num="60" count="33" type="stmt"/>
        <line num="61" count="33" type="cond" truecount="1" falsecount="0"/>
        <line num="64" count="12" type="stmt"/>
        <line num="66" count="12" type="cond" truecount="1" falsecount="0"/>
        <line num="67" count="1" type="stmt"/>
        <line num="70" count="12" type="stmt"/>
        <line num="76" count="1" type="stmt"/>
        <line num="77" count="20" type="stmt"/>
        <line num="80" count="1" type="stmt"/>
        <line num="83" count="4" type="stmt"/>
        <line num="88" count="4" type="stmt"/>
        <line num="91" count="4" type="stmt"/>
        <line num="94" count="1" type="stmt"/>
        <line num="104" count="4" type="stmt"/>
        <line num="105" count="4" type="cond" truecount="1" falsecount="0"/>
        <line num="106" count="3" type="stmt"/>
        <line num="107" count="15" type="cond" truecount="2" falsecount="0"/>
        <line num="108" count="6" type="stmt"/>
        <line num="110" count="9" type="stmt"/>
        <line num="114" count="4" type="stmt"/>
      </file>
      <file name="form-parser.ts" path="/Users/danielwerner/Repos/leasing-application-webclient/src/lib/utils/parsers/form-parser.ts">
        <metrics statements="7" coveredstatements="7" conditionals="6" coveredconditionals="6" methods="2" coveredmethods="2"/>
        <line num="1" count="4" type="stmt"/>
        <line num="2" count="27" type="cond" truecount="1" falsecount="0"/>
        <line num="3" count="22" type="cond" truecount="2" falsecount="0"/>
        <line num="6" count="5" type="stmt"/>
        <line num="9" count="4" type="stmt"/>
        <line num="10" count="36" type="cond" truecount="3" falsecount="0"/>
        <line num="11" count="31" type="stmt"/>
      </file>
      <file name="string-to-null.ts" path="/Users/danielwerner/Repos/leasing-application-webclient/src/lib/utils/parsers/string-to-null.ts">
        <metrics statements="6" coveredstatements="6" conditionals="1" coveredconditionals="1" methods="2" coveredmethods="2"/>
        <line num="1" count="1" type="stmt"/>
        <line num="4" count="1" type="stmt"/>
        <line num="5" count="2" type="cond" truecount="1" falsecount="0"/>
        <line num="6" count="1" type="stmt"/>
        <line num="9" count="1" type="stmt"/>
        <line num="12" count="1" type="stmt"/>
      </file>
    </package>
    <package name="lib.utils.property">
      <metrics statements="11" coveredstatements="11" conditionals="12" coveredconditionals="12" methods="2" coveredmethods="2"/>
      <file name="convert-pu-code.ts" path="/Users/danielwerner/Repos/leasing-application-webclient/src/lib/utils/property/convert-pu-code.ts">
        <metrics statements="5" coveredstatements="5" conditionals="0" coveredconditionals="0" methods="1" coveredmethods="1"/>
        <line num="1" count="1" type="stmt"/>
        <line num="3" count="1" type="stmt"/>
        <line num="8" count="1" type="stmt"/>
        <line num="9" count="4" type="stmt"/>
        <line num="11" count="1" type="stmt"/>
      </file>
      <file name="parse-address.ts" path="/Users/danielwerner/Repos/leasing-application-webclient/src/lib/utils/property/parse-address.ts">
        <metrics statements="6" coveredstatements="6" conditionals="12" coveredconditionals="12" methods="1" coveredmethods="1"/>
        <line num="3" count="1" type="stmt"/>
        <line num="6" count="8" type="cond" truecount="4" falsecount="0"/>
        <line num="8" count="8" type="stmt"/>
        <line num="9" count="8" type="cond" truecount="4" falsecount="0"/>
        <line num="10" count="8" type="cond" truecount="4" falsecount="0"/>
        <line num="12" count="8" type="stmt"/>
      </file>
    </package>
    <package name="lib.utils.redirect-urls">
      <metrics statements="14" coveredstatements="14" conditionals="34" coveredconditionals="34" methods="5" coveredmethods="5"/>
      <file name="redirects.ts" path="/Users/danielwerner/Repos/leasing-application-webclient/src/lib/utils/redirect-urls/redirects.ts">
        <metrics statements="14" coveredstatements="14" conditionals="34" coveredconditionals="34" methods="5" coveredmethods="5"/>
        <line num="1" count="7" type="stmt"/>
        <line num="5" count="7" type="stmt"/>
        <line num="7" count="7" type="stmt"/>
        <line num="13" count="9" type="stmt"/>
        <line num="15" count="7" type="stmt"/>
        <line num="16" count="11" type="stmt"/>
        <line num="18" count="7" type="stmt"/>
        <line num="19" count="4" type="stmt"/>
        <line num="23" count="7" type="stmt"/>
        <line num="24" count="4" type="cond" truecount="4" falsecount="0"/>
        <line num="25" count="4" type="cond" truecount="2" falsecount="0"/>
        <line num="26" count="4" type="stmt"/>
        <line num="31" count="7" type="stmt"/>
        <line num="32" count="12" type="cond" truecount="12" falsecount="0"/>
      </file>
    </package>
    <package name="routes.lease">
      <metrics statements="43" coveredstatements="43" conditionals="23" coveredconditionals="23" methods="4" coveredmethods="4"/>
      <file name="redirect-multiple-applications.ts" path="/Users/danielwerner/Repos/leasing-application-webclient/src/routes/lease/redirect-multiple-applications.ts">
        <metrics statements="11" coveredstatements="11" conditionals="2" coveredconditionals="2" methods="2" coveredmethods="2"/>
        <line num="1" count="3" type="stmt"/>
        <line num="5" count="3" type="stmt"/>
        <line num="11" count="3" type="stmt"/>
        <line num="12" count="3" type="stmt"/>
        <line num="13" count="8" type="stmt"/>
        <line num="15" count="3" type="stmt"/>
        <line num="19" count="5" type="cond" truecount="1" falsecount="0"/>
        <line num="20" count="2" type="stmt"/>
        <line num="23" count="3" type="cond" truecount="1" falsecount="0"/>
        <line num="24" count="2" type="stmt"/>
        <line num="27" count="1" type="stmt"/>
      </file>
      <file name="redirect-single-application.ts" path="/Users/danielwerner/Repos/leasing-application-webclient/src/routes/lease/redirect-single-application.ts">
        <metrics statements="19" coveredstatements="19" conditionals="18" coveredconditionals="18" methods="1" coveredmethods="1"/>
        <line num="1" count="3" type="stmt"/>
        <line num="6" count="3" type="stmt"/>
        <line num="19" count="3" type="stmt"/>
        <line num="24" count="3" type="stmt"/>
        <line num="29" count="3" type="stmt"/>
        <line num="42" count="3" type="stmt"/>
        <line num="51" count="3" type="stmt"/>
        <line num="68" count="3" type="stmt"/>
        <line num="72" count="11" type="stmt"/>
        <line num="73" count="11" type="cond" truecount="2" falsecount="0"/>
        <line num="77" count="11" type="stmt"/>
        <line num="78" count="11" type="stmt"/>
        <line num="80" count="11" type="cond" truecount="3" falsecount="0"/>
        <line num="81" count="2" type="stmt"/>
        <line num="84" count="9" type="cond" truecount="8" falsecount="0"/>
        <line num="86" count="9" type="cond" truecount="1" falsecount="0"/>
        <line num="92" count="1" type="stmt"/>
        <line num="93" count="1" type="stmt"/>
        <line num="96" count="8" type="stmt"/>
      </file>
      <file name="redirect.ts" path="/Users/danielwerner/Repos/leasing-application-webclient/src/routes/lease/redirect.ts">
        <metrics statements="13" coveredstatements="13" conditionals="3" coveredconditionals="3" methods="1" coveredmethods="1"/>
        <line num="5" count="2" type="stmt"/>
        <line num="10" count="2" type="stmt"/>
        <line num="11" count="2" type="stmt"/>
        <line num="13" count="2" type="stmt"/>
        <line num="17" count="10" type="stmt"/>
        <line num="18" count="10" type="stmt"/>
        <line num="20" count="10" type="cond" truecount="1" falsecount="0"/>
        <line num="21" count="4" type="cond" truecount="1" falsecount="0"/>
        <line num="22" count="2" type="stmt"/>
        <line num="27" count="2" type="stmt"/>
        <line num="30" count="6" type="cond" truecount="1" falsecount="0"/>
        <line num="31" count="1" type="stmt"/>
        <line num="34" count="5" type="stmt"/>
      </file>
    </package>
    <package name="routes.lease.applications.[applicationId]">
      <metrics statements="21" coveredstatements="21" conditionals="23" coveredconditionals="23" methods="1" coveredmethods="1"/>
      <file name="redirect.ts" path="/Users/danielwerner/Repos/leasing-application-webclient/src/routes/lease/applications/[applicationId]/redirect.ts">
        <metrics statements="21" coveredstatements="21" conditionals="23" coveredconditionals="23" methods="1" coveredmethods="1"/>
        <line num="1" count="1" type="stmt"/>
        <line num="6" count="1" type="stmt"/>
        <line num="12" count="1" type="stmt"/>
        <line num="14" count="8" type="stmt"/>
        <line num="15" count="8" type="stmt"/>
        <line num="22" count="8" type="cond" truecount="1" falsecount="0"/>
        <line num="23" count="4" type="stmt"/>
        <line num="26" count="4" type="stmt"/>
        <line num="27" count="4" type="stmt"/>
        <line num="28" count="4" type="stmt"/>
        <line num="29" count="4" type="stmt"/>
        <line num="30" count="4" type="cond" truecount="8" falsecount="0"/>
        <line num="32" count="4" type="cond" truecount="2" falsecount="0"/>
        <line num="33" count="3" type="cond" truecount="2" falsecount="0"/>
        <line num="34" count="2" type="cond" truecount="4" falsecount="0"/>
        <line num="35" count="1" type="stmt"/>
        <line num="37" count="1" type="stmt"/>
        <line num="39" count="1" type="cond" truecount="3" falsecount="0"/>
        <line num="40" count="1" type="stmt"/>
        <line num="42" count="1" type="cond" truecount="3" falsecount="0"/>
        <line num="43" count="1" type="stmt"/>
      </file>
    </package>
  </project>
</coverage>
