{"/Users/danielwerner/Repos/leasing-application-webclient/src/lib/parsers.server/index.ts": {"path":"/Users/danielwerner/Repos/leasing-application-webclient/src/lib/parsers.server/index.ts","statementMap":{"0":{"start":{"line":2,"column":0},"end":{"line":2,"column":null}},"1":{"start":{"line":8,"column":0},"end":{"line":8,"column":null}},"2":{"start":{"line":15,"column":0},"end":{"line":15,"column":55}},"3":{"start":{"line":16,"column":0},"end":{"line":16,"column":39}},"4":{"start":{"line":18,"column":0},"end":{"line":18,"column":65}},"5":{"start":{"line":19,"column":0},"end":{"line":19,"column":59}},"6":{"start":{"line":20,"column":0},"end":{"line":20,"column":61}},"7":{"start":{"line":21,"column":0},"end":{"line":21,"column":55}},"8":{"start":{"line":22,"column":0},"end":{"line":22,"column":72}},"9":{"start":{"line":23,"column":0},"end":{"line":23,"column":59}},"10":{"start":{"line":24,"column":0},"end":{"line":24,"column":58}},"11":{"start":{"line":26,"column":63},"end":{"line":33,"column":2}},"12":{"start":{"line":35,"column":13},"end":{"line":42,"column":2}},"13":{"start":{"line":44,"column":31},"end":{"line":176,"column":1}},"14":{"start":{"line":47,"column":2},"end":{"line":51,"column":5}},"15":{"start":{"line":53,"column":28},"end":{"line":53,"column":67}},"16":{"start":{"line":55,"column":46},"end":{"line":75,"column":null}},"17":{"start":{"line":57,"column":30},"end":{"line":57,"column":56}},"18":{"start":{"line":58,"column":21},"end":{"line":58,"column":53}},"19":{"start":{"line":59,"column":6},"end":{"line":64,"column":null}},"20":{"start":{"line":60,"column":8},"end":{"line":62,"column":null}},"21":{"start":{"line":66,"column":47},"end":{"line":68,"column":8}},"22":{"start":{"line":70,"column":6},"end":{"line":72,"column":null}},"23":{"start":{"line":78,"column":22},"end":{"line":78,"column":29}},"24":{"start":{"line":80,"column":2},"end":{"line":86,"column":null}},"25":{"start":{"line":85,"column":4},"end":{"line":85,"column":71}},"26":{"start":{"line":88,"column":22},"end":{"line":88,"column":39}},"27":{"start":{"line":89,"column":35},"end":{"line":90,"column":null}},"28":{"start":{"line":93,"column":2},"end":{"line":108,"column":null}},"29":{"start":{"line":94,"column":4},"end":{"line":107,"column":null}},"30":{"start":{"line":101,"column":10},"end":{"line":101,"column":44}},"31":{"start":{"line":102,"column":6},"end":{"line":102,"column":57}},"32":{"start":{"line":103,"column":6},"end":{"line":103,"column":45}},"33":{"start":{"line":104,"column":6},"end":{"line":104,"column":43}},"34":{"start":{"line":105,"column":6},"end":{"line":105,"column":45}},"35":{"start":{"line":106,"column":6},"end":{"line":106,"column":55}},"36":{"start":{"line":110,"column":2},"end":{"line":175,"column":4}},"37":{"start":{"line":44,"column":13},"end":{"line":44,"column":31}}},"fnMap":{"0":{"name":"(anonymous_1)","decl":{"start":{"line":44,"column":31},"end":{"line":44,"column":null}},"loc":{"start":{"line":46,"column":25},"end":{"line":176,"column":1}}},"1":{"name":"(anonymous_2)","decl":{"start":{"line":56,"column":4},"end":{"line":56,"column":5}},"loc":{"start":{"line":56,"column":21},"end":{"line":74,"column":5}}}},"branchMap":{"0":{"loc":{"start":{"line":49,"column":16},"end":{"line":49,"column":48}},"type":"cond-expr","locations":[{"start":{"line":49,"column":36},"end":{"line":49,"column":38}},{"start":{"line":49,"column":36},"end":{"line":49,"column":48}}]},"1":{"loc":{"start":{"line":49,"column":16},"end":{"line":49,"column":38}},"type":"binary-expr","locations":[{"start":{"line":49,"column":16},"end":{"line":49,"column":38}},{"start":{"line":49,"column":36},"end":{"line":49,"column":38}}]},"2":{"loc":{"start":{"line":53,"column":40},"end":{"line":53,"column":66}},"type":"cond-expr","locations":[{"start":{"line":53,"column":60},"end":{"line":53,"column":64}},{"start":{"line":53,"column":64},"end":{"line":53,"column":66}}]},"3":{"loc":{"start":{"line":53,"column":40},"end":{"line":53,"column":64}},"type":"binary-expr","locations":[{"start":{"line":53,"column":40},"end":{"line":53,"column":64}},{"start":{"line":53,"column":60},"end":{"line":53,"column":64}}]},"4":{"loc":{"start":{"line":59,"column":6},"end":{"line":64,"column":null}},"type":"if","locations":[{"start":{"line":59,"column":6},"end":{"line":64,"column":null}}]},"5":{"loc":{"start":{"line":80,"column":2},"end":{"line":86,"column":null}},"type":"if","locations":[{"start":{"line":80,"column":2},"end":{"line":86,"column":null}}]},"6":{"loc":{"start":{"line":81,"column":4},"end":{"line":83,"column":62}},"type":"binary-expr","locations":[{"start":{"line":81,"column":4},"end":{"line":81,"column":29}},{"start":{"line":82,"column":5},"end":{"line":82,"column":33}},{"start":{"line":83,"column":6},"end":{"line":83,"column":61}}]},"7":{"loc":{"start":{"line":90,"column":4},"end":{"line":90,"column":38}},"type":"cond-expr","locations":[{"start":{"line":90,"column":31},"end":{"line":90,"column":33}},{"start":{"line":90,"column":31},"end":{"line":90,"column":38}}]},"8":{"loc":{"start":{"line":90,"column":4},"end":{"line":90,"column":33}},"type":"binary-expr","locations":[{"start":{"line":90,"column":4},"end":{"line":90,"column":33}},{"start":{"line":90,"column":31},"end":{"line":90,"column":33}}]},"9":{"loc":{"start":{"line":93,"column":2},"end":{"line":108,"column":null}},"type":"if","locations":[{"start":{"line":93,"column":2},"end":{"line":108,"column":null}}]},"10":{"loc":{"start":{"line":94,"column":4},"end":{"line":107,"column":null}},"type":"if","locations":[{"start":{"line":94,"column":4},"end":{"line":107,"column":null}}]},"11":{"loc":{"start":{"line":94,"column":8},"end":{"line":94,"column":74}},"type":"binary-expr","locations":[{"start":{"line":94,"column":8},"end":{"line":94,"column":16}},{"start":{"line":94,"column":20},"end":{"line":94,"column":36}},{"start":{"line":94,"column":40},"end":{"line":94,"column":74}}]},"12":{"loc":{"start":{"line":119,"column":18},"end":{"line":119,"column":56}},"type":"binary-expr","locations":[{"start":{"line":119,"column":18},"end":{"line":119,"column":50}},{"start":{"line":119,"column":54},"end":{"line":119,"column":56}}]},"13":{"loc":{"start":{"line":119,"column":18},"end":{"line":119,"column":50}},"type":"cond-expr","locations":[{"start":{"line":119,"column":38},"end":{"line":119,"column":40}},{"start":{"line":119,"column":38},"end":{"line":119,"column":50}}]},"14":{"loc":{"start":{"line":119,"column":18},"end":{"line":119,"column":40}},"type":"binary-expr","locations":[{"start":{"line":119,"column":18},"end":{"line":119,"column":40}},{"start":{"line":119,"column":38},"end":{"line":119,"column":40}}]},"15":{"loc":{"start":{"line":120,"column":13},"end":{"line":120,"column":46}},"type":"binary-expr","locations":[{"start":{"line":120,"column":13},"end":{"line":120,"column":40}},{"start":{"line":120,"column":44},"end":{"line":120,"column":46}}]},"16":{"loc":{"start":{"line":120,"column":13},"end":{"line":120,"column":40}},"type":"cond-expr","locations":[{"start":{"line":120,"column":33},"end":{"line":120,"column":35}},{"start":{"line":120,"column":33},"end":{"line":120,"column":40}}]},"17":{"loc":{"start":{"line":120,"column":13},"end":{"line":120,"column":35}},"type":"binary-expr","locations":[{"start":{"line":120,"column":13},"end":{"line":120,"column":35}},{"start":{"line":120,"column":33},"end":{"line":120,"column":35}}]},"18":{"loc":{"start":{"line":147,"column":21},"end":{"line":147,"column":74}},"type":"binary-expr","locations":[{"start":{"line":147,"column":21},"end":{"line":147,"column":68}},{"start":{"line":147,"column":72},"end":{"line":147,"column":74}}]},"19":{"loc":{"start":{"line":147,"column":21},"end":{"line":147,"column":68}},"type":"cond-expr","locations":[{"start":{"line":147,"column":55},"end":{"line":147,"column":57}},{"start":{"line":147,"column":55},"end":{"line":147,"column":68}}]},"20":{"loc":{"start":{"line":147,"column":21},"end":{"line":147,"column":57}},"type":"binary-expr","locations":[{"start":{"line":147,"column":21},"end":{"line":147,"column":57}},{"start":{"line":147,"column":55},"end":{"line":147,"column":57}}]},"21":{"loc":{"start":{"line":147,"column":21},"end":{"line":147,"column":55}},"type":"cond-expr","locations":[{"start":{"line":147,"column":48},"end":{"line":147,"column":50}},{"start":{"line":147,"column":48},"end":{"line":147,"column":55}}]},"22":{"loc":{"start":{"line":147,"column":21},"end":{"line":147,"column":50}},"type":"binary-expr","locations":[{"start":{"line":147,"column":21},"end":{"line":147,"column":50}},{"start":{"line":147,"column":48},"end":{"line":147,"column":50}}]},"23":{"loc":{"start":{"line":148,"column":21},"end":{"line":148,"column":74}},"type":"binary-expr","locations":[{"start":{"line":148,"column":21},"end":{"line":148,"column":68}},{"start":{"line":148,"column":72},"end":{"line":148,"column":74}}]},"24":{"loc":{"start":{"line":148,"column":21},"end":{"line":148,"column":68}},"type":"cond-expr","locations":[{"start":{"line":148,"column":55},"end":{"line":148,"column":57}},{"start":{"line":148,"column":55},"end":{"line":148,"column":68}}]},"25":{"loc":{"start":{"line":148,"column":21},"end":{"line":148,"column":57}},"type":"binary-expr","locations":[{"start":{"line":148,"column":21},"end":{"line":148,"column":57}},{"start":{"line":148,"column":55},"end":{"line":148,"column":57}}]},"26":{"loc":{"start":{"line":148,"column":21},"end":{"line":148,"column":55}},"type":"cond-expr","locations":[{"start":{"line":148,"column":48},"end":{"line":148,"column":50}},{"start":{"line":148,"column":48},"end":{"line":148,"column":55}}]},"27":{"loc":{"start":{"line":148,"column":21},"end":{"line":148,"column":50}},"type":"binary-expr","locations":[{"start":{"line":148,"column":21},"end":{"line":148,"column":50}},{"start":{"line":148,"column":48},"end":{"line":148,"column":50}}]},"28":{"loc":{"start":{"line":151,"column":12},"end":{"line":151,"column":78}},"type":"binary-expr","locations":[{"start":{"line":151,"column":12},"end":{"line":151,"column":72}},{"start":{"line":151,"column":76},"end":{"line":151,"column":78}}]},"29":{"loc":{"start":{"line":151,"column":12},"end":{"line":151,"column":72}},"type":"cond-expr","locations":[{"start":{"line":151,"column":59},"end":{"line":151,"column":61}},{"start":{"line":151,"column":59},"end":{"line":151,"column":72}}]},"30":{"loc":{"start":{"line":151,"column":12},"end":{"line":151,"column":61}},"type":"binary-expr","locations":[{"start":{"line":151,"column":12},"end":{"line":151,"column":61}},{"start":{"line":151,"column":59},"end":{"line":151,"column":61}}]},"31":{"loc":{"start":{"line":151,"column":12},"end":{"line":151,"column":59}},"type":"cond-expr","locations":[{"start":{"line":151,"column":46},"end":{"line":151,"column":48}},{"start":{"line":151,"column":46},"end":{"line":151,"column":59}}]},"32":{"loc":{"start":{"line":151,"column":12},"end":{"line":151,"column":48}},"type":"binary-expr","locations":[{"start":{"line":151,"column":12},"end":{"line":151,"column":48}},{"start":{"line":151,"column":46},"end":{"line":151,"column":48}}]},"33":{"loc":{"start":{"line":151,"column":12},"end":{"line":151,"column":46}},"type":"cond-expr","locations":[{"start":{"line":151,"column":39},"end":{"line":151,"column":41}},{"start":{"line":151,"column":39},"end":{"line":151,"column":46}}]},"34":{"loc":{"start":{"line":151,"column":12},"end":{"line":151,"column":41}},"type":"binary-expr","locations":[{"start":{"line":151,"column":12},"end":{"line":151,"column":41}},{"start":{"line":151,"column":39},"end":{"line":151,"column":41}}]},"35":{"loc":{"start":{"line":153,"column":12},"end":{"line":153,"column":74}},"type":"binary-expr","locations":[{"start":{"line":153,"column":12},"end":{"line":153,"column":68}},{"start":{"line":153,"column":72},"end":{"line":153,"column":74}}]},"36":{"loc":{"start":{"line":153,"column":12},"end":{"line":153,"column":68}},"type":"cond-expr","locations":[{"start":{"line":153,"column":59},"end":{"line":153,"column":61}},{"start":{"line":153,"column":59},"end":{"line":153,"column":68}}]},"37":{"loc":{"start":{"line":153,"column":12},"end":{"line":153,"column":61}},"type":"binary-expr","locations":[{"start":{"line":153,"column":12},"end":{"line":153,"column":61}},{"start":{"line":153,"column":59},"end":{"line":153,"column":61}}]},"38":{"loc":{"start":{"line":153,"column":12},"end":{"line":153,"column":59}},"type":"cond-expr","locations":[{"start":{"line":153,"column":46},"end":{"line":153,"column":48}},{"start":{"line":153,"column":46},"end":{"line":153,"column":59}}]},"39":{"loc":{"start":{"line":153,"column":12},"end":{"line":153,"column":48}},"type":"binary-expr","locations":[{"start":{"line":153,"column":12},"end":{"line":153,"column":48}},{"start":{"line":153,"column":46},"end":{"line":153,"column":48}}]},"40":{"loc":{"start":{"line":153,"column":12},"end":{"line":153,"column":46}},"type":"cond-expr","locations":[{"start":{"line":153,"column":39},"end":{"line":153,"column":41}},{"start":{"line":153,"column":39},"end":{"line":153,"column":46}}]},"41":{"loc":{"start":{"line":153,"column":12},"end":{"line":153,"column":41}},"type":"binary-expr","locations":[{"start":{"line":153,"column":12},"end":{"line":153,"column":41}},{"start":{"line":153,"column":39},"end":{"line":153,"column":41}}]},"42":{"loc":{"start":{"line":155,"column":12},"end":{"line":156,"column":28}},"type":"binary-expr","locations":[{"start":{"line":155,"column":12},"end":{"line":155,"column":72}},{"start":{"line":156,"column":12},"end":{"line":156,"column":28}}]},"43":{"loc":{"start":{"line":155,"column":12},"end":{"line":155,"column":72}},"type":"cond-expr","locations":[{"start":{"line":155,"column":59},"end":{"line":155,"column":61}},{"start":{"line":155,"column":59},"end":{"line":155,"column":72}}]},"44":{"loc":{"start":{"line":155,"column":12},"end":{"line":155,"column":61}},"type":"binary-expr","locations":[{"start":{"line":155,"column":12},"end":{"line":155,"column":61}},{"start":{"line":155,"column":59},"end":{"line":155,"column":61}}]},"45":{"loc":{"start":{"line":155,"column":12},"end":{"line":155,"column":59}},"type":"cond-expr","locations":[{"start":{"line":155,"column":46},"end":{"line":155,"column":48}},{"start":{"line":155,"column":46},"end":{"line":155,"column":59}}]},"46":{"loc":{"start":{"line":155,"column":12},"end":{"line":155,"column":48}},"type":"binary-expr","locations":[{"start":{"line":155,"column":12},"end":{"line":155,"column":48}},{"start":{"line":155,"column":46},"end":{"line":155,"column":48}}]},"47":{"loc":{"start":{"line":155,"column":12},"end":{"line":155,"column":46}},"type":"cond-expr","locations":[{"start":{"line":155,"column":39},"end":{"line":155,"column":41}},{"start":{"line":155,"column":39},"end":{"line":155,"column":46}}]},"48":{"loc":{"start":{"line":155,"column":12},"end":{"line":155,"column":41}},"type":"binary-expr","locations":[{"start":{"line":155,"column":12},"end":{"line":155,"column":41}},{"start":{"line":155,"column":39},"end":{"line":155,"column":41}}]},"49":{"loc":{"start":{"line":167,"column":8},"end":{"line":167,"column":65}},"type":"binary-expr","locations":[{"start":{"line":167,"column":8},"end":{"line":167,"column":59}},{"start":{"line":167,"column":63},"end":{"line":167,"column":65}}]},"50":{"loc":{"start":{"line":167,"column":8},"end":{"line":167,"column":59}},"type":"cond-expr","locations":[{"start":{"line":167,"column":42},"end":{"line":167,"column":44}},{"start":{"line":167,"column":42},"end":{"line":167,"column":59}}]},"51":{"loc":{"start":{"line":167,"column":8},"end":{"line":167,"column":44}},"type":"binary-expr","locations":[{"start":{"line":167,"column":8},"end":{"line":167,"column":44}},{"start":{"line":167,"column":42},"end":{"line":167,"column":44}}]},"52":{"loc":{"start":{"line":168,"column":17},"end":{"line":168,"column":68}},"type":"binary-expr","locations":[{"start":{"line":168,"column":17},"end":{"line":168,"column":62}},{"start":{"line":168,"column":66},"end":{"line":168,"column":68}}]},"53":{"loc":{"start":{"line":168,"column":17},"end":{"line":168,"column":62}},"type":"cond-expr","locations":[{"start":{"line":168,"column":51},"end":{"line":168,"column":53}},{"start":{"line":168,"column":51},"end":{"line":168,"column":62}}]},"54":{"loc":{"start":{"line":168,"column":17},"end":{"line":168,"column":53}},"type":"binary-expr","locations":[{"start":{"line":168,"column":17},"end":{"line":168,"column":53}},{"start":{"line":168,"column":51},"end":{"line":168,"column":53}}]},"55":{"loc":{"start":{"line":169,"column":16},"end":{"line":169,"column":66}},"type":"binary-expr","locations":[{"start":{"line":169,"column":16},"end":{"line":169,"column":60}},{"start":{"line":169,"column":64},"end":{"line":169,"column":66}}]},"56":{"loc":{"start":{"line":169,"column":16},"end":{"line":169,"column":60}},"type":"cond-expr","locations":[{"start":{"line":169,"column":50},"end":{"line":169,"column":52}},{"start":{"line":169,"column":50},"end":{"line":169,"column":60}}]},"57":{"loc":{"start":{"line":169,"column":16},"end":{"line":169,"column":52}},"type":"binary-expr","locations":[{"start":{"line":169,"column":16},"end":{"line":169,"column":52}},{"start":{"line":169,"column":50},"end":{"line":169,"column":52}}]},"58":{"loc":{"start":{"line":170,"column":22},"end":{"line":170,"column":78}},"type":"binary-expr","locations":[{"start":{"line":170,"column":22},"end":{"line":170,"column":72}},{"start":{"line":170,"column":76},"end":{"line":170,"column":78}}]},"59":{"loc":{"start":{"line":170,"column":22},"end":{"line":170,"column":72}},"type":"cond-expr","locations":[{"start":{"line":170,"column":56},"end":{"line":170,"column":58}},{"start":{"line":170,"column":56},"end":{"line":170,"column":72}}]},"60":{"loc":{"start":{"line":170,"column":22},"end":{"line":170,"column":58}},"type":"binary-expr","locations":[{"start":{"line":170,"column":22},"end":{"line":170,"column":58}},{"start":{"line":170,"column":56},"end":{"line":170,"column":58}}]},"61":{"loc":{"start":{"line":171,"column":17},"end":{"line":171,"column":68}},"type":"binary-expr","locations":[{"start":{"line":171,"column":17},"end":{"line":171,"column":62}},{"start":{"line":171,"column":66},"end":{"line":171,"column":68}}]},"62":{"loc":{"start":{"line":171,"column":17},"end":{"line":171,"column":62}},"type":"cond-expr","locations":[{"start":{"line":171,"column":51},"end":{"line":171,"column":53}},{"start":{"line":171,"column":51},"end":{"line":171,"column":62}}]},"63":{"loc":{"start":{"line":171,"column":17},"end":{"line":171,"column":53}},"type":"binary-expr","locations":[{"start":{"line":171,"column":17},"end":{"line":171,"column":53}},{"start":{"line":171,"column":51},"end":{"line":171,"column":53}}]}},"s":{"0":2,"1":2,"2":2,"3":2,"4":2,"5":2,"6":2,"7":2,"8":2,"9":2,"10":2,"11":2,"12":2,"13":2,"14":19,"15":19,"16":19,"17":114,"18":114,"19":114,"20":1,"21":113,"22":113,"23":19,"24":19,"25":15,"26":19,"27":19,"28":19,"29":3,"30":3,"31":3,"32":3,"33":3,"34":3,"35":3,"36":19,"37":2},"f":{"0":19,"1":114},"b":{"0":[1,18],"1":[19,19],"2":[18,1],"3":[19,19],"4":[1],"5":[15],"6":[19,18,17],"7":[1,18],"8":[19,19],"9":[3],"10":[3],"11":[3,3,3],"12":[19,1],"13":[1,18],"14":[19,19],"15":[19,1],"16":[1,18],"17":[19,19],"18":[19,18],"19":[2,17],"20":[19,19],"21":[1,18],"22":[19,19],"23":[19,18],"24":[2,17],"25":[19,19],"26":[1,18],"27":[19,19],"28":[19,18],"29":[18,1],"30":[19,19],"31":[2,17],"32":[19,19],"33":[1,18],"34":[19,19],"35":[19,18],"36":[18,1],"37":[19,19],"38":[2,17],"39":[19,19],"40":[1,18],"41":[19,19],"42":[19,18],"43":[18,1],"44":[19,19],"45":[2,17],"46":[19,19],"47":[1,18],"48":[19,19],"49":[19,1],"50":[1,18],"51":[19,19],"52":[19,1],"53":[1,18],"54":[19,19],"55":[19,1],"56":[1,18],"57":[19,19],"58":[19,1],"59":[1,18],"60":[19,19],"61":[19,1],"62":[1,18],"63":[19,19]}}
,"/Users/danielwerner/Repos/leasing-application-webclient/src/lib/parsers.server/form-data/coapplicants.parser.ts": {"path":"/Users/danielwerner/Repos/leasing-application-webclient/src/lib/parsers.server/form-data/coapplicants.parser.ts","statementMap":{"0":{"start":{"line":10,"column":0},"end":{"line":10,"column":44}},"1":{"start":{"line":14,"column":4},"end":{"line":21,"column":6}},"2":{"start":{"line":25,"column":4},"end":{"line":31,"column":6}},"3":{"start":{"line":35,"column":4},"end":{"line":42,"column":6}},"4":{"start":{"line":48,"column":4},"end":{"line":56,"column":7}},"5":{"start":{"line":49,"column":6},"end":{"line":55,"column":8}},"6":{"start":{"line":63,"column":4},"end":{"line":73,"column":null}},"7":{"start":{"line":64,"column":6},"end":{"line":72,"column":9}},"8":{"start":{"line":65,"column":8},"end":{"line":71,"column":10}},"9":{"start":{"line":75,"column":4},"end":{"line":75,"column":14}},"10":{"start":{"line":79,"column":0},"end":{"line":79,"column":34}}},"fnMap":{"0":{"name":"(anonymous_1)","decl":{"start":{"line":13,"column":2},"end":{"line":13,"column":12}},"loc":{"start":{"line":13,"column":38},"end":{"line":22,"column":3}}},"1":{"name":"(anonymous_2)","decl":{"start":{"line":24,"column":2},"end":{"line":24,"column":11}},"loc":{"start":{"line":24,"column":38},"end":{"line":32,"column":3}}},"2":{"name":"(anonymous_3)","decl":{"start":{"line":34,"column":2},"end":{"line":34,"column":13}},"loc":{"start":{"line":34,"column":13},"end":{"line":43,"column":3}}},"3":{"name":"(anonymous_4)","decl":{"start":{"line":45,"column":10},"end":{"line":45,"column":37}},"loc":{"start":{"line":46,"column":38},"end":{"line":57,"column":3}}},"4":{"name":"(anonymous_5)","decl":{"start":{"line":48,"column":28},"end":{"line":48,"column":29}},"loc":{"start":{"line":48,"column":44},"end":{"line":56,"column":5}}},"5":{"name":"(anonymous_6)","decl":{"start":{"line":59,"column":10},"end":{"line":59,"column":36}},"loc":{"start":{"line":61,"column":39},"end":{"line":76,"column":3}}},"6":{"name":"(anonymous_7)","decl":{"start":{"line":64,"column":30},"end":{"line":64,"column":31}},"loc":{"start":{"line":64,"column":46},"end":{"line":72,"column":7}}}},"branchMap":{"0":{"loc":{"start":{"line":15,"column":23},"end":{"line":15,"column":62}},"type":"cond-expr","locations":[{"start":{"line":15,"column":50},"end":{"line":15,"column":55}},{"start":{"line":15,"column":58},"end":{"line":15,"column":62}}]},"1":{"loc":{"start":{"line":63,"column":4},"end":{"line":73,"column":null}},"type":"if","locations":[{"start":{"line":63,"column":4},"end":{"line":73,"column":null}}]},"2":{"loc":{"start":{"line":63,"column":8},"end":{"line":63,"column":64}},"type":"binary-expr","locations":[{"start":{"line":63,"column":8},"end":{"line":63,"column":33}},{"start":{"line":63,"column":37},"end":{"line":63,"column":64}}]}},"s":{"0":3,"1":2,"2":2,"3":20,"4":2,"5":1,"6":2,"7":1,"8":1,"9":1,"10":3},"f":{"0":2,"1":2,"2":20,"3":2,"4":1,"5":2,"6":1},"b":{"0":[1,1],"1":[1],"2":[2,1]}}
,"/Users/danielwerner/Repos/leasing-application-webclient/src/lib/parsers.server/form-data/documents.parser.ts": {"path":"/Users/danielwerner/Repos/leasing-application-webclient/src/lib/parsers.server/form-data/documents.parser.ts","statementMap":{"0":{"start":{"line":4,"column":0},"end":{"line":4,"column":44}},"1":{"start":{"line":8,"column":4},"end":{"line":13,"column":6}},"2":{"start":{"line":17,"column":4},"end":{"line":19,"column":6}},"3":{"start":{"line":23,"column":4},"end":{"line":28,"column":6}},"4":{"start":{"line":32,"column":0},"end":{"line":32,"column":31}}},"fnMap":{"0":{"name":"(anonymous_1)","decl":{"start":{"line":7,"column":2},"end":{"line":7,"column":12}},"loc":{"start":{"line":7,"column":40},"end":{"line":14,"column":3}}},"1":{"name":"(anonymous_2)","decl":{"start":{"line":16,"column":2},"end":{"line":16,"column":11}},"loc":{"start":{"line":16,"column":40},"end":{"line":20,"column":3}}},"2":{"name":"(anonymous_3)","decl":{"start":{"line":22,"column":2},"end":{"line":22,"column":13}},"loc":{"start":{"line":22,"column":13},"end":{"line":29,"column":3}}}},"branchMap":{},"s":{"0":3,"1":1,"2":1,"3":20,"4":3},"f":{"0":1,"1":1,"2":20},"b":{}}
,"/Users/danielwerner/Repos/leasing-application-webclient/src/lib/parsers.server/form-data/employment.parser.ts": {"path":"/Users/danielwerner/Repos/leasing-application-webclient/src/lib/parsers.server/form-data/employment.parser.ts","statementMap":{"0":{"start":{"line":10,"column":0},"end":{"line":10,"column":70}},"1":{"start":{"line":18,"column":8},"end":{"line":18,"column":12}},"2":{"start":{"line":17,"column":17},"end":{"line":18,"column":8}},"3":{"start":{"line":20,"column":4},"end":{"line":43,"column":6}},"4":{"start":{"line":50,"column":8},"end":{"line":50,"column":18}},"5":{"start":{"line":49,"column":17},"end":{"line":50,"column":8}},"6":{"start":{"line":52,"column":4},"end":{"line":76,"column":6}},"7":{"start":{"line":80,"column":4},"end":{"line":103,"column":6}},"8":{"start":{"line":109,"column":4},"end":{"line":115,"column":7}},"9":{"start":{"line":110,"column":6},"end":{"line":114,"column":8}},"10":{"start":{"line":122,"column":4},"end":{"line":130,"column":null}},"11":{"start":{"line":123,"column":6},"end":{"line":129,"column":9}},"12":{"start":{"line":124,"column":8},"end":{"line":128,"column":10}},"13":{"start":{"line":132,"column":4},"end":{"line":132,"column":14}},"14":{"start":{"line":136,"column":0},"end":{"line":136,"column":32}}},"fnMap":{"0":{"name":"(anonymous_2)","decl":{"start":{"line":13,"column":2},"end":{"line":13,"column":12}},"loc":{"start":{"line":13,"column":36},"end":{"line":44,"column":3}}},"1":{"name":"(anonymous_3)","decl":{"start":{"line":46,"column":2},"end":{"line":46,"column":11}},"loc":{"start":{"line":46,"column":42},"end":{"line":77,"column":3}}},"2":{"name":"(anonymous_4)","decl":{"start":{"line":79,"column":2},"end":{"line":79,"column":13}},"loc":{"start":{"line":79,"column":38},"end":{"line":104,"column":3}}},"3":{"name":"(anonymous_5)","decl":{"start":{"line":106,"column":10},"end":{"line":106,"column":41}},"loc":{"start":{"line":107,"column":47},"end":{"line":116,"column":3}}},"4":{"name":"(anonymous_6)","decl":{"start":{"line":109,"column":32},"end":{"line":109,"column":33}},"loc":{"start":{"line":109,"column":43},"end":{"line":115,"column":5}}},"5":{"name":"(anonymous_7)","decl":{"start":{"line":118,"column":10},"end":{"line":118,"column":40}},"loc":{"start":{"line":120,"column":60},"end":{"line":133,"column":3}}},"6":{"name":"(anonymous_8)","decl":{"start":{"line":123,"column":34},"end":{"line":123,"column":35}},"loc":{"start":{"line":123,"column":45},"end":{"line":129,"column":7}}}},"branchMap":{"0":{"loc":{"start":{"line":24,"column":31},"end":{"line":24,"column":66}},"type":"binary-expr","locations":[{"start":{"line":24,"column":31},"end":{"line":24,"column":57}},{"start":{"line":24,"column":61},"end":{"line":24,"column":66}}]},"1":{"loc":{"start":{"line":32,"column":27},"end":{"line":32,"column":74}},"type":"cond-expr","locations":[{"start":{"line":32,"column":62},"end":{"line":32,"column":67}},{"start":{"line":32,"column":70},"end":{"line":32,"column":74}}]},"2":{"loc":{"start":{"line":36,"column":22},"end":{"line":36,"column":60}},"type":"cond-expr","locations":[{"start":{"line":36,"column":48},"end":{"line":36,"column":53}},{"start":{"line":36,"column":56},"end":{"line":36,"column":60}}]},"3":{"loc":{"start":{"line":55,"column":25},"end":{"line":55,"column":68}},"type":"binary-expr","locations":[{"start":{"line":55,"column":25},"end":{"line":55,"column":59}},{"start":{"line":55,"column":63},"end":{"line":55,"column":68}}]},"4":{"loc":{"start":{"line":56,"column":18},"end":{"line":56,"column":43}},"type":"binary-expr","locations":[{"start":{"line":56,"column":18},"end":{"line":56,"column":37}},{"start":{"line":56,"column":41},"end":{"line":56,"column":43}}]},"5":{"loc":{"start":{"line":57,"column":15},"end":{"line":57,"column":45}},"type":"binary-expr","locations":[{"start":{"line":57,"column":15},"end":{"line":57,"column":39}},{"start":{"line":57,"column":43},"end":{"line":57,"column":45}}]},"6":{"loc":{"start":{"line":58,"column":18},"end":{"line":58,"column":43}},"type":"binary-expr","locations":[{"start":{"line":58,"column":18},"end":{"line":58,"column":37}},{"start":{"line":58,"column":41},"end":{"line":58,"column":43}}]},"7":{"loc":{"start":{"line":59,"column":22},"end":{"line":59,"column":51}},"type":"binary-expr","locations":[{"start":{"line":59,"column":22},"end":{"line":59,"column":45}},{"start":{"line":59,"column":49},"end":{"line":59,"column":51}}]},"8":{"loc":{"start":{"line":60,"column":22},"end":{"line":60,"column":51}},"type":"binary-expr","locations":[{"start":{"line":60,"column":22},"end":{"line":60,"column":45}},{"start":{"line":60,"column":49},"end":{"line":60,"column":51}}]},"9":{"loc":{"start":{"line":61,"column":14},"end":{"line":61,"column":35}},"type":"binary-expr","locations":[{"start":{"line":61,"column":14},"end":{"line":61,"column":29}},{"start":{"line":61,"column":33},"end":{"line":61,"column":35}}]},"10":{"loc":{"start":{"line":62,"column":15},"end":{"line":62,"column":37}},"type":"binary-expr","locations":[{"start":{"line":62,"column":15},"end":{"line":62,"column":31}},{"start":{"line":62,"column":35},"end":{"line":62,"column":37}}]},"11":{"loc":{"start":{"line":63,"column":17},"end":{"line":63,"column":41}},"type":"binary-expr","locations":[{"start":{"line":63,"column":17},"end":{"line":63,"column":35}},{"start":{"line":63,"column":39},"end":{"line":63,"column":41}}]},"12":{"loc":{"start":{"line":122,"column":4},"end":{"line":130,"column":null}},"type":"if","locations":[{"start":{"line":122,"column":4},"end":{"line":130,"column":null}}]},"13":{"loc":{"start":{"line":122,"column":8},"end":{"line":122,"column":72}},"type":"binary-expr","locations":[{"start":{"line":122,"column":8},"end":{"line":122,"column":37}},{"start":{"line":122,"column":41},"end":{"line":122,"column":72}}]}},"s":{"0":3,"1":5,"2":5,"3":5,"4":5,"5":5,"6":5,"7":20,"8":5,"9":4,"10":5,"11":4,"12":4,"13":1,"14":3},"f":{"0":5,"1":5,"2":20,"3":5,"4":4,"5":5,"6":4},"b":{"0":[5,4],"1":[4,1],"2":[1,4],"3":[5,4],"4":[5,1],"5":[5,1],"6":[5,1],"7":[5,1],"8":[5,2],"9":[5,2],"10":[5,2],"11":[5,2],"12":[4],"13":[5,4]}}
,"/Users/danielwerner/Repos/leasing-application-webclient/src/lib/parsers.server/form-data/general.parser.ts": {"path":"/Users/danielwerner/Repos/leasing-application-webclient/src/lib/parsers.server/form-data/general.parser.ts","statementMap":{"0":{"start":{"line":2,"column":0},"end":{"line":2,"column":61}},"1":{"start":{"line":5,"column":0},"end":{"line":5,"column":70}},"2":{"start":{"line":9,"column":4},"end":{"line":29,"column":6}},"3":{"start":{"line":33,"column":4},"end":{"line":53,"column":6}},"4":{"start":{"line":57,"column":4},"end":{"line":77,"column":6}},"5":{"start":{"line":81,"column":0},"end":{"line":81,"column":29}}},"fnMap":{"0":{"name":"(anonymous_1)","decl":{"start":{"line":8,"column":2},"end":{"line":8,"column":13}},"loc":{"start":{"line":8,"column":38},"end":{"line":30,"column":3}}},"1":{"name":"(anonymous_2)","decl":{"start":{"line":32,"column":2},"end":{"line":32,"column":12}},"loc":{"start":{"line":32,"column":36},"end":{"line":54,"column":3}}},"2":{"name":"(anonymous_3)","decl":{"start":{"line":56,"column":2},"end":{"line":56,"column":11}},"loc":{"start":{"line":56,"column":36},"end":{"line":78,"column":3}}}},"branchMap":{"0":{"loc":{"start":{"line":37,"column":18},"end":{"line":37,"column":42}},"type":"binary-expr","locations":[{"start":{"line":37,"column":18},"end":{"line":37,"column":36}},{"start":{"line":37,"column":40},"end":{"line":37,"column":42}}]},"1":{"loc":{"start":{"line":38,"column":29},"end":{"line":38,"column":55}},"type":"cond-expr","locations":[{"start":{"line":38,"column":47},"end":{"line":38,"column":49}},{"start":{"line":38,"column":47},"end":{"line":38,"column":55}}]},"2":{"loc":{"start":{"line":38,"column":29},"end":{"line":38,"column":49}},"type":"binary-expr","locations":[{"start":{"line":38,"column":29},"end":{"line":38,"column":49}},{"start":{"line":38,"column":47},"end":{"line":38,"column":49}}]},"3":{"loc":{"start":{"line":61,"column":18},"end":{"line":61,"column":64}},"type":"cond-expr","locations":[{"start":{"line":61,"column":41},"end":{"line":61,"column":43}},{"start":{"line":61,"column":46},"end":{"line":61,"column":64}}]}},"s":{"0":3,"1":3,"2":19,"3":4,"4":3,"5":3},"f":{"0":19,"1":4,"2":3},"b":{"0":[4,2],"1":[1,3],"2":[4,4],"3":[1,2]}}
,"/Users/danielwerner/Repos/leasing-application-webclient/src/lib/parsers.server/form-data/personal-details.parser.ts": {"path":"/Users/danielwerner/Repos/leasing-application-webclient/src/lib/parsers.server/form-data/personal-details.parser.ts","statementMap":{"0":{"start":{"line":13,"column":0},"end":{"line":13,"column":70}},"1":{"start":{"line":14,"column":0},"end":{"line":14,"column":null}},"2":{"start":{"line":21,"column":19},"end":{"line":21,"column":50}},"3":{"start":{"line":22,"column":4},"end":{"line":61,"column":6}},"4":{"start":{"line":65,"column":33},"end":{"line":65,"column":48}},"5":{"start":{"line":66,"column":4},"end":{"line":109,"column":6}},"6":{"start":{"line":113,"column":4},"end":{"line":147,"column":6}},"7":{"start":{"line":151,"column":4},"end":{"line":153,"column":null}},"8":{"start":{"line":152,"column":6},"end":{"line":152,"column":17}},"9":{"start":{"line":155,"column":4},"end":{"line":157,"column":null}},"10":{"start":{"line":156,"column":6},"end":{"line":156,"column":17}},"11":{"start":{"line":159,"column":4},"end":{"line":159,"column":14}},"12":{"start":{"line":163,"column":4},"end":{"line":172,"column":7}},"13":{"start":{"line":164,"column":6},"end":{"line":171,"column":8}},"14":{"start":{"line":178,"column":4},"end":{"line":185,"column":7}},"15":{"start":{"line":179,"column":6},"end":{"line":184,"column":8}},"16":{"start":{"line":192,"column":4},"end":{"line":203,"column":null}},"17":{"start":{"line":193,"column":6},"end":{"line":202,"column":9}},"18":{"start":{"line":194,"column":8},"end":{"line":201,"column":10}},"19":{"start":{"line":205,"column":4},"end":{"line":205,"column":14}},"20":{"start":{"line":212,"column":4},"end":{"line":221,"column":null}},"21":{"start":{"line":213,"column":6},"end":{"line":220,"column":9}},"22":{"start":{"line":214,"column":8},"end":{"line":219,"column":10}},"23":{"start":{"line":223,"column":4},"end":{"line":223,"column":14}},"24":{"start":{"line":230,"column":4},"end":{"line":232,"column":null}},"25":{"start":{"line":231,"column":6},"end":{"line":231,"column":22}},"26":{"start":{"line":234,"column":4},"end":{"line":234,"column":14}},"27":{"start":{"line":238,"column":0},"end":{"line":238,"column":37}}},"fnMap":{"0":{"name":"(anonymous_1)","decl":{"start":{"line":20,"column":2},"end":{"line":20,"column":12}},"loc":{"start":{"line":20,"column":52},"end":{"line":62,"column":3}}},"1":{"name":"(anonymous_2)","decl":{"start":{"line":64,"column":2},"end":{"line":64,"column":11}},"loc":{"start":{"line":64,"column":52},"end":{"line":110,"column":3}}},"2":{"name":"(anonymous_3)","decl":{"start":{"line":112,"column":2},"end":{"line":112,"column":13}},"loc":{"start":{"line":112,"column":38},"end":{"line":148,"column":3}}},"3":{"name":"(anonymous_4)","decl":{"start":{"line":150,"column":10},"end":{"line":150,"column":23}},"loc":{"start":{"line":150,"column":53},"end":{"line":160,"column":3}}},"4":{"name":"(anonymous_5)","decl":{"start":{"line":162,"column":10},"end":{"line":162,"column":31}},"loc":{"start":{"line":162,"column":56},"end":{"line":173,"column":3}}},"5":{"name":"(anonymous_6)","decl":{"start":{"line":163,"column":23},"end":{"line":163,"column":24}},"loc":{"start":{"line":163,"column":34},"end":{"line":172,"column":5}}},"6":{"name":"(anonymous_7)","decl":{"start":{"line":175,"column":10},"end":{"line":175,"column":33}},"loc":{"start":{"line":176,"column":34},"end":{"line":186,"column":3}}},"7":{"name":"(anonymous_8)","decl":{"start":{"line":178,"column":26},"end":{"line":178,"column":27}},"loc":{"start":{"line":178,"column":40},"end":{"line":185,"column":5}}},"8":{"name":"(anonymous_9)","decl":{"start":{"line":188,"column":10},"end":{"line":188,"column":30}},"loc":{"start":{"line":190,"column":41},"end":{"line":206,"column":3}}},"9":{"name":"(anonymous_10)","decl":{"start":{"line":193,"column":25},"end":{"line":193,"column":26}},"loc":{"start":{"line":193,"column":36},"end":{"line":202,"column":7}}},"10":{"name":"(anonymous_11)","decl":{"start":{"line":208,"column":10},"end":{"line":208,"column":32}},"loc":{"start":{"line":210,"column":47},"end":{"line":224,"column":3}}},"11":{"name":"(anonymous_12)","decl":{"start":{"line":213,"column":28},"end":{"line":213,"column":29}},"loc":{"start":{"line":213,"column":42},"end":{"line":220,"column":7}}},"12":{"name":"(anonymous_13)","decl":{"start":{"line":226,"column":10},"end":{"line":226,"column":31}},"loc":{"start":{"line":228,"column":42},"end":{"line":235,"column":3}}}},"branchMap":{"0":{"loc":{"start":{"line":25,"column":11},"end":{"line":25,"column":68}},"type":"cond-expr","locations":[{"start":{"line":25,"column":30},"end":{"line":25,"column":63}},{"start":{"line":25,"column":66},"end":{"line":25,"column":68}}]},"1":{"loc":{"start":{"line":27,"column":8},"end":{"line":27,"column":65}},"type":"cond-expr","locations":[{"start":{"line":27,"column":27},"end":{"line":27,"column":60}},{"start":{"line":27,"column":63},"end":{"line":27,"column":65}}]},"2":{"loc":{"start":{"line":28,"column":11},"end":{"line":28,"column":68}},"type":"cond-expr","locations":[{"start":{"line":28,"column":30},"end":{"line":28,"column":63}},{"start":{"line":28,"column":66},"end":{"line":28,"column":68}}]},"3":{"loc":{"start":{"line":30,"column":8},"end":{"line":30,"column":65}},"type":"cond-expr","locations":[{"start":{"line":30,"column":27},"end":{"line":30,"column":60}},{"start":{"line":30,"column":63},"end":{"line":30,"column":65}}]},"4":{"loc":{"start":{"line":40,"column":21},"end":{"line":40,"column":69}},"type":"cond-expr","locations":[{"start":{"line":40,"column":57},"end":{"line":40,"column":62}},{"start":{"line":40,"column":65},"end":{"line":40,"column":69}}]},"5":{"loc":{"start":{"line":41,"column":18},"end":{"line":41,"column":63}},"type":"cond-expr","locations":[{"start":{"line":41,"column":51},"end":{"line":41,"column":56}},{"start":{"line":41,"column":59},"end":{"line":41,"column":63}}]},"6":{"loc":{"start":{"line":42,"column":19},"end":{"line":42,"column":64}},"type":"cond-expr","locations":[{"start":{"line":42,"column":52},"end":{"line":42,"column":57}},{"start":{"line":42,"column":60},"end":{"line":42,"column":64}}]},"7":{"loc":{"start":{"line":46,"column":25},"end":{"line":46,"column":70}},"type":"cond-expr","locations":[{"start":{"line":46,"column":58},"end":{"line":46,"column":63}},{"start":{"line":46,"column":66},"end":{"line":46,"column":70}}]},"8":{"loc":{"start":{"line":52,"column":8},"end":{"line":52,"column":60}},"type":"binary-expr","locations":[{"start":{"line":52,"column":8},"end":{"line":52,"column":51}},{"start":{"line":52,"column":55},"end":{"line":52,"column":60}}]},"9":{"loc":{"start":{"line":150,"column":24},"end":{"line":150,"column":33}},"type":"default-arg","locations":[{"start":{"line":150,"column":31},"end":{"line":150,"column":33}}]},"10":{"loc":{"start":{"line":150,"column":35},"end":{"line":150,"column":43}},"type":"default-arg","locations":[{"start":{"line":150,"column":41},"end":{"line":150,"column":43}}]},"11":{"loc":{"start":{"line":150,"column":45},"end":{"line":150,"column":53}},"type":"default-arg","locations":[{"start":{"line":150,"column":51},"end":{"line":150,"column":53}}]},"12":{"loc":{"start":{"line":151,"column":4},"end":{"line":153,"column":null}},"type":"if","locations":[{"start":{"line":151,"column":4},"end":{"line":153,"column":null}}]},"13":{"loc":{"start":{"line":155,"column":4},"end":{"line":157,"column":null}},"type":"if","locations":[{"start":{"line":155,"column":4},"end":{"line":157,"column":null}}]},"14":{"loc":{"start":{"line":192,"column":4},"end":{"line":203,"column":null}},"type":"if","locations":[{"start":{"line":192,"column":4},"end":{"line":203,"column":null}}]},"15":{"loc":{"start":{"line":192,"column":8},"end":{"line":192,"column":54}},"type":"binary-expr","locations":[{"start":{"line":192,"column":8},"end":{"line":192,"column":28}},{"start":{"line":192,"column":32},"end":{"line":192,"column":54}}]},"16":{"loc":{"start":{"line":212,"column":4},"end":{"line":221,"column":null}},"type":"if","locations":[{"start":{"line":212,"column":4},"end":{"line":221,"column":null}}]},"17":{"loc":{"start":{"line":212,"column":8},"end":{"line":212,"column":60}},"type":"binary-expr","locations":[{"start":{"line":212,"column":8},"end":{"line":212,"column":31}},{"start":{"line":212,"column":35},"end":{"line":212,"column":60}}]},"18":{"loc":{"start":{"line":230,"column":4},"end":{"line":232,"column":null}},"type":"if","locations":[{"start":{"line":230,"column":4},"end":{"line":232,"column":null}}]},"19":{"loc":{"start":{"line":230,"column":8},"end":{"line":230,"column":56}},"type":"binary-expr","locations":[{"start":{"line":230,"column":8},"end":{"line":230,"column":29}},{"start":{"line":230,"column":33},"end":{"line":230,"column":56}}]}},"s":{"0":3,"1":3,"2":6,"3":6,"4":8,"5":8,"6":20,"7":8,"8":5,"9":3,"10":1,"11":2,"12":6,"13":5,"14":6,"15":5,"16":8,"17":7,"18":7,"19":1,"20":8,"21":7,"22":7,"23":1,"24":8,"25":7,"26":1,"27":3},"f":{"0":6,"1":8,"2":20,"3":8,"4":6,"5":5,"6":6,"7":5,"8":8,"9":7,"10":8,"11":7,"12":8},"b":{"0":[4,2],"1":[4,2],"2":[1,5],"3":[1,5],"4":[5,1],"5":[5,1],"6":[5,1],"7":[5,1],"8":[6,1],"9":[1],"10":[1],"11":[1],"12":[5],"13":[1],"14":[7],"15":[8,7],"16":[7],"17":[8,7],"18":[7],"19":[8,7]}}
,"/Users/danielwerner/Repos/leasing-application-webclient/src/lib/parsers.server/form-data/residence.parser.ts": {"path":"/Users/danielwerner/Repos/leasing-application-webclient/src/lib/parsers.server/form-data/residence.parser.ts","statementMap":{"0":{"start":{"line":1,"column":0},"end":{"line":1,"column":34}},"1":{"start":{"line":4,"column":0},"end":{"line":4,"column":92}},"2":{"start":{"line":7,"column":0},"end":{"line":7,"column":44}},"3":{"start":{"line":8,"column":0},"end":{"line":8,"column":51}},"4":{"start":{"line":10,"column":35},"end":{"line":11,"column":null}},"5":{"start":{"line":16,"column":49},"end":{"line":16,"column":59}},"6":{"start":{"line":17,"column":4},"end":{"line":45,"column":6}},"7":{"start":{"line":30,"column":8},"end":{"line":40,"column":10}},"8":{"start":{"line":49,"column":49},"end":{"line":49,"column":59}},"9":{"start":{"line":50,"column":4},"end":{"line":77,"column":6}},"10":{"start":{"line":65,"column":12},"end":{"line":75,"column":14}},"11":{"start":{"line":81,"column":4},"end":{"line":97,"column":6}},"12":{"start":{"line":101,"column":0},"end":{"line":101,"column":31}}},"fnMap":{"0":{"name":"(anonymous_1)","decl":{"start":{"line":15,"column":2},"end":{"line":15,"column":12}},"loc":{"start":{"line":15,"column":42},"end":{"line":46,"column":3}}},"1":{"name":"(anonymous_2)","decl":{"start":{"line":29,"column":41},"end":{"line":29,"column":42}},"loc":{"start":{"line":29,"column":55},"end":{"line":41,"column":7}}},"2":{"name":"(anonymous_3)","decl":{"start":{"line":48,"column":2},"end":{"line":48,"column":11}},"loc":{"start":{"line":48,"column":42},"end":{"line":78,"column":3}}},"3":{"name":"(anonymous_4)","decl":{"start":{"line":64,"column":29},"end":{"line":64,"column":30}},"loc":{"start":{"line":64,"column":43},"end":{"line":76,"column":11}}},"4":{"name":"(anonymous_5)","decl":{"start":{"line":80,"column":2},"end":{"line":80,"column":13}},"loc":{"start":{"line":80,"column":13},"end":{"line":98,"column":3}}}},"branchMap":{"0":{"loc":{"start":{"line":62,"column":22},"end":{"line":76,"column":12}},"type":"cond-expr","locations":[{"start":{"line":63,"column":10},"end":{"line":63,"column":12}},{"start":{"line":64,"column":10},"end":{"line":76,"column":12}}]}},"s":{"0":3,"1":3,"2":3,"3":3,"4":3,"5":1,"6":1,"7":1,"8":2,"9":2,"10":1,"11":20,"12":3},"f":{"0":1,"1":1,"2":2,"3":1,"4":20},"b":{"0":[1,1]}}
,"/Users/danielwerner/Repos/leasing-application-webclient/src/lib/parsers.server/integration-data/files.parser.ts": {"path":"/Users/danielwerner/Repos/leasing-application-webclient/src/lib/parsers.server/integration-data/files.parser.ts","statementMap":{"0":{"start":{"line":31,"column":10},"end":{"line":38,"column":4}},"1":{"start":{"line":35,"column":4},"end":{"line":37,"column":6}},"2":{"start":{"line":36,"column":6},"end":{"line":36,"column":45}},"3":{"start":{"line":15,"column":4},"end":{"line":15,"column":61}},"4":{"start":{"line":19,"column":26},"end":{"line":20,"column":null}},"5":{"start":{"line":20,"column":19},"end":{"line":20,"column":50}},"6":{"start":{"line":22,"column":4},"end":{"line":28,"column":6}},"7":{"start":{"line":43,"column":4},"end":{"line":68,"column":null}},"8":{"start":{"line":44,"column":25},"end":{"line":48,"column":34}},"9":{"start":{"line":46,"column":10},"end":{"line":46,"column":70}},"10":{"start":{"line":49,"column":28},"end":{"line":53,"column":34}},"11":{"start":{"line":51,"column":10},"end":{"line":51,"column":62}},"12":{"start":{"line":54,"column":23},"end":{"line":56,"column":34}},"13":{"start":{"line":55,"column":30},"end":{"line":55,"column":77}},"14":{"start":{"line":57,"column":27},"end":{"line":61,"column":34}},"15":{"start":{"line":59,"column":10},"end":{"line":59,"column":63}},"16":{"start":{"line":62,"column":6},"end":{"line":67,"column":8}},"17":{"start":{"line":69,"column":4},"end":{"line":74,"column":6}},"18":{"start":{"line":78,"column":0},"end":{"line":78,"column":27}}},"fnMap":{"0":{"name":"(anonymous_0)","decl":{"start":{"line":10,"column":0},"end":{"line":10,"column":6}},"loc":{"start":{"line":10,"column":0},"end":{"line":76,"column":1}}},"1":{"name":"(anonymous_1)","decl":{"start":{"line":31,"column":34},"end":{"line":31,"column":null}},"loc":{"start":{"line":34,"column":15},"end":{"line":38,"column":3}}},"2":{"name":"(anonymous_2)","decl":{"start":{"line":35,"column":32},"end":{"line":35,"column":33}},"loc":{"start":{"line":36,"column":6},"end":{"line":36,"column":45}}},"3":{"name":"(anonymous_3)","decl":{"start":{"line":11,"column":10},"end":{"line":11,"column":33}},"loc":{"start":{"line":13,"column":16},"end":{"line":16,"column":3}}},"4":{"name":"(anonymous_4)","decl":{"start":{"line":18,"column":10},"end":{"line":18,"column":25}},"loc":{"start":{"line":18,"column":66},"end":{"line":29,"column":3}}},"5":{"name":"(anonymous_5)","decl":{"start":{"line":20,"column":6},"end":{"line":20,"column":7}},"loc":{"start":{"line":20,"column":19},"end":{"line":20,"column":50}}},"6":{"name":"(anonymous_6)","decl":{"start":{"line":40,"column":2},"end":{"line":40,"column":12}},"loc":{"start":{"line":41,"column":47},"end":{"line":75,"column":3}}},"7":{"name":"(anonymous_7)","decl":{"start":{"line":45,"column":16},"end":{"line":45,"column":17}},"loc":{"start":{"line":46,"column":10},"end":{"line":46,"column":70}}},"8":{"name":"(anonymous_8)","decl":{"start":{"line":50,"column":16},"end":{"line":50,"column":17}},"loc":{"start":{"line":51,"column":10},"end":{"line":51,"column":62}}},"9":{"name":"(anonymous_9)","decl":{"start":{"line":55,"column":16},"end":{"line":55,"column":17}},"loc":{"start":{"line":55,"column":30},"end":{"line":55,"column":77}}},"10":{"name":"(anonymous_10)","decl":{"start":{"line":58,"column":16},"end":{"line":58,"column":17}},"loc":{"start":{"line":59,"column":10},"end":{"line":59,"column":63}}}},"branchMap":{"0":{"loc":{"start":{"line":15,"column":11},"end":{"line":15,"column":60}},"type":"binary-expr","locations":[{"start":{"line":15,"column":11},"end":{"line":15,"column":38}},{"start":{"line":15,"column":42},"end":{"line":15,"column":60}}]},"1":{"loc":{"start":{"line":24,"column":21},"end":{"line":24,"column":47}},"type":"cond-expr","locations":[{"start":{"line":24,"column":41},"end":{"line":24,"column":45}},{"start":{"line":24,"column":45},"end":{"line":24,"column":47}}]},"2":{"loc":{"start":{"line":24,"column":21},"end":{"line":24,"column":45}},"type":"binary-expr","locations":[{"start":{"line":24,"column":21},"end":{"line":24,"column":45}},{"start":{"line":24,"column":41},"end":{"line":24,"column":45}}]},"3":{"loc":{"start":{"line":24,"column":21},"end":{"line":24,"column":41}},"type":"cond-expr","locations":[{"start":{"line":24,"column":34},"end":{"line":24,"column":36}},{"start":{"line":24,"column":21},"end":{"line":24,"column":41}}]},"4":{"loc":{"start":{"line":24,"column":21},"end":{"line":24,"column":36}},"type":"binary-expr","locations":[{"start":{"line":24,"column":21},"end":{"line":24,"column":36}},{"start":{"line":24,"column":21},"end":{"line":24,"column":36}}]},"5":{"loc":{"start":{"line":43,"column":4},"end":{"line":68,"column":null}},"type":"if","locations":[{"start":{"line":43,"column":4},"end":{"line":68,"column":null}}]},"6":{"loc":{"start":{"line":43,"column":8},"end":{"line":43,"column":45}},"type":"binary-expr","locations":[{"start":{"line":43,"column":8},"end":{"line":43,"column":17}},{"start":{"line":43,"column":21},"end":{"line":43,"column":45}}]}},"s":{"0":21,"1":12,"2":20,"3":20,"4":3,"5":3,"6":3,"7":24,"8":2,"9":3,"10":2,"11":3,"12":2,"13":3,"14":2,"15":3,"16":2,"17":22,"18":3},"f":{"0":21,"1":12,"2":20,"3":20,"4":3,"5":3,"6":24,"7":3,"8":3,"9":3,"10":3},"b":{"0":[20,12],"1":[1,2],"2":[3,3],"3":[1,2],"4":[3,3],"5":[2],"6":[24,19]}}
,"/Users/danielwerner/Repos/leasing-application-webclient/src/lib/request-handlers/manage-route.ts": {"path":"/Users/danielwerner/Repos/leasing-application-webclient/src/lib/request-handlers/manage-route.ts","statementMap":{"0":{"start":{"line":1,"column":0},"end":{"line":1,"column":41}},"1":{"start":{"line":3,"column":0},"end":{"line":3,"column":null}},"2":{"start":{"line":7,"column":0},"end":{"line":7,"column":69}},"3":{"start":{"line":9,"column":36},"end":{"line":21,"column":1}},"4":{"start":{"line":13,"column":2},"end":{"line":20,"column":null}},"5":{"start":{"line":19,"column":4},"end":{"line":19,"column":53}},"6":{"start":{"line":9,"column":13},"end":{"line":9,"column":36}}},"fnMap":{"0":{"name":"(anonymous_0)","decl":{"start":{"line":9,"column":36},"end":{"line":9,"column":null}},"loc":{"start":{"line":12,"column":4},"end":{"line":21,"column":1}}}},"branchMap":{"0":{"loc":{"start":{"line":13,"column":2},"end":{"line":20,"column":null}},"type":"if","locations":[{"start":{"line":13,"column":2},"end":{"line":20,"column":null}}]},"1":{"loc":{"start":{"line":15,"column":6},"end":{"line":16,"column":53}},"type":"binary-expr","locations":[{"start":{"line":15,"column":6},"end":{"line":15,"column":49}},{"start":{"line":16,"column":6},"end":{"line":16,"column":53}}]}},"s":{"0":1,"1":1,"2":1,"3":1,"4":3,"5":2,"6":1},"f":{"0":3},"b":{"0":[2],"1":[3,2]}}
,"/Users/danielwerner/Repos/leasing-application-webclient/src/lib/request-handlers/shared/authorize.ts": {"path":"/Users/danielwerner/Repos/leasing-application-webclient/src/lib/request-handlers/shared/authorize.ts","statementMap":{"0":{"start":{"line":1,"column":0},"end":{"line":1,"column":60}},"1":{"start":{"line":3,"column":0},"end":{"line":3,"column":56}},"2":{"start":{"line":4,"column":0},"end":{"line":4,"column":67}},"3":{"start":{"line":6,"column":67},"end":{"line":6,"column":77}},"4":{"start":{"line":7,"column":17},"end":{"line":7,"column":53}},"5":{"start":{"line":9,"column":25},"end":{"line":20,"column":1}},"6":{"start":{"line":10,"column":18},"end":{"line":10,"column":59}},"7":{"start":{"line":11,"column":34},"end":{"line":11,"column":57}},"8":{"start":{"line":12,"column":2},"end":{"line":18,"column":null}},"9":{"start":{"line":13,"column":27},"end":{"line":13,"column":76}},"10":{"start":{"line":14,"column":24},"end":{"line":16,"column":7}},"11":{"start":{"line":17,"column":4},"end":{"line":17,"column":37}},"12":{"start":{"line":19,"column":2},"end":{"line":19,"column":33}},"13":{"start":{"line":9,"column":13},"end":{"line":9,"column":25}}},"fnMap":{"0":{"name":"(anonymous_0)","decl":{"start":{"line":9,"column":25},"end":{"line":9,"column":26}},"loc":{"start":{"line":9,"column":63},"end":{"line":20,"column":1}}}},"branchMap":{"0":{"loc":{"start":{"line":10,"column":18},"end":{"line":10,"column":59}},"type":"binary-expr","locations":[{"start":{"line":10,"column":18},"end":{"line":10,"column":53}},{"start":{"line":10,"column":57},"end":{"line":10,"column":59}}]},"1":{"loc":{"start":{"line":12,"column":2},"end":{"line":18,"column":null}},"type":"if","locations":[{"start":{"line":12,"column":2},"end":{"line":18,"column":null}}]},"2":{"loc":{"start":{"line":12,"column":6},"end":{"line":12,"column":29}},"type":"binary-expr","locations":[{"start":{"line":12,"column":6},"end":{"line":12,"column":17}},{"start":{"line":12,"column":21},"end":{"line":12,"column":29}}]}},"s":{"0":2,"1":2,"2":2,"3":2,"4":2,"5":2,"6":7,"7":7,"8":7,"9":6,"10":6,"11":6,"12":1,"13":2},"f":{"0":7},"b":{"0":[7,6],"1":[6],"2":[7,4]}}
,"/Users/danielwerner/Repos/leasing-application-webclient/src/lib/schemas/bank-account.schema.ts": {"path":"/Users/danielwerner/Repos/leasing-application-webclient/src/lib/schemas/bank-account.schema.ts","statementMap":{"0":{"start":{"line":1,"column":0},"end":{"line":1,"column":42}},"1":{"start":{"line":3,"column":0},"end":{"line":3,"column":45}},"2":{"start":{"line":5,"column":15},"end":{"line":28,"column":2}},"3":{"start":{"line":30,"column":18},"end":{"line":30,"column":39}},"4":{"start":{"line":32,"column":0},"end":{"line":32,"column":25}}},"fnMap":{},"branchMap":{},"s":{"0":1,"1":1,"2":1,"3":1,"4":1},"f":{},"b":{}}
,"/Users/danielwerner/Repos/leasing-application-webclient/src/lib/schemas/manage-applicants.schema.ts": {"path":"/Users/danielwerner/Repos/leasing-application-webclient/src/lib/schemas/manage-applicants.schema.ts","statementMap":{"0":{"start":{"line":1,"column":0},"end":{"line":1,"column":37}},"1":{"start":{"line":3,"column":0},"end":{"line":3,"column":45}},"2":{"start":{"line":5,"column":0},"end":{"line":5,"column":64}},"3":{"start":{"line":7,"column":13},"end":{"line":46,"column":2}},"4":{"start":{"line":16,"column":4},"end":{"line":18,"column":null}},"5":{"start":{"line":17,"column":6},"end":{"line":17,"column":18}},"6":{"start":{"line":20,"column":4},"end":{"line":29,"column":null}},"7":{"start":{"line":24,"column":6},"end":{"line":28,"column":9}},"8":{"start":{"line":32,"column":6},"end":{"line":34,"column":14}},"9":{"start":{"line":33,"column":27},"end":{"line":33,"column":48}},"10":{"start":{"line":36,"column":4},"end":{"line":42,"column":null}},"11":{"start":{"line":37,"column":6},"end":{"line":41,"column":9}},"12":{"start":{"line":44,"column":4},"end":{"line":44,"column":16}},"13":{"start":{"line":48,"column":18},"end":{"line":48,"column":48}},"14":{"start":{"line":50,"column":0},"end":{"line":50,"column":25}}},"fnMap":{"0":{"name":"(anonymous_1)","decl":{"start":{"line":15,"column":2},"end":{"line":15,"column":12}},"loc":{"start":{"line":15,"column":17},"end":{"line":45,"column":3}}},"1":{"name":"(anonymous_2)","decl":{"start":{"line":33,"column":8},"end":{"line":33,"column":9}},"loc":{"start":{"line":33,"column":27},"end":{"line":33,"column":48}}}},"branchMap":{"0":{"loc":{"start":{"line":16,"column":4},"end":{"line":18,"column":null}},"type":"if","locations":[{"start":{"line":16,"column":4},"end":{"line":18,"column":null}}]},"1":{"loc":{"start":{"line":20,"column":4},"end":{"line":29,"column":null}},"type":"if","locations":[{"start":{"line":20,"column":4},"end":{"line":29,"column":null}}]},"2":{"loc":{"start":{"line":21,"column":6},"end":{"line":22,"column":55}},"type":"binary-expr","locations":[{"start":{"line":21,"column":6},"end":{"line":21,"column":40}},{"start":{"line":22,"column":6},"end":{"line":22,"column":55}}]},"3":{"loc":{"start":{"line":21,"column":6},"end":{"line":21,"column":40}},"type":"cond-expr","locations":[{"start":{"line":21,"column":26},"end":{"line":21,"column":28}},{"start":{"line":21,"column":26},"end":{"line":21,"column":40}}]},"4":{"loc":{"start":{"line":21,"column":6},"end":{"line":21,"column":28}},"type":"binary-expr","locations":[{"start":{"line":21,"column":6},"end":{"line":21,"column":28}},{"start":{"line":21,"column":26},"end":{"line":21,"column":28}}]},"5":{"loc":{"start":{"line":32,"column":6},"end":{"line":34,"column":14}},"type":"cond-expr","locations":[{"start":{"line":32,"column":56},"end":{"line":32,"column":58}},{"start":{"line":32,"column":56},"end":{"line":34,"column":14}}]},"6":{"loc":{"start":{"line":32,"column":6},"end":{"line":32,"column":58}},"type":"binary-expr","locations":[{"start":{"line":32,"column":6},"end":{"line":32,"column":58}},{"start":{"line":32,"column":56},"end":{"line":32,"column":58}}]},"7":{"loc":{"start":{"line":32,"column":6},"end":{"line":32,"column":56}},"type":"cond-expr","locations":[{"start":{"line":32,"column":26},"end":{"line":32,"column":28}},{"start":{"line":32,"column":26},"end":{"line":32,"column":56}}]},"8":{"loc":{"start":{"line":32,"column":6},"end":{"line":32,"column":28}},"type":"binary-expr","locations":[{"start":{"line":32,"column":6},"end":{"line":32,"column":28}},{"start":{"line":32,"column":26},"end":{"line":32,"column":28}}]},"9":{"loc":{"start":{"line":36,"column":4},"end":{"line":42,"column":null}},"type":"if","locations":[{"start":{"line":36,"column":4},"end":{"line":42,"column":null}}]}},"s":{"0":1,"1":1,"2":1,"3":1,"4":6,"5":1,"6":5,"7":1,"8":4,"9":2,"10":4,"11":1,"12":3,"13":1,"14":1},"f":{"0":6,"1":2},"b":{"0":[1],"1":[1],"2":[5,2],"3":[1,4],"4":[5,5],"5":[2,2],"6":[4,4],"7":[1,3],"8":[4,4],"9":[1]}}
,"/Users/danielwerner/Repos/leasing-application-webclient/src/lib/schemas/validations.ts": {"path":"/Users/danielwerner/Repos/leasing-application-webclient/src/lib/schemas/validations.ts","statementMap":{"0":{"start":{"line":1,"column":0},"end":{"line":1,"column":26}},"1":{"start":{"line":2,"column":0},"end":{"line":2,"column":29}},"2":{"start":{"line":4,"column":22},"end":{"line":4,"column":34}},"3":{"start":{"line":5,"column":26},"end":{"line":5,"column":34}},"4":{"start":{"line":6,"column":32},"end":{"line":6,"column":50}},"5":{"start":{"line":8,"column":13},"end":{"line":8,"column":66}},"6":{"start":{"line":9,"column":13},"end":{"line":10,"column":154}},"7":{"start":{"line":12,"column":13},"end":{"line":14,"column":74}},"8":{"start":{"line":16,"column":13},"end":{"line":33,"column":5}},"9":{"start":{"line":19,"column":26},"end":{"line":19,"column":61}},"10":{"start":{"line":20,"column":27},"end":{"line":20,"column":72}},"11":{"start":{"line":21,"column":4},"end":{"line":23,"column":null}},"12":{"start":{"line":22,"column":6},"end":{"line":22,"column":18}},"13":{"start":{"line":24,"column":4},"end":{"line":32,"column":null}},"14":{"start":{"line":25,"column":6},"end":{"line":27,"column":9}},"15":{"start":{"line":29,"column":6},"end":{"line":31,"column":9}},"16":{"start":{"line":35,"column":13},"end":{"line":38,"column":76}},"17":{"start":{"line":40,"column":13},"end":{"line":43,"column":48}},"18":{"start":{"line":45,"column":13},"end":{"line":50,"column":5}},"19":{"start":{"line":49,"column":4},"end":{"line":49,"column":34}}},"fnMap":{"0":{"name":"(anonymous_1)","decl":{"start":{"line":18,"column":47},"end":{"line":18,"column":57}},"loc":{"start":{"line":18,"column":62},"end":{"line":33,"column":3}}},"1":{"name":"(anonymous_2)","decl":{"start":{"line":48,"column":56},"end":{"line":48,"column":57}},"loc":{"start":{"line":48,"column":66},"end":{"line":50,"column":3}}}},"branchMap":{"0":{"loc":{"start":{"line":21,"column":4},"end":{"line":23,"column":null}},"type":"if","locations":[{"start":{"line":21,"column":4},"end":{"line":23,"column":null}}]},"1":{"loc":{"start":{"line":21,"column":8},"end":{"line":21,"column":39}},"type":"binary-expr","locations":[{"start":{"line":21,"column":8},"end":{"line":21,"column":21}},{"start":{"line":21,"column":25},"end":{"line":21,"column":39}}]},"2":{"loc":{"start":{"line":24,"column":4},"end":{"line":32,"column":null}},"type":"if","locations":[{"start":{"line":24,"column":4},"end":{"line":32,"column":null}},{"start":{"line":28,"column":11},"end":{"line":32,"column":null}}]}},"s":{"0":10,"1":10,"2":10,"3":10,"4":10,"5":10,"6":10,"7":10,"8":10,"9":30,"10":30,"11":30,"12":25,"13":5,"14":2,"15":3,"16":10,"17":10,"18":10,"19":32},"f":{"0":30,"1":32},"b":{"0":[25],"1":[30,7],"2":[2,3]}}
,"/Users/danielwerner/Repos/leasing-application-webclient/src/lib/schemas/form-data/coapplicants.schema.ts": {"path":"/Users/danielwerner/Repos/leasing-application-webclient/src/lib/schemas/form-data/coapplicants.schema.ts","statementMap":{"0":{"start":{"line":1,"column":0},"end":{"line":1,"column":50}},"1":{"start":{"line":3,"column":0},"end":{"line":3,"column":75}},"2":{"start":{"line":4,"column":0},"end":{"line":4,"column":70}},"3":{"start":{"line":5,"column":0},"end":{"line":5,"column":45}},"4":{"start":{"line":7,"column":13},"end":{"line":42,"column":2}},"5":{"start":{"line":17,"column":4},"end":{"line":19,"column":null}},"6":{"start":{"line":18,"column":6},"end":{"line":18,"column":18}},"7":{"start":{"line":21,"column":4},"end":{"line":28,"column":null}},"8":{"start":{"line":25,"column":6},"end":{"line":27,"column":9}},"9":{"start":{"line":30,"column":23},"end":{"line":32,"column":12}},"10":{"start":{"line":31,"column":36},"end":{"line":31,"column":63}},"11":{"start":{"line":34,"column":4},"end":{"line":38,"column":null}},"12":{"start":{"line":35,"column":6},"end":{"line":37,"column":9}},"13":{"start":{"line":40,"column":4},"end":{"line":40,"column":16}},"14":{"start":{"line":44,"column":13},"end":{"line":66,"column":3}},"15":{"start":{"line":49,"column":6},"end":{"line":51,"column":null}},"16":{"start":{"line":50,"column":8},"end":{"line":50,"column":34}},"17":{"start":{"line":52,"column":6},"end":{"line":52,"column":27}},"18":{"start":{"line":68,"column":18},"end":{"line":68,"column":58}},"19":{"start":{"line":70,"column":0},"end":{"line":70,"column":25}}},"fnMap":{"0":{"name":"(anonymous_1)","decl":{"start":{"line":16,"column":2},"end":{"line":16,"column":12}},"loc":{"start":{"line":16,"column":17},"end":{"line":41,"column":3}}},"1":{"name":"(anonymous_2)","decl":{"start":{"line":31,"column":6},"end":{"line":31,"column":7}},"loc":{"start":{"line":31,"column":36},"end":{"line":31,"column":63}}},"2":{"name":"(anonymous_3)","decl":{"start":{"line":48,"column":30},"end":{"line":48,"column":31}},"loc":{"start":{"line":48,"column":65},"end":{"line":53,"column":5}}}},"branchMap":{"0":{"loc":{"start":{"line":17,"column":4},"end":{"line":19,"column":null}},"type":"if","locations":[{"start":{"line":17,"column":4},"end":{"line":19,"column":null}}]},"1":{"loc":{"start":{"line":17,"column":8},"end":{"line":17,"column":51}},"type":"binary-expr","locations":[{"start":{"line":17,"column":8},"end":{"line":17,"column":20}},{"start":{"line":17,"column":24},"end":{"line":17,"column":51}}]},"2":{"loc":{"start":{"line":21,"column":4},"end":{"line":28,"column":null}},"type":"if","locations":[{"start":{"line":21,"column":4},"end":{"line":28,"column":null}}]},"3":{"loc":{"start":{"line":22,"column":6},"end":{"line":23,"column":55}},"type":"binary-expr","locations":[{"start":{"line":22,"column":6},"end":{"line":22,"column":40}},{"start":{"line":23,"column":6},"end":{"line":23,"column":55}}]},"4":{"loc":{"start":{"line":22,"column":6},"end":{"line":22,"column":40}},"type":"cond-expr","locations":[{"start":{"line":22,"column":26},"end":{"line":22,"column":28}},{"start":{"line":22,"column":26},"end":{"line":22,"column":40}}]},"5":{"loc":{"start":{"line":22,"column":6},"end":{"line":22,"column":28}},"type":"binary-expr","locations":[{"start":{"line":22,"column":6},"end":{"line":22,"column":28}},{"start":{"line":22,"column":26},"end":{"line":22,"column":28}}]},"6":{"loc":{"start":{"line":34,"column":4},"end":{"line":38,"column":null}},"type":"if","locations":[{"start":{"line":34,"column":4},"end":{"line":38,"column":null}}]},"7":{"loc":{"start":{"line":49,"column":6},"end":{"line":51,"column":null}},"type":"if","locations":[{"start":{"line":49,"column":6},"end":{"line":51,"column":null}}]}},"s":{"0":1,"1":1,"2":1,"3":1,"4":1,"5":7,"6":1,"7":6,"8":1,"9":5,"10":8,"11":5,"12":1,"13":4,"14":1,"15":14,"16":2,"17":12,"18":1,"19":1},"f":{"0":7,"1":8,"2":14},"b":{"0":[1],"1":[7,7],"2":[1],"3":[6,2],"4":[4,2],"5":[6,6],"6":[1],"7":[2]}}
,"/Users/danielwerner/Repos/leasing-application-webclient/src/lib/schemas/form-data/documents.schema.ts": {"path":"/Users/danielwerner/Repos/leasing-application-webclient/src/lib/schemas/form-data/documents.schema.ts","statementMap":{"0":{"start":{"line":1,"column":0},"end":{"line":1,"column":43}},"1":{"start":{"line":3,"column":0},"end":{"line":3,"column":45}},"2":{"start":{"line":5,"column":13},"end":{"line":10,"column":3}},"3":{"start":{"line":12,"column":18},"end":{"line":12,"column":55}},"4":{"start":{"line":14,"column":0},"end":{"line":14,"column":25}}},"fnMap":{},"branchMap":{},"s":{"0":1,"1":1,"2":1,"3":1,"4":1},"f":{},"b":{}}
,"/Users/danielwerner/Repos/leasing-application-webclient/src/lib/schemas/form-data/employment.schema.ts": {"path":"/Users/danielwerner/Repos/leasing-application-webclient/src/lib/schemas/form-data/employment.schema.ts","statementMap":{"0":{"start":{"line":1,"column":0},"end":{"line":1,"column":50}},"1":{"start":{"line":3,"column":0},"end":{"line":3,"column":null}},"2":{"start":{"line":7,"column":0},"end":{"line":7,"column":45}},"3":{"start":{"line":9,"column":13},"end":{"line":13,"column":3}},"4":{"start":{"line":15,"column":13},"end":{"line":84,"column":3}},"5":{"start":{"line":38,"column":6},"end":{"line":42,"column":null}},"6":{"start":{"line":39,"column":8},"end":{"line":39,"column":55}},"7":{"start":{"line":41,"column":8},"end":{"line":41,"column":55}},"8":{"start":{"line":52,"column":8},"end":{"line":54,"column":null}},"9":{"start":{"line":53,"column":10},"end":{"line":53,"column":36}},"10":{"start":{"line":56,"column":8},"end":{"line":56,"column":22}},"11":{"start":{"line":86,"column":18},"end":{"line":86,"column":56}},"12":{"start":{"line":88,"column":0},"end":{"line":88,"column":25}}},"fnMap":{"0":{"name":"(anonymous_1)","decl":{"start":{"line":37,"column":4},"end":{"line":37,"column":5}},"loc":{"start":{"line":37,"column":49},"end":{"line":43,"column":5}}},"1":{"name":"(anonymous_2)","decl":{"start":{"line":51,"column":6},"end":{"line":51,"column":7}},"loc":{"start":{"line":51,"column":49},"end":{"line":57,"column":7}}}},"branchMap":{"0":{"loc":{"start":{"line":38,"column":6},"end":{"line":42,"column":null}},"type":"if","locations":[{"start":{"line":38,"column":6},"end":{"line":42,"column":null}},{"start":{"line":40,"column":13},"end":{"line":42,"column":null}}]},"1":{"loc":{"start":{"line":52,"column":8},"end":{"line":54,"column":null}},"type":"if","locations":[{"start":{"line":52,"column":8},"end":{"line":54,"column":null}}]}},"s":{"0":1,"1":1,"2":1,"3":1,"4":1,"5":14,"6":4,"7":10,"8":14,"9":4,"10":10,"11":1,"12":1},"f":{"0":14,"1":14},"b":{"0":[4,10],"1":[4]}}
,"/Users/danielwerner/Repos/leasing-application-webclient/src/lib/schemas/form-data/general.schema.ts": {"path":"/Users/danielwerner/Repos/leasing-application-webclient/src/lib/schemas/form-data/general.schema.ts","statementMap":{"0":{"start":{"line":1,"column":0},"end":{"line":1,"column":43}},"1":{"start":{"line":3,"column":0},"end":{"line":3,"column":null}},"2":{"start":{"line":8,"column":0},"end":{"line":8,"column":70}},"3":{"start":{"line":9,"column":0},"end":{"line":9,"column":45}},"4":{"start":{"line":11,"column":13},"end":{"line":43,"column":3}},"5":{"start":{"line":15,"column":6},"end":{"line":17,"column":null}},"6":{"start":{"line":16,"column":8},"end":{"line":16,"column":44}},"7":{"start":{"line":18,"column":6},"end":{"line":18,"column":27}},"8":{"start":{"line":45,"column":18},"end":{"line":45,"column":53}},"9":{"start":{"line":47,"column":0},"end":{"line":47,"column":25}}},"fnMap":{"0":{"name":"(anonymous_1)","decl":{"start":{"line":14,"column":30},"end":{"line":14,"column":31}},"loc":{"start":{"line":14,"column":65},"end":{"line":19,"column":5}}}},"branchMap":{"0":{"loc":{"start":{"line":15,"column":6},"end":{"line":17,"column":null}},"type":"if","locations":[{"start":{"line":15,"column":6},"end":{"line":17,"column":null}}]}},"s":{"0":1,"1":1,"2":1,"3":1,"4":1,"5":10,"6":2,"7":8,"8":1,"9":1},"f":{"0":10},"b":{"0":[2]}}
,"/Users/danielwerner/Repos/leasing-application-webclient/src/lib/schemas/form-data/personal-details.schema.ts": {"path":"/Users/danielwerner/Repos/leasing-application-webclient/src/lib/schemas/form-data/personal-details.schema.ts","statementMap":{"0":{"start":{"line":1,"column":0},"end":{"line":1,"column":26}},"1":{"start":{"line":2,"column":0},"end":{"line":2,"column":55}},"2":{"start":{"line":4,"column":0},"end":{"line":4,"column":null}},"3":{"start":{"line":9,"column":0},"end":{"line":9,"column":45}},"4":{"start":{"line":11,"column":13},"end":{"line":23,"column":3}},"5":{"start":{"line":25,"column":13},"end":{"line":43,"column":3}},"6":{"start":{"line":45,"column":13},"end":{"line":50,"column":3}},"7":{"start":{"line":52,"column":13},"end":{"line":232,"column":3}},"8":{"start":{"line":57,"column":26},"end":{"line":57,"column":75}},"9":{"start":{"line":59,"column":6},"end":{"line":59,"column":55}},"10":{"start":{"line":146,"column":6},"end":{"line":148,"column":null}},"11":{"start":{"line":147,"column":8},"end":{"line":147,"column":34}},"12":{"start":{"line":150,"column":6},"end":{"line":150,"column":27}},"13":{"start":{"line":158,"column":8},"end":{"line":158,"column":77}},"14":{"start":{"line":166,"column":8},"end":{"line":166,"column":43}},"15":{"start":{"line":177,"column":8},"end":{"line":177,"column":77}},"16":{"start":{"line":188,"column":8},"end":{"line":188,"column":77}},"17":{"start":{"line":202,"column":8},"end":{"line":207,"column":10}},"18":{"start":{"line":234,"column":18},"end":{"line":234,"column":61}},"19":{"start":{"line":236,"column":0},"end":{"line":236,"column":25}}},"fnMap":{"0":{"name":"(anonymous_1)","decl":{"start":{"line":56,"column":4},"end":{"line":56,"column":5}},"loc":{"start":{"line":56,"column":21},"end":{"line":60,"column":5}}},"1":{"name":"(anonymous_2)","decl":{"start":{"line":145,"column":22},"end":{"line":145,"column":23}},"loc":{"start":{"line":145,"column":72},"end":{"line":151,"column":5}}},"2":{"name":"(anonymous_3)","decl":{"start":{"line":154,"column":10},"end":{"line":154,"column":null}},"loc":{"start":{"line":157,"column":10},"end":{"line":159,"column":7}}},"3":{"name":"(anonymous_4)","decl":{"start":{"line":165,"column":10},"end":{"line":165,"column":11}},"loc":{"start":{"line":165,"column":40},"end":{"line":167,"column":7}}},"4":{"name":"(anonymous_5)","decl":{"start":{"line":173,"column":10},"end":{"line":173,"column":null}},"loc":{"start":{"line":176,"column":10},"end":{"line":178,"column":7}}},"5":{"name":"(anonymous_6)","decl":{"start":{"line":184,"column":10},"end":{"line":184,"column":null}},"loc":{"start":{"line":187,"column":10},"end":{"line":189,"column":7}}},"6":{"name":"(anonymous_7)","decl":{"start":{"line":196,"column":10},"end":{"line":196,"column":null}},"loc":{"start":{"line":201,"column":10},"end":{"line":208,"column":7}}}},"branchMap":{"0":{"loc":{"start":{"line":146,"column":6},"end":{"line":148,"column":null}},"type":"if","locations":[{"start":{"line":146,"column":6},"end":{"line":148,"column":null}}]},"1":{"loc":{"start":{"line":158,"column":15},"end":{"line":158,"column":76}},"type":"binary-expr","locations":[{"start":{"line":158,"column":15},"end":{"line":158,"column":42}},{"start":{"line":158,"column":46},"end":{"line":158,"column":76}}]},"2":{"loc":{"start":{"line":177,"column":15},"end":{"line":177,"column":76}},"type":"binary-expr","locations":[{"start":{"line":177,"column":15},"end":{"line":177,"column":42}},{"start":{"line":177,"column":46},"end":{"line":177,"column":76}}]},"3":{"loc":{"start":{"line":188,"column":15},"end":{"line":188,"column":76}},"type":"binary-expr","locations":[{"start":{"line":188,"column":15},"end":{"line":188,"column":42}},{"start":{"line":188,"column":46},"end":{"line":188,"column":76}}]},"4":{"loc":{"start":{"line":203,"column":10},"end":{"line":206,"column":30}},"type":"binary-expr","locations":[{"start":{"line":203,"column":10},"end":{"line":203,"column":26}},{"start":{"line":204,"column":10},"end":{"line":204,"column":27}},{"start":{"line":205,"column":10},"end":{"line":205,"column":34}},{"start":{"line":206,"column":10},"end":{"line":206,"column":30}}]}},"s":{"0":1,"1":1,"2":1,"3":1,"4":1,"5":1,"6":1,"7":1,"8":11,"9":11,"10":38,"11":4,"12":34,"13":36,"14":36,"15":36,"16":38,"17":36,"18":1,"19":1},"f":{"0":11,"1":38,"2":36,"3":36,"4":36,"5":38,"6":36},"b":{"0":[4],"1":[36,33],"2":[36,33],"3":[38,34],"4":[36,36,32,32]}}
,"/Users/danielwerner/Repos/leasing-application-webclient/src/lib/schemas/form-data/residence.schema.ts": {"path":"/Users/danielwerner/Repos/leasing-application-webclient/src/lib/schemas/form-data/residence.schema.ts","statementMap":{"0":{"start":{"line":1,"column":0},"end":{"line":1,"column":66}},"1":{"start":{"line":3,"column":0},"end":{"line":3,"column":56}},"2":{"start":{"line":5,"column":0},"end":{"line":5,"column":79}},"3":{"start":{"line":6,"column":0},"end":{"line":6,"column":45}},"4":{"start":{"line":8,"column":13},"end":{"line":8,"column":52}},"5":{"start":{"line":10,"column":13},"end":{"line":60,"column":3}},"6":{"start":{"line":20,"column":6},"end":{"line":24,"column":null}},"7":{"start":{"line":21,"column":8},"end":{"line":21,"column":57}},"8":{"start":{"line":23,"column":8},"end":{"line":23,"column":55}},"9":{"start":{"line":32,"column":6},"end":{"line":34,"column":null}},"10":{"start":{"line":33,"column":8},"end":{"line":33,"column":34}},"11":{"start":{"line":36,"column":6},"end":{"line":36,"column":20}},"12":{"start":{"line":42,"column":6},"end":{"line":44,"column":null}},"13":{"start":{"line":43,"column":8},"end":{"line":43,"column":34}},"14":{"start":{"line":46,"column":6},"end":{"line":46,"column":20}},"15":{"start":{"line":54,"column":6},"end":{"line":56,"column":null}},"16":{"start":{"line":55,"column":8},"end":{"line":55,"column":34}},"17":{"start":{"line":58,"column":6},"end":{"line":58,"column":20}},"18":{"start":{"line":62,"column":13},"end":{"line":91,"column":3}},"19":{"start":{"line":67,"column":23},"end":{"line":67,"column":74}},"20":{"start":{"line":69,"column":6},"end":{"line":71,"column":null}},"21":{"start":{"line":70,"column":8},"end":{"line":70,"column":23}},"22":{"start":{"line":73,"column":6},"end":{"line":86,"column":10}},"23":{"start":{"line":79,"column":12},"end":{"line":84,"column":14}},"24":{"start":{"line":95,"column":18},"end":{"line":95,"column":55}},"25":{"start":{"line":97,"column":0},"end":{"line":97,"column":25}}},"fnMap":{"0":{"name":"(anonymous_1)","decl":{"start":{"line":19,"column":29},"end":{"line":19,"column":30}},"loc":{"start":{"line":19,"column":57},"end":{"line":25,"column":5}}},"1":{"name":"(anonymous_2)","decl":{"start":{"line":31,"column":29},"end":{"line":31,"column":30}},"loc":{"start":{"line":31,"column":57},"end":{"line":37,"column":5}}},"2":{"name":"(anonymous_3)","decl":{"start":{"line":41,"column":29},"end":{"line":41,"column":30}},"loc":{"start":{"line":41,"column":57},"end":{"line":47,"column":5}}},"3":{"name":"(anonymous_4)","decl":{"start":{"line":53,"column":29},"end":{"line":53,"column":30}},"loc":{"start":{"line":53,"column":57},"end":{"line":59,"column":5}}},"4":{"name":"(anonymous_5)","decl":{"start":{"line":66,"column":30},"end":{"line":66,"column":31}},"loc":{"start":{"line":66,"column":78},"end":{"line":87,"column":5}}},"5":{"name":"(anonymous_6)","decl":{"start":{"line":78,"column":10},"end":{"line":78,"column":11}},"loc":{"start":{"line":78,"column":50},"end":{"line":85,"column":11}}}},"branchMap":{"0":{"loc":{"start":{"line":20,"column":6},"end":{"line":24,"column":null}},"type":"if","locations":[{"start":{"line":20,"column":6},"end":{"line":24,"column":null}},{"start":{"line":22,"column":13},"end":{"line":24,"column":null}}]},"1":{"loc":{"start":{"line":32,"column":6},"end":{"line":34,"column":null}},"type":"if","locations":[{"start":{"line":32,"column":6},"end":{"line":34,"column":null}}]},"2":{"loc":{"start":{"line":42,"column":6},"end":{"line":44,"column":null}},"type":"if","locations":[{"start":{"line":42,"column":6},"end":{"line":44,"column":null}}]},"3":{"loc":{"start":{"line":54,"column":6},"end":{"line":56,"column":null}},"type":"if","locations":[{"start":{"line":54,"column":6},"end":{"line":56,"column":null}}]},"4":{"loc":{"start":{"line":69,"column":6},"end":{"line":71,"column":null}},"type":"if","locations":[{"start":{"line":69,"column":6},"end":{"line":71,"column":null}}]}},"s":{"0":4,"1":4,"2":4,"3":4,"4":4,"5":4,"6":19,"7":14,"8":5,"9":20,"10":14,"11":6,"12":20,"13":14,"14":6,"15":21,"16":14,"17":7,"18":4,"19":8,"20":8,"21":2,"22":6,"23":1,"24":4,"25":4},"f":{"0":19,"1":20,"2":20,"3":21,"4":8,"5":1},"b":{"0":[14,5],"1":[14],"2":[14],"3":[14],"4":[2]}}
,"/Users/danielwerner/Repos/leasing-application-webclient/src/lib/utils/application-data.ts": {"path":"/Users/danielwerner/Repos/leasing-application-webclient/src/lib/utils/application-data.ts","statementMap":{"0":{"start":{"line":1,"column":0},"end":{"line":1,"column":37}},"1":{"start":{"line":3,"column":33},"end":{"line":8,"column":1}},"2":{"start":{"line":7,"column":2},"end":{"line":7,"column":61}},"3":{"start":{"line":3,"column":13},"end":{"line":3,"column":33}}},"fnMap":{"0":{"name":"(anonymous_1)","decl":{"start":{"line":3,"column":33},"end":{"line":3,"column":null}},"loc":{"start":{"line":6,"column":13},"end":{"line":8,"column":1}}}},"branchMap":{},"s":{"0":1,"1":1,"2":22,"3":1},"f":{"0":22},"b":{}}
,"/Users/danielwerner/Repos/leasing-application-webclient/src/lib/utils/application-fee.ts": {"path":"/Users/danielwerner/Repos/leasing-application-webclient/src/lib/utils/application-fee.ts","statementMap":{"0":{"start":{"line":1,"column":20},"end":{"line":1,"column":22}},"1":{"start":{"line":3,"column":40},"end":{"line":6,"column":2}},"2":{"start":{"line":8,"column":33},"end":{"line":10,"column":1}},"3":{"start":{"line":9,"column":2},"end":{"line":9,"column":44}},"4":{"start":{"line":8,"column":13},"end":{"line":8,"column":33}}},"fnMap":{"0":{"name":"(anonymous_0)","decl":{"start":{"line":8,"column":33},"end":{"line":8,"column":34}},"loc":{"start":{"line":8,"column":56},"end":{"line":10,"column":1}}}},"branchMap":{"0":{"loc":{"start":{"line":9,"column":9},"end":{"line":9,"column":43}},"type":"binary-expr","locations":[{"start":{"line":9,"column":9},"end":{"line":9,"column":28}},{"start":{"line":9,"column":32},"end":{"line":9,"column":43}}]}},"s":{"0":2,"1":2,"2":2,"3":7,"4":2},"f":{"0":7},"b":{"0":[7,5]}}
,"/Users/danielwerner/Repos/leasing-application-webclient/src/lib/utils/cards.ts": {"path":"/Users/danielwerner/Repos/leasing-application-webclient/src/lib/utils/cards.ts","statementMap":{"0":{"start":{"line":1,"column":0},"end":{"line":1,"column":34}},"1":{"start":{"line":4,"column":2},"end":{"line":10,"column":4}},"2":{"start":{"line":3,"column":0},"end":{"line":3,"column":16}},"3":{"start":{"line":17,"column":2},"end":{"line":17,"column":33}},"4":{"start":{"line":18,"column":2},"end":{"line":18,"column":20}},"5":{"start":{"line":13,"column":0},"end":{"line":13,"column":16}}},"fnMap":{"0":{"name":"addCard","decl":{"start":{"line":3,"column":16},"end":{"line":3,"column":23}},"loc":{"start":{"line":3,"column":51},"end":{"line":11,"column":1}}},"1":{"name":"removeCard","decl":{"start":{"line":13,"column":16},"end":{"line":13,"column":26}},"loc":{"start":{"line":15,"column":23},"end":{"line":19,"column":1}}}},"branchMap":{},"s":{"0":1,"1":3,"2":1,"3":1,"4":1,"5":1},"f":{"0":3,"1":1},"b":{}}
[...]
plication-webclient/src/lib/utils/redirect-urls/redirects.ts": {"path":"/Users/danielwerner/Repos/leasing-application-webclient/src/lib/utils/redirect-urls/redirects.ts","statementMap":{"0":{"start":{"line":1,"column":0},"end":{"line":1,"column":56}},"1":{"start":{"line":5,"column":2},"end":{"line":5,"column":12}},"2":{"start":{"line":7,"column":20},"end":{"line":7,"column":42}},"3":{"start":{"line":13,"column":48},"end":{"line":13,"column":65}},"4":{"start":{"line":13,"column":54},"end":{"line":13,"column":65}},"5":{"start":{"line":13,"column":13},"end":{"line":13,"column":48}},"6":{"start":{"line":15,"column":47},"end":{"line":16,"column":42}},"7":{"start":{"line":16,"column":2},"end":{"line":16,"column":42}},"8":{"start":{"line":15,"column":13},"end":{"line":15,"column":47}},"9":{"start":{"line":18,"column":49},"end":{"line":21,"column":5}},"10":{"start":{"line":19,"column":2},"end":{"line":21,"column":5}},"11":{"start":{"line":18,"column":13},"end":{"line":18,"column":49}},"12":{"start":{"line":23,"column":55},"end":{"line":29,"column":1}},"13":{"start":{"line":24,"column":27},"end":{"line":24,"column":56}},"14":{"start":{"line":25,"column":21},"end":{"line":25,"column":60}},"15":{"start":{"line":26,"column":2},"end":{"line":28,"column":18}},"16":{"start":{"line":23,"column":13},"end":{"line":23,"column":55}},"17":{"start":{"line":31,"column":53},"end":{"line":32,"column":58}},"18":{"start":{"line":32,"column":2},"end":{"line":32,"column":58}},"19":{"start":{"line":31,"column":13},"end":{"line":31,"column":53}}},"fnMap":{"0":{"name":"(anonymous_0)","decl":{"start":{"line":13,"column":48},"end":{"line":13,"column":51}},"loc":{"start":{"line":13,"column":54},"end":{"line":13,"column":65}}},"1":{"name":"(anonymous_1)","decl":{"start":{"line":15,"column":47},"end":{"line":15,"column":50}},"loc":{"start":{"line":16,"column":2},"end":{"line":16,"column":42}}},"2":{"name":"(anonymous_2)","decl":{"start":{"line":18,"column":49},"end":{"line":18,"column":50}},"loc":{"start":{"line":18,"column":65},"end":{"line":21,"column":5}}},"3":{"name":"(anonymous_3)","decl":{"start":{"line":23,"column":55},"end":{"line":23,"column":56}},"loc":{"start":{"line":23,"column":71},"end":{"line":29,"column":1}}},"4":{"name":"(anonymous_4)","decl":{"start":{"line":31,"column":53},"end":{"line":31,"column":54}},"loc":{"start":{"line":31,"column":69},"end":{"line":32,"column":58}}}},"branchMap":{"0":{"loc":{"start":{"line":20,"column":4},"end":{"line":20,"column":null}},"type":"cond-expr","locations":[{"start":{"line":20,"column":30},"end":{"line":20,"column":34}},{"start":{"line":20,"column":34},"end":{"line":20,"column":null}}]},"1":{"loc":{"start":{"line":20,"column":4},"end":{"line":20,"column":34}},"type":"binary-expr","locations":[{"start":{"line":20,"column":4},"end":{"line":20,"column":34}},{"start":{"line":20,"column":30},"end":{"line":20,"column":34}}]},"2":{"loc":{"start":{"line":20,"column":4},"end":{"line":20,"column":30}},"type":"cond-expr","locations":[{"start":{"line":20,"column":15},"end":{"line":20,"column":17}},{"start":{"line":20,"column":4},"end":{"line":20,"column":30}}]},"3":{"loc":{"start":{"line":20,"column":4},"end":{"line":20,"column":17}},"type":"binary-expr","locations":[{"start":{"line":20,"column":4},"end":{"line":20,"column":17}},{"start":{"line":20,"column":4},"end":{"line":20,"column":17}}]},"4":{"loc":{"start":{"line":24,"column":29},"end":{"line":24,"column":55}},"type":"cond-expr","locations":[{"start":{"line":24,"column":40},"end":{"line":24,"column":42}},{"start":{"line":24,"column":29},"end":{"line":24,"column":55}}]},"5":{"loc":{"start":{"line":24,"column":29},"end":{"line":24,"column":42}},"type":"binary-expr","locations":[{"start":{"line":24,"column":29},"end":{"line":24,"column":42}},{"start":{"line":24,"column":29},"end":{"line":24,"column":42}}]},"6":{"loc":{"start":{"line":25,"column":21},"end":{"line":25,"column":60}},"type":"cond-expr","locations":[{"start":{"line":25,"column":40},"end":{"line":25,"column":49}},{"start":{"line":25,"column":52},"end":{"line":25,"column":60}}]},"7":{"loc":{"start":{"line":27,"column":4},"end":{"line":27,"column":null}},"type":"cond-expr","locations":[{"start":{"line":27,"column":30},"end":{"line":27,"column":34}},{"start":{"line":27,"column":34},"end":{"line":27,"column":null}}]},"8":{"loc":{"start":{"line":27,"column":4},"end":{"line":27,"column":34}},"type":"binary-expr","locations":[{"start":{"line":27,"column":4},"end":{"line":27,"column":34}},{"start":{"line":27,"column":30},"end":{"line":27,"column":34}}]},"9":{"loc":{"start":{"line":27,"column":4},"end":{"line":27,"column":30}},"type":"cond-expr","locations":[{"start":{"line":27,"column":15},"end":{"line":27,"column":17}},{"start":{"line":27,"column":4},"end":{"line":27,"column":30}}]},"10":{"loc":{"start":{"line":27,"column":4},"end":{"line":27,"column":17}},"type":"binary-expr","locations":[{"start":{"line":27,"column":4},"end":{"line":27,"column":17}},{"start":{"line":27,"column":4},"end":{"line":27,"column":17}}]},"11":{"loc":{"start":{"line":32,"column":22},"end":{"line":32,"column":55}},"type":"cond-expr","locations":[{"start":{"line":32,"column":49},"end":{"line":32,"column":53}},{"start":{"line":32,"column":53},"end":{"line":32,"column":55}}]},"12":{"loc":{"start":{"line":32,"column":22},"end":{"line":32,"column":53}},"type":"binary-expr","locations":[{"start":{"line":32,"column":22},"end":{"line":32,"column":53}},{"start":{"line":32,"column":49},"end":{"line":32,"column":53}}]},"13":{"loc":{"start":{"line":32,"column":22},"end":{"line":32,"column":49}},"type":"cond-expr","locations":[{"start":{"line":32,"column":43},"end":{"line":32,"column":45}},{"start":{"line":32,"column":43},"end":{"line":32,"column":49}}]},"14":{"loc":{"start":{"line":32,"column":22},"end":{"line":32,"column":45}},"type":"binary-expr","locations":[{"start":{"line":32,"column":22},"end":{"line":32,"column":45}},{"start":{"line":32,"column":43},"end":{"line":32,"column":45}}]},"15":{"loc":{"start":{"line":32,"column":22},"end":{"line":32,"column":43}},"type":"cond-expr","locations":[{"start":{"line":32,"column":33},"end":{"line":32,"column":35}},{"start":{"line":32,"column":22},"end":{"line":32,"column":43}}]},"16":{"loc":{"start":{"line":32,"column":22},"end":{"line":32,"column":35}},"type":"binary-expr","locations":[{"start":{"line":32,"column":22},"end":{"line":32,"column":35}},{"start":{"line":32,"column":22},"end":{"line":32,"column":35}}]}},"s":{"0":7,"1":7,"2":7,"3":7,"4":9,"5":7,"6":7,"7":11,"8":7,"9":7,"10":4,"11":7,"12":7,"13":4,"14":4,"15":4,"16":7,"17":7,"18":12,"19":7},"f":{"0":9,"1":11,"2":4,"3":4,"4":12},"b":{"0":[2,2],"1":[4,4],"2":[1,3],"3":[4,4],"4":[1,3],"5":[4,4],"6":[2,2],"7":[2,2],"8":[4,4],"9":[1,3],"10":[4,4],"11":[8,4],"12":[12,12],"13":[2,10],"14":[12,12],"15":[1,11],"16":[12,12]}}
,"/Users/danielwerner/Repos/leasing-application-webclient/src/routes/lease/redirect-multiple-applications.ts": {"path":"/Users/danielwerner/Repos/leasing-application-webclient/src/routes/lease/redirect-multiple-applications.ts","statementMap":{"0":{"start":{"line":1,"column":0},"end":{"line":1,"column":null}},"1":{"start":{"line":5,"column":0},"end":{"line":5,"column":null}},"2":{"start":{"line":11,"column":23},"end":{"line":11,"column":75}},"3":{"start":{"line":12,"column":29},"end":{"line":13,"column":44}},"4":{"start":{"line":13,"column":2},"end":{"line":13,"column":44}},"5":{"start":{"line":15,"column":50},"end":{"line":28,"column":1}},"6":{"start":{"line":19,"column":2},"end":{"line":21,"column":null}},"7":{"start":{"line":20,"column":4},"end":{"line":20,"column":29}},"8":{"start":{"line":23,"column":2},"end":{"line":25,"column":null}},"9":{"start":{"line":24,"column":4},"end":{"line":24,"column":50}},"10":{"start":{"line":27,"column":2},"end":{"line":27,"column":28}},"11":{"start":{"line":15,"column":13},"end":{"line":15,"column":50}}},"fnMap":{"0":{"name":"(anonymous_0)","decl":{"start":{"line":12,"column":29},"end":{"line":12,"column":30}},"loc":{"start":{"line":13,"column":2},"end":{"line":13,"column":44}}},"1":{"name":"(anonymous_1)","decl":{"start":{"line":15,"column":50},"end":{"line":15,"column":null}},"loc":{"start":{"line":18,"column":24},"end":{"line":28,"column":1}}}},"branchMap":{"0":{"loc":{"start":{"line":19,"column":2},"end":{"line":21,"column":null}},"type":"if","locations":[{"start":{"line":19,"column":2},"end":{"line":21,"column":null}}]},"1":{"loc":{"start":{"line":23,"column":2},"end":{"line":25,"column":null}},"type":"if","locations":[{"start":{"line":23,"column":2},"end":{"line":25,"column":null}}]}},"s":{"0":3,"1":3,"2":3,"3":3,"4":8,"5":3,"6":5,"7":2,"8":3,"9":2,"10":1,"11":3},"f":{"0":8,"1":5},"b":{"0":[2],"1":[2]}}
,"/Users/danielwerner/Repos/leasing-application-webclient/src/routes/lease/redirect-single-application.ts": {"path":"/Users/danielwerner/Repos/leasing-application-webclient/src/routes/lease/redirect-single-application.ts","statementMap":{"0":{"start":{"line":1,"column":0},"end":{"line":1,"column":null}},"1":{"start":{"line":6,"column":0},"end":{"line":6,"column":null}},"2":{"start":{"line":19,"column":45},"end":{"line":22,"column":2}},"3":{"start":{"line":24,"column":45},"end":{"line":27,"column":2}},"4":{"start":{"line":29,"column":47},"end":{"line":32,"column":2}},"5":{"start":{"line":42,"column":4},"end":{"line":49,"column":2}},"6":{"start":{"line":51,"column":33},"end":{"line":66,"column":2}},"7":{"start":{"line":68,"column":47},"end":{"line":97,"column":1}},"8":{"start":{"line":72,"column":63},"end":{"line":72,"column":74}},"9":{"start":{"line":73,"column":37},"end":{"line":75,"column":20}},"10":{"start":{"line":77,"column":20},"end":{"line":77,"column":65}},"11":{"start":{"line":78,"column":22},"end":{"line":78,"column":71}},"12":{"start":{"line":80,"column":2},"end":{"line":82,"column":null}},"13":{"start":{"line":81,"column":4},"end":{"line":81,"column":58}},"14":{"start":{"line":84,"column":23},"end":{"line":84,"column":79}},"15":{"start":{"line":86,"column":2},"end":{"line":94,"column":null}},"16":{"start":{"line":92,"column":27},"end":{"line":92,"column":57}},"17":{"start":{"line":93,"column":4},"end":{"line":93,"column":26}},"18":{"start":{"line":96,"column":2},"end":{"line":96,"column":62}},"19":{"start":{"line":68,"column":13},"end":{"line":68,"column":47}}},"fnMap":{"0":{"name":"(anonymous_0)","decl":{"start":{"line":68,"column":47},"end":{"line":68,"column":null}},"loc":{"start":{"line":71,"column":24},"end":{"line":97,"column":1}}}},"branchMap":{"0":{"loc":{"start":{"line":73,"column":37},"end":{"line":75,"column":20}},"type":"cond-expr","locations":[{"start":{"line":74,"column":6},"end":{"line":74,"column":19}},{"start":{"line":75,"column":6},"end":{"line":75,"column":20}}]},"1":{"loc":{"start":{"line":80,"column":2},"end":{"line":82,"column":null}},"type":"if","locations":[{"start":{"line":80,"column":2},"end":{"line":82,"column":null}}]},"2":{"loc":{"start":{"line":80,"column":6},"end":{"line":80,"column":32}},"type":"binary-expr","locations":[{"start":{"line":80,"column":6},"end":{"line":80,"column":16}},{"start":{"line":80,"column":20},"end":{"line":80,"column":32}}]},"3":{"loc":{"start":{"line":84,"column":31},"end":{"line":84,"column":78}},"type":"cond-expr","locations":[{"start":{"line":84,"column":65},"end":{"line":84,"column":67}},{"start":{"line":84,"column":65},"end":{"line":84,"column":78}}]},"4":{"loc":{"start":{"line":84,"column":31},"end":{"line":84,"column":67}},"type":"binary-expr","locations":[{"start":{"line":84,"column":31},"end":{"line":84,"column":67}},{"start":{"line":84,"column":65},"end":{"line":84,"column":67}}]},"5":{"loc":{"start":{"line":84,"column":31},"end":{"line":84,"column":65}},"type":"cond-expr","locations":[{"start":{"line":84,"column":58},"end":{"line":84,"column":60}},{"start":{"line":84,"column":58},"end":{"line":84,"column":65}}]},"6":{"loc":{"start":{"line":84,"column":31},"end":{"line":84,"column":60}},"type":"binary-expr","locations":[{"start":{"line":84,"column":31},"end":{"line":84,"column":60}},{"start":{"line":84,"column":58},"end":{"line":84,"column":60}}]},"7":{"loc":{"start":{"line":86,"column":2},"end":{"line":94,"column":null}},"type":"if","locations":[{"start":{"line":86,"column":2},"end":{"line":94,"column":null}}]},"8":{"loc":{"start":{"line":87,"column":4},"end":{"line":90,"column":16}},"type":"binary-expr","locations":[{"start":{"line":87,"column":4},"end":{"line":87,"column":61}},{"start":{"line":88,"column":4},"end":{"line":88,"column":59}},{"start":{"line":89,"column":4},"end":{"line":89,"column":17}},{"start":{"line":90,"column":4},"end":{"line":90,"column":16}}]}},"s":{"0":3,"1":3,"2":3,"3":3,"4":3,"5":3,"6":3,"7":3,"8":11,"9":11,"10":11,"11":11,"12":11,"13":2,"14":9,"15":9,"16":1,"17":1,"18":8,"19":3},"f":{"0":11},"b":{"0":[4,7],"1":[2],"2":[11,10],"3":[5,4],"4":[9,9],"5":[4,5],"6":[9,9],"7":[1],"8":[9,5,5,5]}}
,"/Users/danielwerner/Repos/leasing-application-webclient/src/routes/lease/redirect.ts": {"path":"/Users/danielwerner/Repos/leasing-application-webclient/src/routes/lease/redirect.ts","statementMap":{"0":{"start":{"line":5,"column":0},"end":{"line":5,"column":null}},"1":{"start":{"line":10,"column":0},"end":{"line":10,"column":86}},"2":{"start":{"line":11,"column":0},"end":{"line":11,"column":80}},"3":{"start":{"line":13,"column":30},"end":{"line":35,"column":1}},"4":{"start":{"line":17,"column":25},"end":{"line":17,"column":50}},"5":{"start":{"line":18,"column":31},"end":{"line":18,"column":54}},"6":{"start":{"line":20,"column":2},"end":{"line":28,"column":null}},"7":{"start":{"line":21,"column":4},"end":{"line":25,"column":null}},"8":{"start":{"line":22,"column":6},"end":{"line":24,"column":32}},"9":{"start":{"line":27,"column":4},"end":{"line":27,"column":30}},"10":{"start":{"line":30,"column":2},"end":{"line":32,"column":null}},"11":{"start":{"line":31,"column":4},"end":{"line":31,"column":74}},"12":{"start":{"line":34,"column":2},"end":{"line":34,"column":72}},"13":{"start":{"line":13,"column":13},"end":{"line":13,"column":30}}},"fnMap":{"0":{"name":"(anonymous_0)","decl":{"start":{"line":13,"column":30},"end":{"line":13,"column":null}},"loc":{"start":{"line":16,"column":24},"end":{"line":35,"column":1}}}},"branchMap":{"0":{"loc":{"start":{"line":20,"column":2},"end":{"line":28,"column":null}},"type":"if","locations":[{"start":{"line":20,"column":2},"end":{"line":28,"column":null}}]},"1":{"loc":{"start":{"line":21,"column":4},"end":{"line":25,"column":null}},"type":"if","locations":[{"start":{"line":21,"column":4},"end":{"line":25,"column":null}}]},"2":{"loc":{"start":{"line":30,"column":2},"end":{"line":32,"column":null}},"type":"if","locations":[{"start":{"line":30,"column":2},"end":{"line":32,"column":null}}]}},"s":{"0":2,"1":2,"2":2,"3":2,"4":10,"5":10,"6":10,"7":4,"8":2,"9":2,"10":6,"11":1,"12":5,"13":2},"f":{"0":10},"b":{"0":[4],"1":[2],"2":[1]}}
,"/Users/danielwerner/Repos/leasing-application-webclient/src/routes/lease/applications/[applicationId]/redirect.ts": {"path":"/Users/danielwerner/Repos/leasing-application-webclient/src/routes/lease/applications/[applicationId]/redirect.ts","statementMap":{"0":{"start":{"line":1,"column":0},"end":{"line":1,"column":null}},"1":{"start":{"line":6,"column":0},"end":{"line":6,"column":null}},"2":{"start":{"line":12,"column":30},"end":{"line":45,"column":1}},"3":{"start":{"line":14,"column":4},"end":{"line":14,"column":15}},"4":{"start":{"line":15,"column":22},"end":{"line":20,"column":52}},"5":{"start":{"line":22,"column":2},"end":{"line":24,"column":null}},"6":{"start":{"line":23,"column":4},"end":{"line":23,"column":29}},"7":{"start":{"line":26,"column":20},"end":{"line":26,"column":63}},"8":{"start":{"line":27,"column":18},"end":{"line":27,"column":63}},"9":{"start":{"line":28,"column":20},"end":{"line":28,"column":67}},"10":{"start":{"line":29,"column":23},"end":{"line":29,"column":44}},"11":{"start":{"line":30,"column":23},"end":{"line":30,"column":67}},"12":{"start":{"line":32,"column":2},"end":{"line":44,"column":null}},"13":{"start":{"line":33,"column":4},"end":{"line":41,"column":null}},"14":{"start":{"line":34,"column":6},"end":{"line":38,"column":null}},"15":{"start":{"line":35,"column":8},"end":{"line":35,"column":34}},"16":{"start":{"line":37,"column":8},"end":{"line":37,"column":33}},"17":{"start":{"line":39,"column":11},"end":{"line":41,"column":null}},"18":{"start":{"line":40,"column":6},"end":{"line":40,"column":50}},"19":{"start":{"line":42,"column":9},"end":{"line":44,"column":null}},"20":{"start":{"line":43,"column":4},"end":{"line":43,"column":29}},"21":{"start":{"line":12,"column":13},"end":{"line":12,"column":30}}},"fnMap":{"0":{"name":"(anonymous_0)","decl":{"start":{"line":12,"column":30},"end":{"line":12,"column":31}},"loc":{"start":{"line":12,"column":67},"end":{"line":45,"column":1}}}},"branchMap":{"0":{"loc":{"start":{"line":22,"column":2},"end":{"line":24,"column":null}},"type":"if","locations":[{"start":{"line":22,"column":2},"end":{"line":24,"column":null}}]},"1":{"loc":{"start":{"line":30,"column":31},"end":{"line":30,"column":66}},"type":"cond-expr","locations":[{"start":{"line":30,"column":53},"end":{"line":30,"column":55}},{"start":{"line":30,"column":53},"end":{"line":30,"column":66}}]},"2":{"loc":{"start":{"line":30,"column":31},"end":{"line":30,"column":55}},"type":"binary-expr","locations":[{"start":{"line":30,"column":31},"end":{"line":30,"column":55}},{"start":{"line":30,"column":53},"end":{"line":30,"column":55}}]},"3":{"loc":{"start":{"line":30,"column":31},"end":{"line":30,"column":53}},"type":"cond-expr","locations":[{"start":{"line":30,"column":46},"end":{"line":30,"column":48}},{"start":{"line":30,"column":31},"end":{"line":30,"column":53}}]},"4":{"loc":{"start":{"line":30,"column":31},"end":{"line":30,"column":48}},"type":"binary-expr","locations":[{"start":{"line":30,"column":31},"end":{"line":30,"column":48}},{"start":{"line":30,"column":31},"end":{"line":30,"column":48}}]},"5":{"loc":{"start":{"line":32,"column":2},"end":{"line":44,"column":null}},"type":"if","locations":[{"start":{"line":32,"column":2},"end":{"line":44,"column":null}},{"start":{"line":42,"column":9},"end":{"line":44,"column":null}}]},"6":{"loc":{"start":{"line":33,"column":4},"end":{"line":41,"column":null}},"type":"if","locations":[{"start":{"line":33,"column":4},"end":{"line":41,"column":null}},{"start":{"line":39,"column":11},"end":{"line":41,"column":null}}]},"7":{"loc":{"start":{"line":34,"column":6},"end":{"line":38,"column":null}},"type":"if","locations":[{"start":{"line":34,"column":6},"end":{"line":38,"column":null}},{"start":{"line":36,"column":13},"end":{"line":38,"column":null}}]},"8":{"loc":{"start":{"line":34,"column":10},"end":{"line":34,"column":38}},"type":"binary-expr","locations":[{"start":{"line":34,"column":10},"end":{"line":34,"column":22}},{"start":{"line":34,"column":26},"end":{"line":34,"column":38}}]},"9":{"loc":{"start":{"line":39,"column":11},"end":{"line":41,"column":null}},"type":"if","locations":[{"start":{"line":39,"column":11},"end":{"line":41,"column":null}}]},"10":{"loc":{"start":{"line":39,"column":15},"end":{"line":39,"column":41}},"type":"binary-expr","locations":[{"start":{"line":39,"column":15},"end":{"line":39,"column":24}},{"start":{"line":39,"column":28},"end":{"line":39,"column":41}}]},"11":{"loc":{"start":{"line":42,"column":9},"end":{"line":44,"column":null}},"type":"if","locations":[{"start":{"line":42,"column":9},"end":{"line":44,"column":null}}]},"12":{"loc":{"start":{"line":42,"column":13},"end":{"line":42,"column":39}},"type":"binary-expr","locations":[{"start":{"line":42,"column":13},"end":{"line":42,"column":22}},{"start":{"line":42,"column":26},"end":{"line":42,"column":39}}]}},"s":{"0":1,"1":1,"2":1,"3":8,"4":8,"5":8,"6":4,"7":4,"8":4,"9":4,"10":4,"11":4,"12":4,"13":3,"14":2,"15":1,"16":1,"17":1,"18":1,"19":1,"20":1,"21":1},"f":{"0":8},"b":{"0":[4],"1":[3,1],"2":[4,4],"3":[3,1],"4":[4,4],"5":[3,1],"6":[2,1],"7":[1,1],"8":[2,1],"9":[1],"10":[1,1],"11":[1],"12":[1,1]}}
}
