TN:
SF:src/lib/parsers.server/index.ts
FN:44,(anonymous_1)
FN:56,(anonymous_2)
FNF:2
FNH:2
FNDA:19,(anonymous_1)
FNDA:114,(anonymous_2)
DA:2,2
DA:8,2
DA:15,2
DA:16,2
DA:18,2
DA:19,2
DA:20,2
DA:21,2
DA:22,2
DA:23,2
DA:24,2
DA:26,2
DA:35,2
DA:44,2
DA:47,19
DA:53,19
DA:55,19
DA:57,114
DA:58,114
DA:59,114
DA:60,1
DA:66,113
DA:70,113
DA:78,19
DA:80,19
DA:85,15
DA:88,19
DA:89,19
DA:93,19
DA:94,3
DA:101,3
DA:102,3
DA:103,3
DA:104,3
DA:105,3
DA:106,3
DA:110,19
LF:37
LH:37
BRDA:49,0,0,1
BRDA:49,0,1,18
BRDA:49,1,0,19
BRDA:49,1,1,19
BRDA:53,2,0,18
BRDA:53,2,1,1
BRDA:53,3,0,19
BRDA:53,3,1,19
BRDA:59,4,0,1
BRDA:80,5,0,15
BRDA:81,6,0,19
BRDA:81,6,1,18
BRDA:81,6,2,17
BRDA:90,7,0,1
BRDA:90,7,1,18
BRDA:90,8,0,19
BRDA:90,8,1,19
BRDA:93,9,0,3
BRDA:94,10,0,3
BRDA:94,11,0,3
BRDA:94,11,1,3
BRDA:94,11,2,3
BRDA:119,12,0,19
BRDA:119,12,1,1
BRDA:119,13,0,1
BRDA:119,13,1,18
BRDA:119,14,0,19
BRDA:119,14,1,19
BRDA:120,15,0,19
BRDA:120,15,1,1
BRDA:120,16,0,1
BRDA:120,16,1,18
BRDA:120,17,0,19
BRDA:120,17,1,19
BRDA:147,18,0,19
BRDA:147,18,1,18
BRDA:147,19,0,2
BRDA:147,19,1,17
BRDA:147,20,0,19
BRDA:147,20,1,19
BRDA:147,21,0,1
BRDA:147,21,1,18
BRDA:147,22,0,19
BRDA:147,22,1,19
BRDA:148,23,0,19
BRDA:148,23,1,18
BRDA:148,24,0,2
BRDA:148,24,1,17
BRDA:148,25,0,19
BRDA:148,25,1,19
BRDA:148,26,0,1
BRDA:148,26,1,18
BRDA:148,27,0,19
BRDA:148,27,1,19
BRDA:151,28,0,19
BRDA:151,28,1,18
BRDA:151,29,0,18
BRDA:151,29,1,1
BRDA:151,30,0,19
BRDA:151,30,1,19
BRDA:151,31,0,2
BRDA:151,31,1,17
BRDA:151,32,0,19
BRDA:151,32,1,19
BRDA:151,33,0,1
BRDA:151,33,1,18
BRDA:151,34,0,19
BRDA:151,34,1,19
BRDA:153,35,0,19
BRDA:153,35,1,18
BRDA:153,36,0,18
BRDA:153,36,1,1
BRDA:153,37,0,19
BRDA:153,37,1,19
BRDA:153,38,0,2
BRDA:153,38,1,17
BRDA:153,39,0,19
BRDA:153,39,1,19
BRDA:153,40,0,1
BRDA:153,40,1,18
BRDA:153,41,0,19
BRDA:153,41,1,19
BRDA:155,42,0,19
BRDA:155,42,1,18
BRDA:155,43,0,18
BRDA:155,43,1,1
BRDA:155,44,0,19
BRDA:155,44,1,19
BRDA:155,45,0,2
BRDA:155,45,1,17
BRDA:155,46,0,19
BRDA:155,46,1,19
BRDA:155,47,0,1
BRDA:155,47,1,18
BRDA:155,48,0,19
BRDA:155,48,1,19
BRDA:167,49,0,19
BRDA:167,49,1,1
BRDA:167,50,0,1
BRDA:167,50,1,18
BRDA:167,51,0,19
BRDA:167,51,1,19
BRDA:168,52,0,19
BRDA:168,52,1,1
BRDA:168,53,0,1
BRDA:168,53,1,18
BRDA:168,54,0,19
BRDA:168,54,1,19
BRDA:169,55,0,19
BRDA:169,55,1,1
BRDA:169,56,0,1
BRDA:169,56,1,18
BRDA:169,57,0,19
BRDA:169,57,1,19
BRDA:170,58,0,19
BRDA:170,58,1,1
BRDA:170,59,0,1
BRDA:170,59,1,18
BRDA:170,60,0,19
BRDA:170,60,1,19
BRDA:171,61,0,19
BRDA:171,61,1,1
BRDA:171,62,0,1
BRDA:171,62,1,18
BRDA:171,63,0,19
BRDA:171,63,1,19
BRF:126
BRH:126
end_of_record
TN:
SF:src/lib/parsers.server/form-data/coapplicants.parser.ts
FN:13,(anonymous_1)
FN:24,(anonymous_2)
FN:34,(anonymous_3)
FN:45,(anonymous_4)
FN:48,(anonymous_5)
FN:59,(anonymous_6)
FN:64,(anonymous_7)
FNF:7
FNH:7
FNDA:2,(anonymous_1)
FNDA:2,(anonymous_2)
FNDA:20,(anonymous_3)
FNDA:2,(anonymous_4)
FNDA:1,(anonymous_5)
FNDA:2,(anonymous_6)
FNDA:1,(anonymous_7)
DA:10,3
DA:14,2
DA:25,2
DA:35,20
DA:48,2
DA:49,1
DA:63,2
DA:64,1
DA:65,1
DA:75,1
DA:79,3
LF:11
LH:11
BRDA:15,0,0,1
BRDA:15,0,1,1
BRDA:63,1,0,1
BRDA:63,2,0,2
BRDA:63,2,1,1
BRF:5
BRH:5
end_of_record
TN:
SF:src/lib/parsers.server/form-data/documents.parser.ts
FN:7,(anonymous_1)
FN:16,(anonymous_2)
FN:22,(anonymous_3)
FNF:3
FNH:3
FNDA:1,(anonymous_1)
FNDA:1,(anonymous_2)
FNDA:20,(anonymous_3)
DA:4,3
DA:8,1
DA:17,1
DA:23,20
DA:32,3
LF:5
LH:5
BRF:0
BRH:0
end_of_record
TN:
SF:src/lib/parsers.server/form-data/employment.parser.ts
FN:13,(anonymous_2)
FN:46,(anonymous_3)
FN:79,(anonymous_4)
FN:106,(anonymous_5)
FN:109,(anonymous_6)
FN:118,(anonymous_7)
FN:123,(anonymous_8)
FNF:7
FNH:7
FNDA:5,(anonymous_2)
FNDA:5,(anonymous_3)
FNDA:20,(anonymous_4)
FNDA:5,(anonymous_5)
FNDA:4,(anonymous_6)
FNDA:5,(anonymous_7)
FNDA:4,(anonymous_8)
DA:10,3
DA:17,5
DA:18,5
DA:20,5
DA:49,5
DA:50,5
DA:52,5
DA:80,20
DA:109,5
DA:110,4
DA:122,5
DA:123,4
DA:124,4
DA:132,1
DA:136,3
LF:15
LH:15
BRDA:24,0,0,5
BRDA:24,0,1,4
BRDA:32,1,0,4
BRDA:32,1,1,1
BRDA:36,2,0,1
BRDA:36,2,1,4
BRDA:55,3,0,5
BRDA:55,3,1,4
BRDA:56,4,0,5
BRDA:56,4,1,1
BRDA:57,5,0,5
BRDA:57,5,1,1
BRDA:58,6,0,5
BRDA:58,6,1,1
BRDA:59,7,0,5
BRDA:59,7,1,1
BRDA:60,8,0,5
BRDA:60,8,1,2
BRDA:61,9,0,5
BRDA:61,9,1,2
BRDA:62,10,0,5
BRDA:62,10,1,2
BRDA:63,11,0,5
BRDA:63,11,1,2
BRDA:122,12,0,4
BRDA:122,13,0,5
BRDA:122,13,1,4
BRF:27
BRH:27
end_of_record
TN:
SF:src/lib/parsers.server/form-data/general.parser.ts
FN:8,(anonymous_1)
FN:32,(anonymous_2)
FN:56,(anonymous_3)
FNF:3
FNH:3
FNDA:19,(anonymous_1)
FNDA:4,(anonymous_2)
FNDA:3,(anonymous_3)
DA:2,3
DA:5,3
DA:9,19
DA:33,4
DA:57,3
DA:81,3
LF:6
LH:6
BRDA:37,0,0,4
BRDA:37,0,1,2
BRDA:38,1,0,1
BRDA:38,1,1,3
BRDA:38,2,0,4
BRDA:38,2,1,4
BRDA:61,3,0,1
BRDA:61,3,1,2
BRF:8
BRH:8
end_of_record
TN:
SF:src/lib/parsers.server/form-data/personal-details.parser.ts
FN:20,(anonymous_1)
FN:64,(anonymous_2)
FN:112,(anonymous_3)
FN:150,(anonymous_4)
FN:162,(anonymous_5)
FN:163,(anonymous_6)
FN:175,(anonymous_7)
FN:178,(anonymous_8)
FN:188,(anonymous_9)
FN:193,(anonymous_10)
FN:208,(anonymous_11)
FN:213,(anonymous_12)
FN:226,(anonymous_13)
FNF:13
FNH:13
FNDA:6,(anonymous_1)
FNDA:8,(anonymous_2)
FNDA:20,(anonymous_3)
FNDA:8,(anonymous_4)
FNDA:6,(anonymous_5)
FNDA:5,(anonymous_6)
FNDA:6,(anonymous_7)
FNDA:5,(anonymous_8)
FNDA:8,(anonymous_9)
FNDA:7,(anonymous_10)
FNDA:8,(anonymous_11)
FNDA:7,(anonymous_12)
FNDA:8,(anonymous_13)
DA:13,3
DA:14,3
DA:21,6
DA:22,6
DA:65,8
DA:66,8
DA:113,20
DA:151,8
DA:152,5
DA:155,3
DA:156,1
DA:159,2
DA:163,6
DA:164,5
DA:178,6
DA:179,5
DA:192,8
DA:193,7
DA:194,7
DA:205,1
DA:212,8
DA:213,7
DA:214,7
DA:223,1
DA:230,8
DA:231,7
DA:234,1
DA:238,3
LF:28
LH:28
BRDA:25,0,0,4
BRDA:25,0,1,2
BRDA:27,1,0,4
BRDA:27,1,1,2
BRDA:28,2,0,1
BRDA:28,2,1,5
BRDA:30,3,0,1
BRDA:30,3,1,5
BRDA:40,4,0,5
BRDA:40,4,1,1
BRDA:41,5,0,5
BRDA:41,5,1,1
BRDA:42,6,0,5
BRDA:42,6,1,1
BRDA:46,7,0,5
BRDA:46,7,1,1
BRDA:52,8,0,6
BRDA:52,8,1,1
BRDA:150,9,0,1
BRDA:150,10,0,1
BRDA:150,11,0,1
BRDA:151,12,0,5
BRDA:155,13,0,1
BRDA:192,14,0,7
BRDA:192,15,0,8
BRDA:192,15,1,7
BRDA:212,16,0,7
BRDA:212,17,0,8
BRDA:212,17,1,7
BRDA:230,18,0,7
BRDA:230,19,0,8
BRDA:230,19,1,7
BRF:32
BRH:32
end_of_record
TN:
SF:src/lib/parsers.server/form-data/residence.parser.ts
FN:15,(anonymous_1)
FN:29,(anonymous_2)
FN:48,(anonymous_3)
FN:64,(anonymous_4)
FN:80,(anonymous_5)
FNF:5
FNH:5
FNDA:1,(anonymous_1)
FNDA:1,(anonymous_2)
FNDA:2,(anonymous_3)
FNDA:1,(anonymous_4)
FNDA:20,(anonymous_5)
DA:1,3
DA:4,3
DA:7,3
DA:8,3
DA:10,3
DA:16,1
DA:17,1
DA:30,1
DA:49,2
DA:50,2
DA:65,1
DA:81,20
DA:101,3
LF:13
LH:13
BRDA:62,0,0,1
BRDA:62,0,1,1
BRF:2
BRH:2
end_of_record
TN:
SF:src/lib/parsers.server/integration-data/files.parser.ts
FN:10,(anonymous_0)
FN:31,(anonymous_1)
FN:35,(anonymous_2)
FN:11,(anonymous_3)
FN:18,(anonymous_4)
FN:20,(anonymous_5)
FN:40,(anonymous_6)
FN:45,(anonymous_7)
FN:50,(anonymous_8)
FN:55,(anonymous_9)
FN:58,(anonymous_10)
FNF:11
FNH:11
FNDA:21,(anonymous_0)
FNDA:12,(anonymous_1)
FNDA:20,(anonymous_2)
FNDA:20,(anonymous_3)
FNDA:3,(anonymous_4)
FNDA:3,(anonymous_5)
FNDA:24,(anonymous_6)
FNDA:3,(anonymous_7)
FNDA:3,(anonymous_8)
FNDA:3,(anonymous_9)
FNDA:3,(anonymous_10)
DA:15,20
DA:19,3
DA:20,3
DA:22,3
DA:31,21
DA:35,12
DA:36,20
DA:43,24
DA:44,2
DA:46,3
DA:49,2
DA:51,3
DA:54,2
DA:55,3
DA:57,2
DA:59,3
DA:62,2
DA:69,22
DA:78,3
LF:19
LH:19
BRDA:15,0,0,20
BRDA:15,0,1,12
BRDA:24,1,0,1
BRDA:24,1,1,2
BRDA:24,2,0,3
BRDA:24,2,1,3
BRDA:24,3,0,1
BRDA:24,3,1,2
BRDA:24,4,0,3
BRDA:24,4,1,3
BRDA:43,5,0,2
BRDA:43,6,0,24
BRDA:43,6,1,19
BRF:13
BRH:13
end_of_record
TN:
SF:src/lib/request-handlers/manage-route.ts
FN:9,(anonymous_0)
FNF:1
FNH:1
FNDA:3,(anonymous_0)
DA:1,1
DA:3,1
DA:7,1
DA:9,1
DA:13,3
DA:19,2
LF:6
LH:6
BRDA:13,0,0,2
BRDA:15,1,0,3
BRDA:15,1,1,2
BRF:3
BRH:3
end_of_record
TN:
SF:src/lib/request-handlers/shared/authorize.ts
FN:9,(anonymous_0)
FNF:1
FNH:1
FNDA:7,(anonymous_0)
DA:1,2
DA:3,2
DA:4,2
DA:6,2
DA:7,2
DA:9,2
DA:10,7
DA:11,7
DA:12,7
DA:13,6
DA:14,6
DA:17,6
DA:19,1
LF:13
LH:13
BRDA:10,0,0,7
BRDA:10,0,1,6
BRDA:12,1,0,6
BRDA:12,2,0,7
BRDA:12,2,1,4
BRF:5
BRH:5
end_of_record
TN:
SF:src/lib/schemas/bank-account.schema.ts
FNF:0
FNH:0
DA:1,1
DA:3,1
DA:5,1
DA:30,1
DA:32,1
LF:5
LH:5
BRF:0
BRH:0
end_of_record
TN:
SF:src/lib/schemas/manage-applicants.schema.ts
FN:15,(anonymous_1)
FN:33,(anonymous_2)
FNF:2
FNH:2
FNDA:6,(anonymous_1)
FNDA:2,(anonymous_2)
DA:1,1
DA:3,1
DA:5,1
DA:7,1
DA:16,6
DA:17,1
DA:20,5
DA:24,1
DA:32,4
DA:33,2
DA:36,4
DA:37,1
DA:44,3
DA:48,1
DA:50,1
LF:15
LH:15
BRDA:16,0,0,1
BRDA:20,1,0,1
BRDA:21,2,0,5
BRDA:21,2,1,2
BRDA:21,3,0,1
BRDA:21,3,1,4
BRDA:21,4,0,5
BRDA:21,4,1,5
BRDA:32,5,0,2
BRDA:32,5,1,2
BRDA:32,6,0,4
BRDA:32,6,1,4
BRDA:32,7,0,1
BRDA:32,7,1,3
BRDA:32,8,0,4
BRDA:32,8,1,4
BRDA:36,9,0,1
BRF:17
BRH:17
end_of_record
TN:
SF:src/lib/schemas/validations.ts
FN:18,(anonymous_1)
FN:48,(anonymous_2)
FNF:2
FNH:2
FNDA:30,(anonymous_1)
FNDA:32,(anonymous_2)
DA:1,10
DA:2,10
DA:4,10
DA:5,10
DA:6,10
DA:8,10
DA:9,10
DA:12,10
DA:16,10
DA:19,30
DA:20,30
DA:21,30
DA:22,25
DA:24,5
DA:25,2
DA:29,3
DA:35,10
DA:40,10
DA:45,10
DA:49,32
LF:20
LH:20
BRDA:21,0,0,25
BRDA:21,1,0,30
BRDA:21,1,1,7
BRDA:24,2,0,2
BRDA:24,2,1,3
BRF:5
BRH:5
end_of_record
TN:
SF:src/lib/schemas/form-data/coapplicants.schema.ts
FN:16,(anonymous_1)
FN:31,(anonymous_2)
FN:48,(anonymous_3)
FNF:3
FNH:3
FNDA:7,(anonymous_1)
FNDA:8,(anonymous_2)
FNDA:14,(anonymous_3)
DA:1,1
DA:3,1
DA:4,1
DA:5,1
DA:7,1
DA:17,7
DA:18,1
DA:21,6
DA:25,1
DA:30,5
DA:31,8
DA:34,5
DA:35,1
DA:40,4
DA:44,1
DA:49,14
DA:50,2
DA:52,12
DA:68,1
DA:70,1
LF:20
LH:20
BRDA:17,0,0,1
BRDA:17,1,0,7
BRDA:17,1,1,7
BRDA:21,2,0,1
BRDA:22,3,0,6
BRDA:22,3,1,2
BRDA:22,4,0,4
BRDA:22,4,1,2
BRDA:22,5,0,6
BRDA:22,5,1,6
BRDA:34,6,0,1
BRDA:49,7,0,2
BRF:12
BRH:12
end_of_record
TN:
SF:src/lib/schemas/form-data/documents.schema.ts
FNF:0
FNH:0
DA:1,1
DA:3,1
DA:5,1
DA:12,1
DA:14,1
LF:5
LH:5
BRF:0
BRH:0
end_of_record
TN:
SF:src/lib/schemas/form-data/employment.schema.ts
FN:37,(anonymous_1)
FN:51,(anonymous_2)
FNF:2
FNH:2
FNDA:14,(anonymous_1)
FNDA:14,(anonymous_2)
DA:1,1
DA:3,1
DA:7,1
DA:9,1
DA:15,1
DA:38,14
DA:39,4
DA:41,10
DA:52,14
DA:53,4
DA:56,10
DA:86,1
DA:88,1
LF:13
LH:13
BRDA:38,0,0,4
BRDA:38,0,1,10
BRDA:52,1,0,4
BRF:3
BRH:3
end_of_record
TN:
SF:src/lib/schemas/form-data/general.schema.ts
FN:14,(anonymous_1)
FNF:1
FNH:1
FNDA:10,(anonymous_1)
DA:1,1
DA:3,1
DA:8,1
DA:9,1
DA:11,1
DA:15,10
DA:16,2
DA:18,8
DA:45,1
DA:47,1
LF:10
LH:10
BRDA:15,0,0,2
BRF:1
BRH:1
end_of_record
TN:
SF:src/lib/schemas/form-data/personal-details.schema.ts
FN:56,(anonymous_1)
FN:145,(anonymous_2)
FN:154,(anonymous_3)
FN:165,(anonymous_4)
FN:173,(anonymous_5)
FN:184,(anonymous_6)
FN:196,(anonymous_7)
FNF:7
FNH:7
FNDA:11,(anonymous_1)
FNDA:38,(anonymous_2)
FNDA:36,(anonymous_3)
FNDA:36,(anonymous_4)
FNDA:36,(anonymous_5)
FNDA:38,(anonymous_6)
FNDA:36,(anonymous_7)
DA:1,1
DA:2,1
DA:4,1
DA:9,1
DA:11,1
DA:25,1
DA:45,1
DA:52,1
DA:57,11
DA:59,11
DA:146,38
DA:147,4
DA:150,34
DA:158,36
DA:166,36
DA:177,36
DA:188,38
DA:202,36
DA:234,1
DA:236,1
LF:20
LH:20
BRDA:146,0,0,4
BRDA:158,1,0,36
BRDA:158,1,1,33
BRDA:177,2,0,36
BRDA:177,2,1,33
BRDA:188,3,0,38
BRDA:188,3,1,34
BRDA:203,4,0,36
BRDA:203,4,1,36
BRDA:203,4,2,32
BRDA:203,4,3,32
BRF:11
BRH:11
end_of_record
TN:
SF:src/lib/schemas/form-data/residence.schema.ts
FN:19,(anonymous_1)
FN:31,(anonymous_2)
FN:41,(anonymous_3)
FN:53,(anonymous_4)
FN:66,(anonymous_5)
FN:78,(anonymous_6)
FNF:6
FNH:6
FNDA:19,(anonymous_1)
FNDA:20,(anonymous_2)
FNDA:20,(anonymous_3)
FNDA:21,(anonymous_4)
FNDA:8,(anonymous_5)
FNDA:1,(anonymous_6)
DA:1,4
DA:3,4
DA:5,4
DA:6,4
DA:8,4
DA:10,4
DA:20,19
DA:21,14
DA:23,5
DA:32,20
DA:33,14
DA:36,6
DA:42,20
DA:43,14
DA:46,6
DA:54,21
DA:55,14
DA:58,7
DA:62,4
DA:67,8
DA:69,8
DA:70,2
DA:73,6
DA:79,1
DA:95,4
DA:97,4
LF:26
LH:26
BRDA:20,0,0,14
BRDA:20,0,1,5
BRDA:32,1,0,14
BRDA:42,2,0,14
BRDA:54,3,0,14
BRDA:69,4,0,2
BRF:6
BRH:6
end_of_record
TN:
SF:src/lib/utils/application-data.ts
FN:3,(anonymous_1)
FNF:1
FNH:1
FNDA:22,(anonymous_1)
DA:1,1
DA:3,1
DA:7,22
LF:3
LH:3
BRF:0
BRH:0
end_of_record
TN:
SF:src/lib/utils/application-fee.ts
FN:8,(anonymous_0)
FNF:1
FNH:1
FNDA:7,(anonymous_0)
DA:1,2
DA:3,2
DA:8,2
DA:9,7
LF:4
LH:4
BRDA:9,0,0,7
BRDA:9,0,1,5
BRF:2
BRH:2
end_of_record
TN:
SF:src/lib/utils/cards.ts
FN:3,addCard
FN:13,removeCard
FNF:2
FNH:2
FNDA:3,addCard
FNDA:1,removeCard
DA:1,1
DA:3,1
DA:4,3
DA:13,1
DA:17,1
DA:18,1
LF:6
LH:6
BRF:0
BRH:0
end_of_record
TN:
SF:src/lib/utils/cookie-management.ts
FN:7,(anonymous_0)
FN:29,(anonymous_1)
FN:41,(anonymous_2)
FN:47,(anonymous_3)
FNF:4
FNH:4
FNDA:4,(anonymous_0)
FNDA:1,(anonymous_1)
FNDA:7,(anonymous_2)
FNDA:10,(anonymous_3)
DA:7,5
DA:13,4
DA:14,4
DA:15,1
DA:16,3
DA:17,1
DA:20,4
DA:22,4
DA:23,3
DA:26,4
DA:29,5
DA:35,1
DA:41,5
DA:42,7
DA:43,2
DA:46,5
DA:47,5
DA:48,10
DA:50,10
DA:51,2
DA:54,8
DA:60,5
LF:22
LH:22
BRDA:14,0,0,1
BRDA:14,0,1,3
BRDA:14,1,0,1
BRDA:14,1,1,3
BRDA:14,2,0,4
BRDA:14,2,1,3
BRDA:16,3,0,1
BRDA:16,4,0,1
BRDA:16,4,1,2
BRDA:16,5,0,3
BRDA:16,5,1,2
BRDA:22,6,0,3
BRDA:22,7,0,1
BRDA:22,7,1,3
BRDA:22,8,0,4
BRDA:22,8,1,3
BRDA:33,9,0,1
BRDA:42,10,0,2
BRDA:50,11,0,2
BRDA:50,12,0,10
BRDA:50,12,1,9
BRF:21
BRH:21
end_of_record
TN:
SF:src/lib/utils/date-input.ts
FN:9,getMonthDays
FN:22,getCalendarDays
FN:59,getYears
FNF:3
FNH:3
FNDA:30,getMonthDays
FNDA:2,getCalendarDays
FNDA:1,getYears
DA:1,1
DA:9,1
DA:10,30
DA:11,30
DA:12,30
DA:13,914
DA:19,30
DA:22,1
DA:23,2
DA:24,2
DA:25,2
DA:27,2
DA:30,2
DA:31,2
DA:32,2
DA:33,2
DA:34,2
DA:35,1
DA:36,1
DA:38,2
DA:41,2
DA:44,2
DA:45,2
DA:47,2
DA:48,1
DA:49,1
DA:52,2
DA:53,2
DA:56,2
DA:59,1
DA:60,1
DA:61,1
DA:62,21
DA:64,1
DA:67,1
LF:35
LH:35
BRDA:31,0,0,2
BRDA:34,1,0,1
BRDA:47,2,0,1
BRF:3
BRH:3
end_of_record
TN:
SF:src/lib/utils/date.ts
FN:18,(anonymous_1)
FN:41,(anonymous_2)
FN:45,(anonymous_3)
FN:51,(anonymous_4)
FN:59,(anonymous_5)
FN:91,(anonymous_6)
FN:91,(anonymous_7)
FN:102,(anonymous_8)
FN:110,(anonymous_9)
FN:117,(anonymous_10)
FNF:10
FNH:10
FNDA:59,(anonymous_1)
FNDA:28,(anonymous_2)
FNDA:56,(anonymous_3)
FNDA:1,(anonymous_4)
FNDA:3,(anonymous_5)
FNDA:18,(anonymous_6)
FNDA:19,(anonymous_7)
FNDA:5,(anonymous_8)
FNDA:7,(anonymous_9)
FNDA:6,(anonymous_10)
DA:1,6
DA:2,6
DA:6,6
DA:13,6
DA:14,6
DA:16,6
DA:18,6
DA:19,59
DA:20,59
DA:24,59
DA:26,59
DA:27,30
DA:30,29
DA:31,28
DA:33,28
DA:36,1
DA:41,6
DA:42,28
DA:45,6
DA:46,56
DA:48,56
DA:51,6
DA:54,1
DA:56,1
DA:59,6
DA:63,3
DA:64,3
DA:66,3
DA:68,3
DA:69,1
DA:76,2
DA:77,2
DA:78,1
DA:84,1
DA:90,6
DA:91,18
DA:92,19
DA:93,3
DA:96,16
DA:97,16
DA:99,16
DA:102,6
DA:106,5
DA:107,1
DA:110,7
DA:112,4
DA:114,4
DA:117,6
DA:118,6
DA:119,6
DA:121,6
LF:51
LH:51
BRDA:26,0,0,30
BRDA:30,1,0,28
BRDA:68,2,0,1
BRDA:77,3,0,1
BRDA:92,4,0,3
BRDA:106,5,0,1
BRF:6
BRH:6
end_of_record
TN:
SF:src/lib/utils/dependents.ts
FN:5,(anonymous_0)
FN:6,(anonymous_1)
FNF:2
FNH:2
FNDA:3,(anonymous_0)
FNDA:4,(anonymous_1)
DA:3,1
DA:5,1
DA:6,3
DA:7,4
DA:8,4
DA:9,1
DA:12,3
DA:15,3
LF:8
LH:8
BRDA:8,0,0,1
BRF:1
BRH:1
end_of_record
TN:
SF:src/lib/utils/enter-callback.ts
FN:1,(anonymous_0)
FN:2,(anonymous_1)
FNF:2
FNH:2
FNDA:2,(anonymous_0)
FNDA:2,(anonymous_1)
DA:1,1
DA:2,2
DA:3,2
DA:4,1
DA:9,1
LF:5
LH:5
BRDA:3,0,0,1
BRDA:3,1,0,2
BRDA:3,1,1,1
BRF:3
BRH:3
end_of_record
TN:
SF:src/lib/utils/get-credentials.server.ts
FN:19,(anonymous_1)
FNF:1
FNH:1
FNDA:5,(anonymous_1)
DA:1,3
DA:3,3
DA:4,3
DA:6,3
DA:19,3
DA:20,5
DA:21,5
DA:22,4
DA:23,1
DA:25,1
DA:30,4
DA:31,4
LF:12
LH:12
BRDA:21,0,0,2
BRF:1
BRH:1
end_of_record
TN:
SF:src/lib/utils/get-last-four-digits.ts
FN:7,(anonymous_0)
FNF:1
FNH:1
FNDA:6,(anonymous_0)
DA:1,1
DA:3,1
DA:7,1
DA:8,6
DA:10,3
DA:11,1
DA:13,2
LF:7
LH:7
BRDA:10,0,0,1
BRDA:10,0,1,2
BRF:2
BRH:2
end_of_record
TN:
SF:src/lib/utils/get-payment-summary.ts
FN:12,(anonymous_0)
FN:25,(anonymous_1)
FN:42,(anonymous_2)
FNF:3
FNH:3
FNDA:3,(anonymous_0)
FNDA:2,(anonymous_1)
FNDA:4,(anonymous_2)
DA:1,1
DA:3,1
DA:8,1
DA:12,1
DA:15,3
DA:16,3
DA:17,3
DA:18,3
DA:20,3
DA:24,1
DA:25,2
DA:35,1
DA:36,1
DA:38,2
DA:41,2
DA:43,4
DA:45,2
DA:46,2
DA:49,3
LF:19
LH:19
BRDA:20,0,0,1
BRDA:20,0,1,2
BRDA:21,1,0,3
BRDA:21,1,1,1
BRF:4
BRH:4
end_of_record
TN:
SF:src/lib/utils/gtm.ts
FN:1,trackGTMEvent
FNF:1
FNH:1
FNDA:4,trackGTMEvent
DA:1,1
DA:6,4
DA:7,3
DA:9,2
DA:10,2
LF:5
LH:5
BRDA:6,0,0,1
BRDA:7,1,0,1
BRDA:9,2,0,2
BRDA:9,2,1,1
BRF:4
BRH:4
end_of_record
TN:
SF:src/lib/utils/json-casing-parser.ts
FN:5,(anonymous_0)
FN:10,(anonymous_1)
FN:13,(anonymous_2)
FN:24,(anonymous_3)
FN:27,(anonymous_4)
FN:37,(anonymous_5)
FN:46,(anonymous_6)
FNF:7
FNH:7
FNDA:4,(anonymous_0)
FNDA:7,(anonymous_1)
FNDA:11,(anonymous_2)
FNDA:16,(anonymous_3)
FNDA:23,(anonymous_4)
FNDA:7,(anonymous_5)
FNDA:37,(anonymous_6)
DA:1,4
DA:2,4
DA:3,4
DA:5,4
DA:6,4
DA:7,4
DA:10,4
DA:11,7
DA:14,11
DA:15,11
DA:16,11
DA:17,11
DA:21,7
DA:24,4
DA:25,16
DA:28,23
DA:29,23
DA:30,23
DA:34,16
DA:37,4
DA:41,7
DA:42,7
DA:44,7
DA:47,37
DA:48,7
DA:51,30
DA:52,16
DA:55,14
DA:59,7
DA:60,1
DA:63,6
DA:65,6
LF:32
LH:32
BRDA:5,0,0,4
BRDA:5,0,1,4
BRDA:42,1,0,1
BRDA:42,1,1,6
BRDA:47,2,0,7
BRDA:51,3,0,16
BRDA:59,4,0,1
BRF:7
BRH:7
end_of_record
TN:
SF:src/lib/utils/parse-to-applicants-list.ts
FN:3,(anonymous_0)
FN:8,(anonymous_1)
FNF:2
FNH:2
FNDA:2,(anonymous_0)
FNDA:1,(anonymous_1)
DA:3,1
DA:7,2
DA:8,1
DA:18,2
LF:4
LH:4
BRF:0
BRH:0
end_of_record
TN:
SF:src/lib/utils/payment-info.ts
FN:3,(anonymous_0)
FNF:1
FNH:1
FNDA:5,(anonymous_0)
DA:1,1
DA:3,1
DA:10,5
DA:11,5
DA:13,5
DA:14,2
DA:16,3
DA:17,3
DA:18,3
DA:21,5
LF:10
LH:10
BRDA:13,0,0,2
BRDA:13,0,1,3
BRDA:14,1,0,1
BRDA:14,1,1,1
BRDA:14,2,0,2
BRDA:14,2,1,2
BRDA:14,3,0,1
BRDA:14,3,1,1
BRDA:14,4,0,2
BRDA:14,4,1,1
BRDA:16,5,0,2
BRDA:16,5,1,1
BRDA:17,6,0,2
BRDA:17,6,1,1
BRDA:17,7,0,3
BRDA:17,7,1,3
BRDA:18,8,0,2
BRDA:18,8,1,1
BRDA:18,9,0,3
BRDA:18,9,1,3
BRF:20
BRH:20
end_of_record
TN:
SF:src/lib/utils/session.ts
FN:10,(anonymous_1)
FN:16,(anonymous_2)
FN:16,(anonymous_3)
FN:34,(anonymous_4)
FN:38,(anonymous_5)
FN:52,(anonymous_6)
FNF:6
FNH:6
FNDA:1,(anonymous_1)
FNDA:6,(anonymous_2)
FNDA:4,(anonymous_3)
FNDA:1,(anonymous_4)
FNDA:4,(anonymous_5)
FNDA:1,(anonymous_6)
DA:1,1
DA:2,1
DA:3,1
DA:5,1
DA:7,1
DA:8,1
DA:10,1
DA:11,1
DA:12,1
DA:16,6
DA:17,4
DA:19,4
DA:20,4
DA:21,3
DA:22,3
DA:23,1
DA:25,1
DA:28,2
DA:30,2
DA:34,1
DA:35,1
DA:38,1
DA:39,4
DA:40,4
DA:42,1
DA:43,1
DA:44,1
DA:46,4
DA:47,4
DA:52,1
DA:53,1
LF:31
LH:31
BRDA:11,0,0,1
BRDA:20,1,0,3
BRDA:20,1,1,1
BRDA:46,2,0,4
BRF:4
BRH:4
end_of_record
TN:
SF:src/lib/utils/validator.ts
FN:5,(anonymous_0)
FN:11,(anonymous_1)
FN:15,(anonymous_2)
FN:33,(anonymous_3)
FN:37,(anonymous_4)
FN:38,(anonymous_5)
FNF:6
FNH:6
FNDA:15,(anonymous_0)
FNDA:13,(anonymous_1)
FNDA:7,(anonymous_2)
FNDA:8,(anonymous_3)
FNDA:5,(anonymous_4)
FNDA:6,(anonymous_5)
DA:1,12
DA:6,15
DA:9,13
DA:12,13
DA:16,7
DA:17,7
DA:22,1
DA:24,6
DA:25,5
DA:26,5
DA:29,1
DA:34,8
DA:38,5
DA:39,6
DA:40,1
DA:43,5
DA:51,12
LF:17
LH:17
BRDA:24,0,0,5
BRDA:39,1,0,1
BRDA:39,2,0,6
BRDA:39,2,1,6
BRF:4
BRH:4
end_of_record
TN:
SF:src/lib/utils/documents/create-file-info.ts
FN:5,(anonymous_0)
FNF:1
FNH:1
FNDA:1,(anonymous_0)
DA:5,1
DA:8,1
DA:9,1
DA:10,4
DA:11,4
DA:12,1
DA:13,1
DA:14,1
DA:15,1
DA:16,1
DA:19,1
LF:11
LH:11
BRF:0
BRH:0
end_of_record
TN:
SF:src/lib/utils/documents/find-document-and-execute.ts
FN:3,(anonymous_0)
FN:14,(anonymous_1)
FN:15,(anonymous_2)
FNF:3
FNH:3
FNDA:2,(anonymous_0)
FNDA:1,(anonymous_1)
FNDA:1,(anonymous_2)
DA:3,1
DA:12,2
DA:13,2
DA:14,7
DA:15,1
DA:16,1
DA:17,1
LF:7
LH:7
BRDA:14,0,0,1
BRDA:16,1,0,1
BRF:2
BRH:2
end_of_record
TN:
SF:src/lib/utils/documents/merge-incoming-files.ts
FN:5,(anonymous_0)
FN:17,(anonymous_1)
FN:22,(anonymous_2)
FN:26,(anonymous_3)
FN:36,(anonymous_4)
FN:40,(anonymous_5)
FNF:6
FNH:6
FNDA:12,(anonymous_0)
FNDA:5,(anonymous_1)
FNDA:11,(anonymous_2)
FNDA:11,(anonymous_3)
FNDA:1,(anonymous_4)
FNDA:4,(anonymous_5)
DA:3,1
DA:5,1
DA:6,12
DA:7,11
DA:8,11
DA:9,11
DA:10,11
DA:11,11
DA:14,12
DA:17,1
DA:21,5
DA:22,11
DA:24,5
DA:26,5
DA:27,11
DA:28,10
DA:29,10
DA:32,1
DA:36,1
DA:40,1
DA:41,4
DA:47,1
LF:22
LH:22
BRDA:6,0,0,11
BRDA:27,1,0,10
BRF:2
BRH:2
end_of_record
TN:
SF:src/lib/utils/logger/index.ts
FN:7,(anonymous_1)
FN:11,(anonymous_2)
FN:15,(anonymous_3)
FN:19,(anonymous_4)
FN:23,(anonymous_5)
FNF:5
FNH:5
FNDA:2,(anonymous_1)
FNDA:2,(anonymous_2)
FNDA:33,(anonymous_3)
FNDA:2,(anonymous_4)
FNDA:8,(anonymous_5)
DA:5,6
DA:8,2
DA:12,2
DA:16,33
DA:20,2
DA:24,8
DA:25,8
DA:27,8
DA:28,6
DA:29,6
DA:32,8
DA:36,6
LF:12
LH:12
BRDA:11,0,0,2
BRDA:15,1,0,13
BRDA:19,2,0,2
BRDA:23,3,0,2
BRDA:27,4,0,6
BRF:5
BRH:5
end_of_record
TN:
SF:src/lib/utils/logger/logger.base.ts
FNF:0
FNH:0
DA:3,1
LF:1
LH:1
BRF:0
BRH:0
end_of_record
TN:
SF:src/lib/utils/logger/logger.client.ts
FN:13,(anonymous_0)
FN:19,(anonymous_1)
FNF:2
FNH:2
FNDA:1,(anonymous_0)
FNDA:4,(anonymous_1)
DA:1,1
DA:6,1
DA:10,1
DA:14,1
DA:15,1
DA:16,1
DA:20,4
LF:7
LH:7
BRF:0
BRH:0
end_of_record
TN:
SF:src/lib/utils/logger/logger.server.ts
FN:15,(anonymous_0)
FN:38,(anonymous_1)
FNF:2
FNH:2
FNDA:1,(anonymous_0)
FNDA:4,(anonymous_1)
DA:1,1
DA:8,1
DA:12,1
DA:16,1
DA:18,1
DA:20,1
DA:33,1
DA:34,1
DA:39,4
LF:9
LH:9
BRDA:33,0,0,1
BRF:1
BRH:1
end_of_record
TN:
SF:src/lib/utils/parsers/date-input.ts
FN:4,parse
FN:12,parseString
FN:24,parseUint
FN:42,parseToken
FN:76,twoDigit
FN:83,(anonymous_6)
FN:88,(anonymous_7)
FN:91,(anonymous_8)
FN:94,toText
FNF:9
FNH:9
FNDA:12,parse
FNDA:13,parseString
FNDA:20,parseUint
FNDA:33,parseToken
FNDA:20,twoDigit
FNDA:4,(anonymous_6)
FNDA:4,(anonymous_7)
FNDA:4,(anonymous_8)
FNDA:4,toText
DA:1,1
DA:4,1
DA:5,12
DA:6,12
DA:7,12
DA:8,12
DA:9,12
DA:10,12
DA:13,13
DA:14,13
DA:15,8
DA:17,5
DA:18,5
DA:19,5
DA:25,20
DA:27,20
DA:28,19
DA:29,19
DA:30,19
DA:31,4
DA:32,4
DA:34,15
DA:37,1
DA:38,1
DA:45,33
DA:46,13
DA:47,20
DA:48,2
DA:49,2
DA:50,18
DA:51,12
DA:52,12
DA:53,6
DA:54,6
DA:55,6
DA:59,12
DA:60,33
DA:61,33
DA:64,12
DA:66,12
DA:67,1
DA:70,12
DA:76,1
DA:77,20
DA:80,1
DA:83,4
DA:88,4
DA:91,4
DA:94,1
DA:104,4
DA:105,4
DA:106,3
DA:107,15
DA:108,6
DA:110,9
DA:114,4
LF:56
LH:56
BRDA:7,0,0,12
BRDA:7,0,1,11
BRDA:14,1,0,8
BRDA:14,1,1,5
BRDA:18,2,0,4
BRDA:27,3,0,19
BRDA:27,3,1,1
BRDA:30,4,0,4
BRDA:30,4,1,15
BRDA:30,5,0,19
BRDA:30,5,1,17
BRDA:45,6,0,13
BRDA:45,6,1,20
BRDA:47,7,0,2
BRDA:47,7,1,18
BRDA:49,8,0,2
BRDA:50,9,0,12
BRDA:50,9,1,6
BRDA:52,10,0,9
BRDA:53,11,0,6
BRDA:55,12,0,4
BRDA:61,13,0,10
BRDA:66,14,0,1
BRDA:71,15,0,1
BRDA:71,15,1,11
BRDA:105,16,0,3
BRDA:107,17,0,6
BRDA:107,17,1,9
BRF:28
BRH:28
end_of_record
TN:
SF:src/lib/utils/parsers/form-parser.ts
FN:1,(anonymous_0)
FN:9,(anonymous_1)
FNF:2
FNH:2
FNDA:27,(anonymous_0)
FNDA:36,(anonymous_1)
DA:1,4
DA:2,27
DA:3,22
DA:6,5
DA:9,4
DA:10,36
DA:11,31
LF:7
LH:7
BRDA:2,0,0,22
BRDA:3,1,0,21
BRDA:3,1,1,1
BRDA:10,2,0,31
BRDA:10,3,0,36
BRDA:10,3,1,32
BRF:6
BRH:6
end_of_record
TN:
SF:src/lib/utils/parsers/string-to-null.ts
FN:1,parseStringToNull
FN:4,(anonymous_1)
FNF:2
FNH:2
FNDA:1,parseStringToNull
FNDA:2,(anonymous_1)
DA:1,1
DA:4,1
DA:5,2
DA:6,1
DA:9,1
DA:12,1
LF:6
LH:6
BRDA:5,0,0,1
BRF:1
BRH:1
end_of_record
TN:
SF:src/lib/utils/property/convert-pu-code.ts
FN:8,(anonymous_0)
FNF:1
FNH:1
FNDA:4,(anonymous_0)
DA:1,1
DA:3,1
DA:8,1
DA:9,4
DA:11,1
LF:5
LH:5
BRF:0
BRH:0
end_of_record
TN:
SF:src/lib/utils/property/parse-address.ts
FN:3,(anonymous_0)
FNF:1
FNH:1
FNDA:8,(anonymous_0)
DA:3,1
DA:6,8
DA:8,8
DA:9,8
DA:10,8
DA:12,8
LF:6
LH:6
BRDA:6,0,0,4
BRDA:6,1,0,4
BRDA:6,2,0,4
BRDA:6,3,0,4
BRDA:9,4,0,4
BRDA:9,4,1,4
BRDA:9,5,0,4
BRDA:9,5,1,2
BRDA:10,6,0,6
BRDA:10,6,1,2
BRDA:10,7,0,6
BRDA:10,7,1,3
BRF:12
BRH:12
end_of_record
TN:
SF:src/lib/utils/redirect-urls/redirects.ts
FN:13,(anonymous_0)
FN:15,(anonymous_1)
FN:18,(anonymous_2)
FN:23,(anonymous_3)
FN:31,(anonymous_4)
FNF:5
FNH:5
FNDA:9,(anonymous_0)
FNDA:11,(anonymous_1)
FNDA:4,(anonymous_2)
FNDA:4,(anonymous_3)
FNDA:12,(anonymous_4)
DA:1,7
DA:5,7
DA:7,7
DA:13,9
DA:15,7
DA:16,11
DA:18,7
DA:19,4
DA:23,7
DA:24,4
DA:25,4
DA:26,4
DA:31,7
DA:32,12
LF:14
LH:14
BRDA:20,0,0,2
BRDA:20,0,1,2
BRDA:20,1,0,4
BRDA:20,1,1,4
BRDA:20,2,0,1
BRDA:20,2,1,3
BRDA:20,3,0,4
BRDA:20,3,1,4
BRDA:24,4,0,1
BRDA:24,4,1,3
BRDA:24,5,0,4
BRDA:24,5,1,4
BRDA:25,6,0,2
BRDA:25,6,1,2
BRDA:27,7,0,2
BRDA:27,7,1,2
BRDA:27,8,0,4
BRDA:27,8,1,4
BRDA:27,9,0,1
BRDA:27,9,1,3
BRDA:27,10,0,4
BRDA:27,10,1,4
BRDA:32,11,0,8
BRDA:32,11,1,4
BRDA:32,12,0,12
BRDA:32,12,1,12
BRDA:32,13,0,2
BRDA:32,13,1,10
BRDA:32,14,0,12
BRDA:32,14,1,12
BRDA:32,15,0,1
BRDA:32,15,1,11
BRDA:32,16,0,12
BRDA:32,16,1,12
BRF:34
BRH:34
end_of_record
TN:
SF:src/routes/lease/redirect-multiple-applications.ts
FN:12,(anonymous_0)
FN:15,(anonymous_1)
FNF:2
FNH:2
FNDA:8,(anonymous_0)
FNDA:5,(anonymous_1)
DA:1,3
DA:5,3
DA:11,3
DA:12,3
DA:13,8
DA:15,3
DA:19,5
DA:20,2
DA:23,3
DA:24,2
DA:27,1
LF:11
LH:11
BRDA:19,0,0,2
BRDA:23,1,0,2
BRF:2
BRH:2
end_of_record
TN:
SF:src/routes/lease/redirect-single-application.ts
FN:68,(anonymous_0)
FNF:1
FNH:1
FNDA:11,(anonymous_0)
DA:1,3
DA:6,3
DA:19,3
DA:24,3
DA:29,3
DA:42,3
DA:51,3
DA:68,3
DA:72,11
DA:73,11
DA:77,11
DA:78,11
DA:80,11
DA:81,2
DA:84,9
DA:86,9
DA:92,1
DA:93,1
DA:96,8
LF:19
LH:19
BRDA:73,0,0,4
BRDA:73,0,1,7
BRDA:80,1,0,2
BRDA:80,2,0,11
BRDA:80,2,1,10
BRDA:84,3,0,5
BRDA:84,3,1,4
BRDA:84,4,0,9
BRDA:84,4,1,9
BRDA:84,5,0,4
BRDA:84,5,1,5
BRDA:84,6,0,9
BRDA:84,6,1,9
BRDA:86,7,0,1
BRDA:87,8,0,9
BRDA:87,8,1,5
BRDA:87,8,2,5
BRDA:87,8,3,5
BRF:18
BRH:18
end_of_record
TN:
SF:src/routes/lease/redirect.ts
FN:13,(anonymous_0)
FNF:1
FNH:1
FNDA:10,(anonymous_0)
DA:5,2
DA:10,2
DA:11,2
DA:13,2
DA:17,10
DA:18,10
DA:20,10
DA:21,4
DA:22,2
DA:27,2
DA:30,6
DA:31,1
DA:34,5
LF:13
LH:13
BRDA:20,0,0,4
BRDA:21,1,0,2
BRDA:30,2,0,1
BRF:3
BRH:3
end_of_record
TN:
SF:src/routes/lease/applications/[applicationId]/redirect.ts
FN:12,(anonymous_0)
FNF:1
FNH:1
FNDA:8,(anonymous_0)
DA:1,1
DA:6,1
DA:12,1
DA:14,8
DA:15,8
DA:22,8
DA:23,4
DA:26,4
DA:27,4
DA:28,4
DA:29,4
DA:30,4
DA:32,4
DA:33,3
DA:34,2
DA:35,1
DA:37,1
DA:39,1
DA:40,1
DA:42,1
DA:43,1
LF:21
LH:21
BRDA:22,0,0,4
BRDA:30,1,0,3
BRDA:30,1,1,1
BRDA:30,2,0,4
BRDA:30,2,1,4
BRDA:30,3,0,3
BRDA:30,3,1,1
BRDA:30,4,0,4
BRDA:30,4,1,4
BRDA:32,5,0,3
BRDA:32,5,1,1
BRDA:33,6,0,2
BRDA:33,6,1,1
BRDA:34,7,0,1
BRDA:34,7,1,1
BRDA:34,8,0,2
BRDA:34,8,1,1
BRDA:39,9,0,1
BRDA:39,10,0,1
BRDA:39,10,1,1
BRDA:42,11,0,1
BRDA:42,12,0,1
BRDA:42,12,1,1
BRF:23
BRH:23
end_of_record
